2024-10-25 20:48:06,365 - INFO - Genesis block created with hash: 0fb1bd27c7c28ec7a08f064e94cc881896f48aee9343df1362016c620f6326dc
2024-10-25 20:48:06,365 - INFO - Blockchain created with initial difficulty: 4
2024-10-25 20:48:06,365 - DEBUG - Retrieved latest block with hash: 0fb1bd27c7c28ec7a08f064e94cc881896f48aee9343df1362016c620f6326dc
2024-10-25 20:48:06,365 - DEBUG - Retrieved latest block with hash: 0fb1bd27c7c28ec7a08f064e94cc881896f48aee9343df1362016c620f6326dc
2024-10-25 20:48:06,365 - DEBUG - Retrieved latest block with hash: 0fb1bd27c7c28ec7a08f064e94cc881896f48aee9343df1362016c620f6326dc
2024-10-25 20:48:08,020 - INFO - New block added with hash: 0000d802abb0de709c2a91d3e0e640e7866c11700031ae159cdc24286fc4296e
2024-10-25 20:48:08,020 - INFO - Blockchain validation succeeded.
2024-10-25 20:48:08,021 - DEBUG - Retrieved latest block with hash: 0000d802abb0de709c2a91d3e0e640e7866c11700031ae159cdc24286fc4296e
2024-10-25 20:48:08,021 - DEBUG - Retrieved latest block with hash: 0000d802abb0de709c2a91d3e0e640e7866c11700031ae159cdc24286fc4296e
2024-10-25 20:48:09,589 - INFO - New block added with hash: 0000663356d310bc302746d3900a8054b234f502554d0eaf7b49787290252cfc
2024-10-25 20:48:09,589 - INFO - Blockchain validation succeeded.
2024-10-25 20:48:09,589 - INFO - All assertions passed for Blockchain class.
2024-10-25 22:51:45,184 - INFO - Genesis block created: Block(Previous Hash: 0..., Hash: 887ca9..., Nonce: 0, Transactions: [Transaction(Sender: 237..., Recipient: 256..., Amount: 0)])
2024-10-25 22:51:45,184 - INFO - Blockchain created with initial difficulty: 4
2024-10-25 22:51:45,184 - DEBUG - Retrieved latest block: Block(Previous Hash: 0..., Hash: 887ca9..., Nonce: 0, Transactions: [Transaction(Sender: 237..., Recipient: 256..., Amount: 0)])
2024-10-25 22:52:05,304 - INFO - Genesis block created: Block(Previous Hash: 0..., Hash: 5cb5c5..., Nonce: 0, Transactions: [Transaction(Sender: 226..., Recipient: 183..., Amount: 0)])
2024-10-25 22:52:05,304 - INFO - Blockchain created with initial difficulty: 4
2024-10-25 22:52:05,304 - DEBUG - Retrieved latest block: Block(Previous Hash: 0..., Hash: 5cb5c5..., Nonce: 0, Transactions: [Transaction(Sender: 226..., Recipient: 183..., Amount: 0)])
2024-10-25 22:52:06,863 - DEBUG - Retrieved latest block: Block(Previous Hash: 0..., Hash: 5cb5c5..., Nonce: 0, Transactions: [Transaction(Sender: 226..., Recipient: 183..., Amount: 0)])
2024-10-25 22:52:06,863 - INFO - New block added: Block(Previous Hash: 5cb5c5..., Hash: 000032..., Nonce: 39530, Transactions: [Transaction(Sender: 238..., Recipient: 298..., Amount: 10), Transaction(Sender: 238..., Recipient: 298..., Amount: 20)])
2024-10-25 22:52:06,863 - INFO - Blockchain validation succeeded.
2024-10-25 22:52:06,864 - INFO - All assertions passed for Blockchain class.
2024-10-26 13:34:02,810 - INFO - Genesis block created: Block(Previous Hash: 0..., Hash: 78e1a0..., Nonce: 0, Transactions: [Transaction(Sender: 199..., Recipient: 228..., Amount: 0)])
2024-10-26 13:34:02,810 - INFO - Blockchain created with initial difficulty: 4
2024-10-26 13:34:02,810 - DEBUG - Retrieved latest block: Block(Previous Hash: 0..., Hash: 78e1a0..., Nonce: 0, Transactions: [Transaction(Sender: 199..., Recipient: 228..., Amount: 0)])
2024-10-26 13:34:03,019 - DEBUG - Retrieved latest block: Block(Previous Hash: 0..., Hash: 78e1a0..., Nonce: 0, Transactions: [Transaction(Sender: 199..., Recipient: 228..., Amount: 0)])
2024-10-26 13:34:03,019 - INFO - New block added: Block(Previous Hash: 78e1a0..., Hash: 00006e..., Nonce: 5276, Transactions: [Transaction(Sender: 262..., Recipient: 264..., Amount: 10), Transaction(Sender: 262..., Recipient: 264..., Amount: 20)])
2024-10-26 13:34:03,020 - INFO - Blockchain validation succeeded.
2024-10-26 13:34:03,020 - INFO - All assertions passed for Blockchain class.
2024-10-26 23:07:12,248 - INFO - Genesis block created: Block(Previous Hash: 0..., Hash: 86a792..., Nonce: 0, Transactions: [Transaction(Sender: 228..., Recipient: 223..., Amount: 0)])
2024-10-26 23:07:12,248 - INFO - Blockchain created with initial difficulty: 2
2024-10-26 23:09:06,721 - INFO - Genesis block created: Block(Previous Hash: 0..., Hash: c2500d..., Nonce: 0, Transactions: [Transaction(Sender: 273..., Recipient: 249..., Amount: 0)])
2024-10-26 23:09:06,721 - INFO - Blockchain created with initial difficulty: 2
2024-10-26 23:09:09,984 - INFO - Genesis block created: Block(Previous Hash: 0..., Hash: 251ce8..., Nonce: 0, Transactions: [Transaction(Sender: 299..., Recipient: 184..., Amount: 0)])
2024-10-26 23:09:09,984 - INFO - Blockchain created with initial difficulty: 2
2024-11-02 17:00:07,458 - INFO - Genesis block created: Block(Previous Hash: 0..., Hash: edc61c..., Nonce: 0, Transactions: [Transaction(Sender: 286..., Recipient: 253..., Amount: 0)])
2024-11-02 17:00:07,458 - INFO - Blockchain created with initial difficulty: 4
2024-11-02 17:00:12,830 - DEBUG - Retrieved latest block: Block(Previous Hash: 0..., Hash: edc61c..., Nonce: 0, Transactions: [Transaction(Sender: 286..., Recipient: 253..., Amount: 0)])
2024-11-02 17:00:12,831 - INFO - New block added: Block(Previous Hash: edc61c..., Hash: 000083..., Nonce: 126780, Transactions: [Transaction(Sender: 253..., Recipient: 173..., Amount: 10), Transaction(Sender: 241..., Recipient: 270..., Amount: 20)])
2024-11-02 17:00:14,744 - DEBUG - Retrieved latest block: Block(Previous Hash: edc61c..., Hash: 000083..., Nonce: 126780, Transactions: [Transaction(Sender: 253..., Recipient: 173..., Amount: 10), Transaction(Sender: 241..., Recipient: 270..., Amount: 20)])
2024-11-02 17:00:14,744 - INFO - New block added: Block(Previous Hash: 000083..., Hash: 00001c..., Nonce: 27749, Transactions: [Transaction(Sender: 234..., Recipient: 229..., Amount: 15), Transaction(Sender: 207..., Recipient: 233..., Amount: 10), Transaction(Sender: 202..., Recipient: 199..., Amount: 30)])
2024-11-02 17:00:37,355 - INFO - Genesis block created: Block(Previous Hash: 0..., Hash: 064fab..., Nonce: 0, Transactions: [Transaction(Sender: 253..., Recipient: 255..., Amount: 0)])
2024-11-02 17:00:37,355 - INFO - Blockchain created with initial difficulty: 2
2024-11-02 17:00:37,475 - DEBUG - Retrieved latest block: Block(Previous Hash: 0..., Hash: 064fab..., Nonce: 0, Transactions: [Transaction(Sender: 253..., Recipient: 255..., Amount: 0)])
2024-11-02 17:00:37,475 - INFO - New block added: Block(Previous Hash: 064fab..., Hash: 009d7a..., Nonce: 32, Transactions: [Transaction(Sender: 231..., Recipient: 208..., Amount: 10), Transaction(Sender: 264..., Recipient: 184..., Amount: 20)])
2024-11-02 17:00:37,768 - DEBUG - Retrieved latest block: Block(Previous Hash: 064fab..., Hash: 009d7a..., Nonce: 32, Transactions: [Transaction(Sender: 231..., Recipient: 208..., Amount: 10), Transaction(Sender: 264..., Recipient: 184..., Amount: 20)])
2024-11-02 17:00:37,769 - INFO - New block added: Block(Previous Hash: 009d7a..., Hash: 001427..., Nonce: 393, Transactions: [Transaction(Sender: 179..., Recipient: 293..., Amount: 15), Transaction(Sender: 243..., Recipient: 222..., Amount: 10), Transaction(Sender: 274..., Recipient: 223..., Amount: 30)])
2024-11-02 17:00:43,989 - INFO - Genesis block created: Block(Previous Hash: 0..., Hash: 7b8b71..., Nonce: 0, Transactions: [Transaction(Sender: 187..., Recipient: 193..., Amount: 0)])
2024-11-02 17:00:43,991 - INFO - Blockchain created with initial difficulty: 2
2024-11-02 17:00:44,165 - DEBUG - Retrieved latest block: Block(Previous Hash: 0..., Hash: 7b8b71..., Nonce: 0, Transactions: [Transaction(Sender: 187..., Recipient: 193..., Amount: 0)])
2024-11-02 17:00:53,212 - INFO - New block added: Block(Previous Hash: 7b8b71..., Hash: 0032fe..., Nonce: 357, Transactions: [Transaction(Sender: 216..., Recipient: 226..., Amount: 10), Transaction(Sender: 231..., Recipient: 242..., Amount: 20)])
2024-11-02 17:00:54,453 - DEBUG - Retrieved latest block: Block(Previous Hash: 7b8b71..., Hash: 0032fe..., Nonce: 357, Transactions: [Transaction(Sender: 216..., Recipient: 226..., Amount: 10), Transaction(Sender: 231..., Recipient: 242..., Amount: 20)])
2024-11-02 17:00:54,455 - INFO - New block added: Block(Previous Hash: 0032fe..., Hash: 00ca31..., Nonce: 116, Transactions: [Transaction(Sender: 181..., Recipient: 179..., Amount: 15), Transaction(Sender: 257..., Recipient: 281..., Amount: 10), Transaction(Sender: 215..., Recipient: 243..., Amount: 30)])
2024-11-02 17:01:08,895 - INFO - Genesis block created: Block(Previous Hash: 0..., Hash: f6f340..., Nonce: 0, Transactions: [Transaction(Sender: 234..., Recipient: 236..., Amount: 0)])
2024-11-02 17:01:08,895 - INFO - Blockchain created with initial difficulty: 2
2024-11-02 17:01:09,098 - DEBUG - Retrieved latest block: Block(Previous Hash: 0..., Hash: f6f340..., Nonce: 0, Transactions: [Transaction(Sender: 234..., Recipient: 236..., Amount: 0)])
2024-11-02 17:01:09,099 - INFO - New block added: Block(Previous Hash: f6f340..., Hash: 00db11..., Nonce: 112, Transactions: [Transaction(Sender: 216..., Recipient: 260..., Amount: 10), Transaction(Sender: 230..., Recipient: 233..., Amount: 20)])
2024-11-02 17:01:09,303 - DEBUG - Retrieved latest block: Block(Previous Hash: f6f340..., Hash: 00db11..., Nonce: 112, Transactions: [Transaction(Sender: 216..., Recipient: 260..., Amount: 10), Transaction(Sender: 230..., Recipient: 233..., Amount: 20)])
2024-11-02 17:01:09,304 - INFO - New block added: Block(Previous Hash: 00db11..., Hash: 0057f8..., Nonce: 54, Transactions: [Transaction(Sender: 230..., Recipient: 247..., Amount: 15), Transaction(Sender: 218..., Recipient: 228..., Amount: 10), Transaction(Sender: 195..., Recipient: 173..., Amount: 30)])
2024-11-02 17:01:09,304 - WARNING - Block hash mismatch at index 1
2024-11-02 17:01:58,780 - INFO - Genesis block created: Block(Previous Hash: 0..., Hash: 0cd055..., Nonce: 0, Transactions: [Transaction(Sender: 187..., Recipient: 192..., Amount: 0)])
2024-11-02 17:01:58,780 - INFO - Blockchain created with initial difficulty: 2
2024-11-02 17:01:58,781 - DEBUG - Retrieved latest block: Block(Previous Hash: 0..., Hash: 0cd055..., Nonce: 0, Transactions: [Transaction(Sender: 187..., Recipient: 192..., Amount: 0)])
2024-11-02 17:01:58,869 - DEBUG - Retrieved latest block: Block(Previous Hash: 0..., Hash: 0cd055..., Nonce: 0, Transactions: [Transaction(Sender: 187..., Recipient: 192..., Amount: 0)])
2024-11-02 17:01:58,870 - INFO - New block added: Block(Previous Hash: 0cd055..., Hash: 0051b2..., Nonce: 37, Transactions: [Transaction(Sender: 251..., Recipient: 219..., Amount: 10), Transaction(Sender: 246..., Recipient: 213..., Amount: 20)])
2024-11-02 17:01:59,135 - DEBUG - Retrieved latest block: Block(Previous Hash: 0cd055..., Hash: 0051b2..., Nonce: 37, Transactions: [Transaction(Sender: 251..., Recipient: 219..., Amount: 10), Transaction(Sender: 246..., Recipient: 213..., Amount: 20)])
2024-11-02 17:01:59,136 - INFO - New block added: Block(Previous Hash: 0051b2..., Hash: 008bdb..., Nonce: 106, Transactions: [Transaction(Sender: 308..., Recipient: 230..., Amount: 15), Transaction(Sender: 256..., Recipient: 186..., Amount: 10), Transaction(Sender: 231..., Recipient: 193..., Amount: 30)])
2024-11-02 17:01:59,136 - WARNING - Block hash mismatch at index 2
2024-11-02 17:02:10,962 - INFO - Genesis block created: Block(Previous Hash: 0..., Hash: 5541d7..., Nonce: 0, Transactions: [Transaction(Sender: 200..., Recipient: 301..., Amount: 0)])
2024-11-02 17:02:10,962 - INFO - Blockchain created with initial difficulty: 2
2024-11-02 17:02:10,962 - DEBUG - Retrieved latest block: Block(Previous Hash: 0..., Hash: 5541d7..., Nonce: 0, Transactions: [Transaction(Sender: 200..., Recipient: 301..., Amount: 0)])
2024-11-02 17:02:11,118 - DEBUG - Retrieved latest block: Block(Previous Hash: 0..., Hash: 5541d7..., Nonce: 0, Transactions: [Transaction(Sender: 200..., Recipient: 301..., Amount: 0)])
2024-11-02 17:02:11,119 - INFO - New block added: Block(Previous Hash: 5541d7..., Hash: 00c2e6..., Nonce: 512, Transactions: [Transaction(Sender: 272..., Recipient: 217..., Amount: 10), Transaction(Sender: 261..., Recipient: 193..., Amount: 20)])
2024-11-02 17:02:11,348 - DEBUG - Retrieved latest block: Block(Previous Hash: 5541d7..., Hash: 00c2e6..., Nonce: 512, Transactions: [Transaction(Sender: 272..., Recipient: 217..., Amount: 10), Transaction(Sender: 261..., Recipient: 193..., Amount: 20)])
2024-11-02 17:02:11,349 - INFO - New block added: Block(Previous Hash: 00c2e6..., Hash: 005a2d..., Nonce: 48, Transactions: [Transaction(Sender: 295..., Recipient: 230..., Amount: 15), Transaction(Sender: 181..., Recipient: 239..., Amount: 10), Transaction(Sender: 225..., Recipient: 192..., Amount: 30)])
2024-11-02 17:03:00,416 - INFO - Genesis block created: Block(Previous Hash: 0..., Hash: 092378..., Nonce: 0, Transactions: [Transaction(Sender: 295..., Recipient: 251..., Amount: 0)])
2024-11-02 17:03:00,416 - INFO - Blockchain created with initial difficulty: 2
2024-11-02 17:03:00,416 - DEBUG - Retrieved latest block: Block(Previous Hash: 0..., Hash: 092378..., Nonce: 0, Transactions: [Transaction(Sender: 295..., Recipient: 251..., Amount: 0)])
2024-11-02 17:03:00,572 - DEBUG - Retrieved latest block: Block(Previous Hash: 0..., Hash: 092378..., Nonce: 0, Transactions: [Transaction(Sender: 295..., Recipient: 251..., Amount: 0)])
2024-11-02 17:03:00,573 - INFO - New block added: Block(Previous Hash: 092378..., Hash: 002316..., Nonce: 138, Transactions: [Transaction(Sender: 194..., Recipient: 212..., Amount: 10), Transaction(Sender: 240..., Recipient: 197..., Amount: 20)])
2024-11-02 17:03:00,765 - DEBUG - Retrieved latest block: Block(Previous Hash: 092378..., Hash: 002316..., Nonce: 138, Transactions: [Transaction(Sender: 194..., Recipient: 212..., Amount: 10), Transaction(Sender: 240..., Recipient: 197..., Amount: 20)])
2024-11-02 17:03:00,766 - INFO - New block added: Block(Previous Hash: 002316..., Hash: 007e88..., Nonce: 12, Transactions: [Transaction(Sender: 179..., Recipient: 266..., Amount: 15), Transaction(Sender: 273..., Recipient: 223..., Amount: 10), Transaction(Sender: 258..., Recipient: 263..., Amount: 30)])
2024-11-02 17:03:00,767 - INFO - Blockchain validation succeeded.
2024-11-02 17:03:00,767 - INFO - All assertions passed for Blockchain class.
2024-11-04 23:09:22,868 - INFO - Genesis block created: Block(Previous Hash: 0..., Hash: efc17d..., Nonce: 0, Transactions: [Transaction(Sender: 261..., Recipient: 231..., Amount: 0)])
2024-11-04 23:09:22,868 - INFO - Blockchain created with initial difficulty: 2
2024-11-04 23:09:22,868 - DEBUG - Retrieved latest block: Block(Previous Hash: 0..., Hash: efc17d..., Nonce: 0, Transactions: [Transaction(Sender: 261..., Recipient: 231..., Amount: 0)])
2024-11-04 23:09:23,016 - DEBUG - Retrieved latest block: Block(Previous Hash: 0..., Hash: efc17d..., Nonce: 0, Transactions: [Transaction(Sender: 261..., Recipient: 231..., Amount: 0)])
2024-11-04 23:09:23,016 - INFO - New block added: Block(Previous Hash: efc17d..., Hash: 0035ea..., Nonce: 403, Transactions: [Transaction(Sender: 242..., Recipient: 262..., Amount: 10), Transaction(Sender: 289..., Recipient: 282..., Amount: 20)])
2024-11-04 23:09:23,252 - DEBUG - Retrieved latest block: Block(Previous Hash: efc17d..., Hash: 0035ea..., Nonce: 403, Transactions: [Transaction(Sender: 242..., Recipient: 262..., Amount: 10), Transaction(Sender: 289..., Recipient: 282..., Amount: 20)])
2024-11-04 23:09:23,252 - INFO - New block added: Block(Previous Hash: 0035ea..., Hash: 0072d5..., Nonce: 43, Transactions: [Transaction(Sender: 186..., Recipient: 243..., Amount: 15), Transaction(Sender: 229..., Recipient: 272..., Amount: 10), Transaction(Sender: 212..., Recipient: 259..., Amount: 30)])
2024-11-04 23:09:53,463 - INFO - Genesis block created: Block(Previous Hash: 0..., Hash: 4e1818..., Nonce: 0, Transactions: [Transaction(Sender: 258..., Recipient: 277..., Amount: 0)])
2024-11-04 23:09:53,463 - INFO - Blockchain created with initial difficulty: 2
2024-11-04 23:09:53,463 - DEBUG - Retrieved latest block: Block(Previous Hash: 0..., Hash: 4e1818..., Nonce: 0, Transactions: [Transaction(Sender: 258..., Recipient: 277..., Amount: 0)])
2024-11-04 23:09:53,595 - DEBUG - Retrieved latest block: Block(Previous Hash: 0..., Hash: 4e1818..., Nonce: 0, Transactions: [Transaction(Sender: 258..., Recipient: 277..., Amount: 0)])
2024-11-04 23:09:53,595 - INFO - New block added: Block(Previous Hash: 4e1818..., Hash: 001757..., Nonce: 311, Transactions: [Transaction(Sender: 275..., Recipient: 304..., Amount: 10), Transaction(Sender: 236..., Recipient: 235..., Amount: 20)])
2024-11-04 23:09:53,817 - DEBUG - Retrieved latest block: Block(Previous Hash: 4e1818..., Hash: 001757..., Nonce: 311, Transactions: [Transaction(Sender: 275..., Recipient: 304..., Amount: 10), Transaction(Sender: 236..., Recipient: 235..., Amount: 20)])
2024-11-04 23:09:53,818 - INFO - New block added: Block(Previous Hash: 001757..., Hash: 00c3c7..., Nonce: 5, Transactions: [Transaction(Sender: 201..., Recipient: 256..., Amount: 15), Transaction(Sender: 279..., Recipient: 258..., Amount: 10), Transaction(Sender: 290..., Recipient: 258..., Amount: 30)])
2024-11-04 23:10:32,694 - INFO - Genesis block created: Block(Previous Hash: 0..., Hash: 79bfeb..., Nonce: 0, Transactions: [Transaction(Sender: 234..., Recipient: 224..., Amount: 0)])
2024-11-04 23:10:32,695 - INFO - Blockchain created with initial difficulty: 2
2024-11-04 23:10:32,695 - DEBUG - Retrieved latest block: Block(Previous Hash: 0..., Hash: 79bfeb..., Nonce: 0, Transactions: [Transaction(Sender: 234..., Recipient: 224..., Amount: 0)])
2024-11-04 23:10:32,897 - DEBUG - Retrieved latest block: Block(Previous Hash: 0..., Hash: 79bfeb..., Nonce: 0, Transactions: [Transaction(Sender: 234..., Recipient: 224..., Amount: 0)])
2024-11-04 23:10:32,897 - INFO - New block added: Block(Previous Hash: 79bfeb..., Hash: 00e3b2..., Nonce: 47, Transactions: [Transaction(Sender: 253..., Recipient: 238..., Amount: 10), Transaction(Sender: 217..., Recipient: 230..., Amount: 20)])
2024-11-04 23:10:33,141 - DEBUG - Retrieved latest block: Block(Previous Hash: 79bfeb..., Hash: 00e3b2..., Nonce: 47, Transactions: [Transaction(Sender: 253..., Recipient: 238..., Amount: 10), Transaction(Sender: 217..., Recipient: 230..., Amount: 20)])
2024-11-04 23:10:33,142 - INFO - New block added: Block(Previous Hash: 00e3b2..., Hash: 00b566..., Nonce: 391, Transactions: [Transaction(Sender: 177..., Recipient: 180..., Amount: 15), Transaction(Sender: 231..., Recipient: 234..., Amount: 10), Transaction(Sender: 219..., Recipient: 243..., Amount: 30)])
2024-11-05 15:47:33,892 - INFO - Genesis block created: Block(Previous Hash: 0..., Hash: 9f5c1c..., Nonce: 0, Transactions: [Transaction(Sender: 203..., Recipient: 273..., Amount: 0)])
2024-11-05 15:47:33,892 - INFO - Blockchain created with initial difficulty: 2
2024-11-05 15:47:33,892 - DEBUG - Retrieved latest block: Block(Previous Hash: 0..., Hash: 9f5c1c..., Nonce: 0, Transactions: [Transaction(Sender: 203..., Recipient: 273..., Amount: 0)])
2024-11-05 15:47:34,100 - DEBUG - Retrieved latest block: Block(Previous Hash: 0..., Hash: 9f5c1c..., Nonce: 0, Transactions: [Transaction(Sender: 203..., Recipient: 273..., Amount: 0)])
2024-11-05 15:47:34,100 - INFO - New block added: Block(Previous Hash: 9f5c1c..., Hash: 006768..., Nonce: 130, Transactions: [Transaction(Sender: 286..., Recipient: 269..., Amount: 10), Transaction(Sender: 292..., Recipient: 203..., Amount: 20)])
2024-11-05 15:47:34,271 - DEBUG - Retrieved latest block: Block(Previous Hash: 9f5c1c..., Hash: 006768..., Nonce: 130, Transactions: [Transaction(Sender: 286..., Recipient: 269..., Amount: 10), Transaction(Sender: 292..., Recipient: 203..., Amount: 20)])
2024-11-05 15:47:34,271 - INFO - New block added: Block(Previous Hash: 006768..., Hash: 00f74f..., Nonce: 136, Transactions: [Transaction(Sender: 238..., Recipient: 263..., Amount: 15), Transaction(Sender: 199..., Recipient: 206..., Amount: 10), Transaction(Sender: 246..., Recipient: 194..., Amount: 30)])
2024-11-05 15:47:34,359 - INFO - Genesis block created: Block(Previous Hash: 0..., Hash: 7b45c2..., Nonce: 0, Transactions: [Transaction(Sender: 189..., Recipient: 176..., Amount: 0)])
2024-11-05 15:47:34,359 - INFO - Blockchain created with initial difficulty: 2
2024-11-05 15:47:34,454 - INFO - Genesis block created: Block(Previous Hash: 0..., Hash: fe2129..., Nonce: 0, Transactions: [Transaction(Sender: 292..., Recipient: 282..., Amount: 0)])
2024-11-05 15:47:34,454 - INFO - Blockchain created with initial difficulty: 2
2024-11-05 16:01:36,077 - INFO - Genesis block created: Block(Previous Hash: 0..., Hash: c75381..., Nonce: 0, Transactions: [Transaction(Sender: 204..., Recipient: 174..., Amount: 0)])
2024-11-05 16:01:36,078 - INFO - Blockchain created with initial difficulty: 2
2024-11-05 16:01:36,078 - DEBUG - Retrieved latest block: Block(Previous Hash: 0..., Hash: c75381..., Nonce: 0, Transactions: [Transaction(Sender: 204..., Recipient: 174..., Amount: 0)])
2024-11-05 16:01:36,234 - DEBUG - Retrieved latest block: Block(Previous Hash: 0..., Hash: c75381..., Nonce: 0, Transactions: [Transaction(Sender: 204..., Recipient: 174..., Amount: 0)])
2024-11-05 16:01:36,234 - INFO - New block added: Block(Previous Hash: c75381..., Hash: 0094ca..., Nonce: 650, Transactions: [Transaction(Sender: 281..., Recipient: 242..., Amount: 10), Transaction(Sender: 225..., Recipient: 313..., Amount: 20)])
2024-11-05 16:01:36,516 - DEBUG - Retrieved latest block: Block(Previous Hash: c75381..., Hash: 0094ca..., Nonce: 650, Transactions: [Transaction(Sender: 281..., Recipient: 242..., Amount: 10), Transaction(Sender: 225..., Recipient: 313..., Amount: 20)])
2024-11-05 16:01:36,516 - INFO - New block added: Block(Previous Hash: 0094ca..., Hash: 00c799..., Nonce: 574, Transactions: [Transaction(Sender: 264..., Recipient: 245..., Amount: 15), Transaction(Sender: 195..., Recipient: 213..., Amount: 10), Transaction(Sender: 224..., Recipient: 255..., Amount: 30)])
2024-11-05 16:05:37,244 - INFO - Genesis block created: Block(Previous Hash: 0..., Hash: d48d58..., Nonce: 0, Transactions: [Transaction(Sender: 186..., Recipient: 242..., Amount: 0)])
2024-11-05 16:05:37,244 - INFO - Blockchain created with initial difficulty: 2
2024-11-05 16:05:37,244 - DEBUG - Retrieved latest block: Block(Previous Hash: 0..., Hash: d48d58..., Nonce: 0, Transactions: [Transaction(Sender: 186..., Recipient: 242..., Amount: 0)])
2024-11-05 16:05:37,369 - DEBUG - Retrieved latest block: Block(Previous Hash: 0..., Hash: d48d58..., Nonce: 0, Transactions: [Transaction(Sender: 186..., Recipient: 242..., Amount: 0)])
2024-11-05 16:05:37,370 - INFO - New block added: Block(Previous Hash: d48d58..., Hash: 006b41..., Nonce: 87, Transactions: [Transaction(Sender: 204..., Recipient: 237..., Amount: 10), Transaction(Sender: 222..., Recipient: 294..., Amount: 20)])
2024-11-05 16:05:37,581 - DEBUG - Retrieved latest block: Block(Previous Hash: d48d58..., Hash: 006b41..., Nonce: 87, Transactions: [Transaction(Sender: 204..., Recipient: 237..., Amount: 10), Transaction(Sender: 222..., Recipient: 294..., Amount: 20)])
2024-11-05 16:05:37,583 - INFO - New block added: Block(Previous Hash: 006b41..., Hash: 00e73d..., Nonce: 186, Transactions: [Transaction(Sender: 202..., Recipient: 290..., Amount: 15), Transaction(Sender: 181..., Recipient: 272..., Amount: 10), Transaction(Sender: 255..., Recipient: 232..., Amount: 30)])
2024-11-05 16:05:38,022 - INFO - Genesis block created: Block(Previous Hash: 0..., Hash: 48bf4d..., Nonce: 0, Transactions: [Transaction(Sender: 288..., Recipient: 252..., Amount: 0)])
2024-11-05 16:05:38,054 - INFO - Blockchain created with initial difficulty: 2
2024-11-05 16:05:38,650 - INFO - Genesis block created: Block(Previous Hash: 0..., Hash: c1aa48..., Nonce: 0, Transactions: [Transaction(Sender: 224..., Recipient: 288..., Amount: 0)])
2024-11-05 16:05:38,650 - INFO - Blockchain created with initial difficulty: 2
2024-11-05 16:06:01,176 - INFO - Genesis block created: Block(Previous Hash: 0..., Hash: ffc1fa..., Nonce: 0, Transactions: [Transaction(Sender: 199..., Recipient: 257..., Amount: 0)])
2024-11-05 16:06:01,177 - INFO - Blockchain created with initial difficulty: 2
2024-11-05 16:06:01,177 - DEBUG - Retrieved latest block: Block(Previous Hash: 0..., Hash: ffc1fa..., Nonce: 0, Transactions: [Transaction(Sender: 199..., Recipient: 257..., Amount: 0)])
2024-11-05 16:06:01,381 - DEBUG - Retrieved latest block: Block(Previous Hash: 0..., Hash: ffc1fa..., Nonce: 0, Transactions: [Transaction(Sender: 199..., Recipient: 257..., Amount: 0)])
2024-11-05 16:06:01,381 - INFO - New block added: Block(Previous Hash: ffc1fa..., Hash: 001961..., Nonce: 3, Transactions: [Transaction(Sender: 236..., Recipient: 304..., Amount: 10), Transaction(Sender: 209..., Recipient: 262..., Amount: 20)])
2024-11-05 16:06:01,624 - DEBUG - Retrieved latest block: Block(Previous Hash: ffc1fa..., Hash: 001961..., Nonce: 3, Transactions: [Transaction(Sender: 236..., Recipient: 304..., Amount: 10), Transaction(Sender: 209..., Recipient: 262..., Amount: 20)])
2024-11-05 16:06:01,624 - INFO - New block added: Block(Previous Hash: 001961..., Hash: 0017ad..., Nonce: 87, Transactions: [Transaction(Sender: 228..., Recipient: 237..., Amount: 15), Transaction(Sender: 184..., Recipient: 227..., Amount: 10), Transaction(Sender: 243..., Recipient: 202..., Amount: 30)])
2024-11-05 16:06:01,973 - INFO - Genesis block created: Block(Previous Hash: 0..., Hash: 5eca7d..., Nonce: 0, Transactions: [Transaction(Sender: 288..., Recipient: 237..., Amount: 0)])
2024-11-05 16:06:01,988 - INFO - Blockchain created with initial difficulty: 2
2024-11-05 16:06:02,502 - INFO - Genesis block created: Block(Previous Hash: 0..., Hash: 3a49ad..., Nonce: 0, Transactions: [Transaction(Sender: 282..., Recipient: 193..., Amount: 0)])
2024-11-05 16:06:02,533 - INFO - Blockchain created with initial difficulty: 2
2024-11-05 16:08:21,535 - INFO - Genesis block created: Block(Previous Hash: 0..., Hash: a66c93..., Nonce: 0, Transactions: [Transaction(Sender: 228..., Recipient: 180..., Amount: 0)])
2024-11-05 16:08:21,535 - INFO - Blockchain created with initial difficulty: 2
2024-11-05 16:08:21,535 - DEBUG - Retrieved latest block: Block(Previous Hash: 0..., Hash: a66c93..., Nonce: 0, Transactions: [Transaction(Sender: 228..., Recipient: 180..., Amount: 0)])
2024-11-05 16:08:21,706 - DEBUG - Retrieved latest block: Block(Previous Hash: 0..., Hash: a66c93..., Nonce: 0, Transactions: [Transaction(Sender: 228..., Recipient: 180..., Amount: 0)])
2024-11-05 16:08:21,706 - INFO - New block added: Block(Previous Hash: a66c93..., Hash: 00d52e..., Nonce: 9, Transactions: [Transaction(Sender: 222..., Recipient: 309..., Amount: 10), Transaction(Sender: 216..., Recipient: 255..., Amount: 20)])
2024-11-05 16:08:21,880 - DEBUG - Retrieved latest block: Block(Previous Hash: a66c93..., Hash: 00d52e..., Nonce: 9, Transactions: [Transaction(Sender: 222..., Recipient: 309..., Amount: 10), Transaction(Sender: 216..., Recipient: 255..., Amount: 20)])
2024-11-05 16:08:21,880 - INFO - New block added: Block(Previous Hash: 00d52e..., Hash: 005763..., Nonce: 88, Transactions: [Transaction(Sender: 225..., Recipient: 213..., Amount: 15), Transaction(Sender: 239..., Recipient: 174..., Amount: 10), Transaction(Sender: 177..., Recipient: 211..., Amount: 30)])
2024-11-05 16:08:22,171 - INFO - Genesis block created: Block(Previous Hash: 0..., Hash: 8e4357..., Nonce: 0, Transactions: [Transaction(Sender: 258..., Recipient: 300..., Amount: 0)])
2024-11-05 16:08:22,171 - INFO - Blockchain created with initial difficulty: 2
2024-11-05 16:08:22,525 - INFO - Genesis block created: Block(Previous Hash: 0..., Hash: dcc827..., Nonce: 0, Transactions: [Transaction(Sender: 201..., Recipient: 245..., Amount: 0)])
2024-11-05 16:08:22,560 - INFO - Blockchain created with initial difficulty: 2
2024-11-05 16:08:30,319 - INFO - Genesis block created: Block(Previous Hash: 0..., Hash: 0ea138..., Nonce: 0, Transactions: [Transaction(Sender: 254..., Recipient: 220..., Amount: 0)])
2024-11-05 16:08:30,319 - INFO - Blockchain created with initial difficulty: 2
2024-11-05 16:08:30,319 - DEBUG - Retrieved latest block: Block(Previous Hash: 0..., Hash: 0ea138..., Nonce: 0, Transactions: [Transaction(Sender: 254..., Recipient: 220..., Amount: 0)])
2024-11-05 16:08:30,414 - DEBUG - Retrieved latest block: Block(Previous Hash: 0..., Hash: 0ea138..., Nonce: 0, Transactions: [Transaction(Sender: 254..., Recipient: 220..., Amount: 0)])
2024-11-05 16:08:30,414 - INFO - New block added: Block(Previous Hash: 0ea138..., Hash: 00b131..., Nonce: 12, Transactions: [Transaction(Sender: 210..., Recipient: 238..., Amount: 10), Transaction(Sender: 259..., Recipient: 257..., Amount: 20)])
2024-11-05 16:08:30,589 - DEBUG - Retrieved latest block: Block(Previous Hash: 0ea138..., Hash: 00b131..., Nonce: 12, Transactions: [Transaction(Sender: 210..., Recipient: 238..., Amount: 10), Transaction(Sender: 259..., Recipient: 257..., Amount: 20)])
2024-11-05 16:08:30,589 - INFO - New block added: Block(Previous Hash: 00b131..., Hash: 0027ad..., Nonce: 56, Transactions: [Transaction(Sender: 275..., Recipient: 194..., Amount: 15), Transaction(Sender: 280..., Recipient: 229..., Amount: 10), Transaction(Sender: 229..., Recipient: 236..., Amount: 30)])
2024-11-05 16:08:30,921 - INFO - Genesis block created: Block(Previous Hash: 0..., Hash: 61d646..., Nonce: 0, Transactions: [Transaction(Sender: 258..., Recipient: 229..., Amount: 0)])
2024-11-05 16:08:30,921 - INFO - Blockchain created with initial difficulty: 2
2024-11-05 16:08:31,638 - INFO - Genesis block created: Block(Previous Hash: 0..., Hash: 0b0d8f..., Nonce: 0, Transactions: [Transaction(Sender: 210..., Recipient: 221..., Amount: 0)])
2024-11-05 16:08:31,699 - INFO - Blockchain created with initial difficulty: 2
2024-11-05 16:25:32,014 - INFO - Genesis block created: Block(Previous Hash: 0..., Hash: 627dea..., Nonce: 0, Transactions: [Transaction(Sender: 183..., Recipient: 246..., Amount: 0)])
2024-11-05 16:25:32,015 - INFO - Blockchain created with initial difficulty: 2
2024-11-05 16:25:32,015 - DEBUG - Retrieved latest block: Block(Previous Hash: 0..., Hash: 627dea..., Nonce: 0, Transactions: [Transaction(Sender: 183..., Recipient: 246..., Amount: 0)])
2024-11-05 16:25:32,170 - DEBUG - Retrieved latest block: Block(Previous Hash: 0..., Hash: 627dea..., Nonce: 0, Transactions: [Transaction(Sender: 183..., Recipient: 246..., Amount: 0)])
2024-11-05 16:25:32,170 - INFO - New block added: Block(Previous Hash: 627dea..., Hash: 00e212..., Nonce: 85, Transactions: [Transaction(Sender: 273..., Recipient: 212..., Amount: 10), Transaction(Sender: 234..., Recipient: 207..., Amount: 20)])
2024-11-05 16:25:32,377 - DEBUG - Retrieved latest block: Block(Previous Hash: 627dea..., Hash: 00e212..., Nonce: 85, Transactions: [Transaction(Sender: 273..., Recipient: 212..., Amount: 10), Transaction(Sender: 234..., Recipient: 207..., Amount: 20)])
2024-11-05 16:25:32,378 - INFO - New block added: Block(Previous Hash: 00e212..., Hash: 00acc8..., Nonce: 159, Transactions: [Transaction(Sender: 253..., Recipient: 215..., Amount: 15), Transaction(Sender: 256..., Recipient: 245..., Amount: 10), Transaction(Sender: 194..., Recipient: 198..., Amount: 30)])
2024-11-05 22:01:27,998 - INFO - Genesis block created: Block(Previous Hash: 0..., Hash: 5ac9bd..., Nonce: 0, Transactions: [Transaction(Sender: 246..., Recipient: 224..., Amount: 0)])
2024-11-05 22:01:27,998 - INFO - Blockchain created with initial difficulty: 2
2024-11-05 22:01:27,998 - DEBUG - Retrieved latest block: Block(Previous Hash: 0..., Hash: 5ac9bd..., Nonce: 0, Transactions: [Transaction(Sender: 246..., Recipient: 224..., Amount: 0)])
2024-11-05 22:01:28,198 - DEBUG - Retrieved latest block: Block(Previous Hash: 0..., Hash: 5ac9bd..., Nonce: 0, Transactions: [Transaction(Sender: 246..., Recipient: 224..., Amount: 0)])
2024-11-05 22:01:28,198 - INFO - New block added: Block(Previous Hash: 5ac9bd..., Hash: 00e1a9..., Nonce: 556, Transactions: [Transaction(Sender: 225..., Recipient: 235..., Amount: 10), Transaction(Sender: 277..., Recipient: 186..., Amount: 20)])
2024-11-05 22:01:28,446 - DEBUG - Retrieved latest block: Block(Previous Hash: 5ac9bd..., Hash: 00e1a9..., Nonce: 556, Transactions: [Transaction(Sender: 225..., Recipient: 235..., Amount: 10), Transaction(Sender: 277..., Recipient: 186..., Amount: 20)])
2024-11-05 22:01:28,446 - INFO - New block added: Block(Previous Hash: 00e1a9..., Hash: 00742a..., Nonce: 18, Transactions: [Transaction(Sender: 262..., Recipient: 201..., Amount: 15), Transaction(Sender: 209..., Recipient: 222..., Amount: 10), Transaction(Sender: 272..., Recipient: 218..., Amount: 30)])
2024-11-05 22:05:56,740 - INFO - Genesis block created: Block(Previous Hash: 0..., Hash: ca9baf..., Nonce: 0, Transactions: [Transaction(Sender: 234..., Recipient: 220..., Amount: 0)])
2024-11-05 22:05:56,741 - INFO - Blockchain created with initial difficulty: 2
2024-11-05 22:05:56,741 - DEBUG - Retrieved latest block: Block(Previous Hash: 0..., Hash: ca9baf..., Nonce: 0, Transactions: [Transaction(Sender: 234..., Recipient: 220..., Amount: 0)])
2024-11-05 22:05:56,889 - DEBUG - Retrieved latest block: Block(Previous Hash: 0..., Hash: ca9baf..., Nonce: 0, Transactions: [Transaction(Sender: 234..., Recipient: 220..., Amount: 0)])
2024-11-05 22:05:56,890 - INFO - New block added: Block(Previous Hash: ca9baf..., Hash: 009243..., Nonce: 233, Transactions: [Transaction(Sender: 263..., Recipient: 252..., Amount: 10), Transaction(Sender: 212..., Recipient: 187..., Amount: 20)])
2024-11-05 22:05:57,160 - DEBUG - Retrieved latest block: Block(Previous Hash: ca9baf..., Hash: 009243..., Nonce: 233, Transactions: [Transaction(Sender: 263..., Recipient: 252..., Amount: 10), Transaction(Sender: 212..., Recipient: 187..., Amount: 20)])
2024-11-05 22:05:57,162 - INFO - New block added: Block(Previous Hash: 009243..., Hash: 00858c..., Nonce: 490, Transactions: [Transaction(Sender: 250..., Recipient: 253..., Amount: 15), Transaction(Sender: 222..., Recipient: 223..., Amount: 10), Transaction(Sender: 278..., Recipient: 261..., Amount: 30)])
2024-11-05 22:06:48,103 - INFO - Genesis block created: Block(Previous Hash: 0..., Hash: e92b27..., Nonce: 0, Transactions: [Transaction(Sender: 238..., Recipient: 292..., Amount: 0)])
2024-11-05 22:06:48,103 - INFO - Blockchain created with initial difficulty: 2
2024-11-05 22:06:48,103 - DEBUG - Retrieved latest block: Block(Previous Hash: 0..., Hash: e92b27..., Nonce: 0, Transactions: [Transaction(Sender: 238..., Recipient: 292..., Amount: 0)])
2024-11-05 22:06:48,265 - DEBUG - Retrieved latest block: Block(Previous Hash: 0..., Hash: e92b27..., Nonce: 0, Transactions: [Transaction(Sender: 238..., Recipient: 292..., Amount: 0)])
2024-11-05 22:06:48,267 - INFO - New block added: Block(Previous Hash: e92b27..., Hash: 006f64..., Nonce: 312, Transactions: [Transaction(Sender: 250..., Recipient: 225..., Amount: 10), Transaction(Sender: 244..., Recipient: 219..., Amount: 20)])
2024-11-05 22:06:48,583 - DEBUG - Retrieved latest block: Block(Previous Hash: e92b27..., Hash: 006f64..., Nonce: 312, Transactions: [Transaction(Sender: 250..., Recipient: 225..., Amount: 10), Transaction(Sender: 244..., Recipient: 219..., Amount: 20)])
2024-11-05 22:06:48,584 - INFO - New block added: Block(Previous Hash: 006f64..., Hash: 00cc93..., Nonce: 61, Transactions: [Transaction(Sender: 184..., Recipient: 266..., Amount: 15), Transaction(Sender: 262..., Recipient: 213..., Amount: 10), Transaction(Sender: 200..., Recipient: 273..., Amount: 30)])
2024-11-05 22:07:03,471 - INFO - Genesis block created: Block(Previous Hash: 0..., Hash: 3d22cc..., Nonce: 0, Transactions: [Transaction(Sender: 196..., Recipient: 205..., Amount: 0)])
2024-11-05 22:07:03,471 - INFO - Blockchain created with initial difficulty: 2
2024-11-05 22:07:03,471 - DEBUG - Retrieved latest block: Block(Previous Hash: 0..., Hash: 3d22cc..., Nonce: 0, Transactions: [Transaction(Sender: 196..., Recipient: 205..., Amount: 0)])
2024-11-05 22:07:03,590 - DEBUG - Retrieved latest block: Block(Previous Hash: 0..., Hash: 3d22cc..., Nonce: 0, Transactions: [Transaction(Sender: 196..., Recipient: 205..., Amount: 0)])
2024-11-05 22:07:03,590 - INFO - New block added: Block(Previous Hash: 3d22cc..., Hash: 0071c3..., Nonce: 760, Transactions: [Transaction(Sender: 170..., Recipient: 243..., Amount: 10), Transaction(Sender: 238..., Recipient: 230..., Amount: 20)])
2024-11-05 22:07:03,769 - DEBUG - Retrieved latest block: Block(Previous Hash: 3d22cc..., Hash: 0071c3..., Nonce: 760, Transactions: [Transaction(Sender: 170..., Recipient: 243..., Amount: 10), Transaction(Sender: 238..., Recipient: 230..., Amount: 20)])
2024-11-05 22:07:03,770 - INFO - New block added: Block(Previous Hash: 0071c3..., Hash: 001605..., Nonce: 228, Transactions: [Transaction(Sender: 258..., Recipient: 221..., Amount: 15), Transaction(Sender: 234..., Recipient: 263..., Amount: 10), Transaction(Sender: 205..., Recipient: 254..., Amount: 30)])
2024-11-05 22:07:17,237 - INFO - Genesis block created: Block(Previous Hash: 0..., Hash: d3a5c2..., Nonce: 0, Transactions: [Transaction(Sender: 220..., Recipient: 239..., Amount: 0)])
2024-11-05 22:07:17,237 - INFO - Blockchain created with initial difficulty: 2
2024-11-05 22:07:17,237 - DEBUG - Retrieved latest block: Block(Previous Hash: 0..., Hash: d3a5c2..., Nonce: 0, Transactions: [Transaction(Sender: 220..., Recipient: 239..., Amount: 0)])
2024-11-05 22:07:17,358 - DEBUG - Retrieved latest block: Block(Previous Hash: 0..., Hash: d3a5c2..., Nonce: 0, Transactions: [Transaction(Sender: 220..., Recipient: 239..., Amount: 0)])
2024-11-05 22:07:17,359 - INFO - New block added: Block(Previous Hash: d3a5c2..., Hash: 00aa9c..., Nonce: 332, Transactions: [Transaction(Sender: 229..., Recipient: 269..., Amount: 10), Transaction(Sender: 214..., Recipient: 214..., Amount: 20)])
2024-11-05 22:07:17,550 - DEBUG - Retrieved latest block: Block(Previous Hash: d3a5c2..., Hash: 00aa9c..., Nonce: 332, Transactions: [Transaction(Sender: 229..., Recipient: 269..., Amount: 10), Transaction(Sender: 214..., Recipient: 214..., Amount: 20)])
2024-11-05 22:07:17,550 - INFO - New block added: Block(Previous Hash: 00aa9c..., Hash: 009b96..., Nonce: 132, Transactions: [Transaction(Sender: 177..., Recipient: 215..., Amount: 15), Transaction(Sender: 237..., Recipient: 282..., Amount: 10), Transaction(Sender: 241..., Recipient: 203..., Amount: 30)])
2024-11-05 22:08:01,136 - INFO - Genesis block created: Block(Previous Hash: 0..., Hash: eea90f..., Nonce: 0, Transactions: [Transaction(Sender: 193..., Recipient: 181..., Amount: 0)])
2024-11-05 22:08:01,136 - INFO - Blockchain created with initial difficulty: 2
2024-11-05 22:08:01,136 - DEBUG - Retrieved latest block: Block(Previous Hash: 0..., Hash: eea90f..., Nonce: 0, Transactions: [Transaction(Sender: 193..., Recipient: 181..., Amount: 0)])
2024-11-05 22:08:01,382 - DEBUG - Retrieved latest block: Block(Previous Hash: 0..., Hash: eea90f..., Nonce: 0, Transactions: [Transaction(Sender: 193..., Recipient: 181..., Amount: 0)])
2024-11-05 22:08:01,382 - INFO - New block added: Block(Previous Hash: eea90f..., Hash: 0020b1..., Nonce: 265, Transactions: [Transaction(Sender: 305..., Recipient: 215..., Amount: 10), Transaction(Sender: 286..., Recipient: 199..., Amount: 20)])
2024-11-05 22:08:01,582 - DEBUG - Retrieved latest block: Block(Previous Hash: eea90f..., Hash: 0020b1..., Nonce: 265, Transactions: [Transaction(Sender: 305..., Recipient: 215..., Amount: 10), Transaction(Sender: 286..., Recipient: 199..., Amount: 20)])
2024-11-05 22:08:01,582 - INFO - New block added: Block(Previous Hash: 0020b1..., Hash: 00ab26..., Nonce: 68, Transactions: [Transaction(Sender: 176..., Recipient: 238..., Amount: 15), Transaction(Sender: 232..., Recipient: 261..., Amount: 10), Transaction(Sender: 195..., Recipient: 244..., Amount: 30)])
2024-11-05 22:08:05,372 - INFO - Genesis block created: Block(Previous Hash: 0..., Hash: c9eae3..., Nonce: 0, Transactions: [Transaction(Sender: 220..., Recipient: 226..., Amount: 0)])
2024-11-05 22:08:05,372 - INFO - Blockchain created with initial difficulty: 2
2024-11-05 22:08:06,584 - INFO - Genesis block created: Block(Previous Hash: 0..., Hash: 855ac4..., Nonce: 0, Transactions: [Transaction(Sender: 272..., Recipient: 192..., Amount: 0)])
2024-11-05 22:08:06,662 - INFO - Blockchain created with initial difficulty: 2
2024-11-05 22:08:39,043 - INFO - Genesis block created: Block(Previous Hash: 0..., Hash: 4fe88a..., Nonce: 0, Transactions: [Transaction(Sender: 189..., Recipient: 232..., Amount: 0)])
2024-11-05 22:08:39,043 - INFO - Blockchain created with initial difficulty: 2
2024-11-05 22:08:39,043 - DEBUG - Retrieved latest block: Block(Previous Hash: 0..., Hash: 4fe88a..., Nonce: 0, Transactions: [Transaction(Sender: 189..., Recipient: 232..., Amount: 0)])
2024-11-05 22:08:39,176 - DEBUG - Retrieved latest block: Block(Previous Hash: 0..., Hash: 4fe88a..., Nonce: 0, Transactions: [Transaction(Sender: 189..., Recipient: 232..., Amount: 0)])
2024-11-05 22:08:39,177 - INFO - New block added: Block(Previous Hash: 4fe88a..., Hash: 00a91b..., Nonce: 257, Transactions: [Transaction(Sender: 265..., Recipient: 215..., Amount: 10), Transaction(Sender: 245..., Recipient: 261..., Amount: 20)])
2024-11-05 22:08:39,331 - DEBUG - Retrieved latest block: Block(Previous Hash: 4fe88a..., Hash: 00a91b..., Nonce: 257, Transactions: [Transaction(Sender: 265..., Recipient: 215..., Amount: 10), Transaction(Sender: 245..., Recipient: 261..., Amount: 20)])
2024-11-05 22:08:39,332 - INFO - New block added: Block(Previous Hash: 00a91b..., Hash: 006ff4..., Nonce: 102, Transactions: [Transaction(Sender: 239..., Recipient: 197..., Amount: 15), Transaction(Sender: 246..., Recipient: 228..., Amount: 10), Transaction(Sender: 235..., Recipient: 199..., Amount: 30)])
2024-11-05 22:08:42,391 - INFO - Genesis block created: Block(Previous Hash: 0..., Hash: 61f406..., Nonce: 0, Transactions: [Transaction(Sender: 265..., Recipient: 207..., Amount: 0)])
2024-11-05 22:08:42,391 - INFO - Blockchain created with initial difficulty: 2
2024-11-05 22:08:43,078 - INFO - Genesis block created: Block(Previous Hash: 0..., Hash: d1e2d1..., Nonce: 0, Transactions: [Transaction(Sender: 260..., Recipient: 283..., Amount: 0)])
2024-11-05 22:08:43,078 - INFO - Blockchain created with initial difficulty: 2
2024-11-05 22:11:22,373 - INFO - Genesis block created: Block(Previous Hash: 0..., Hash: f7c284..., Nonce: 0, Transactions: [Transaction(Sender: 229..., Recipient: 246..., Amount: 0)])
2024-11-05 22:11:22,373 - INFO - Blockchain created with initial difficulty: 2
2024-11-05 22:11:22,373 - DEBUG - Retrieved latest block: Block(Previous Hash: 0..., Hash: f7c284..., Nonce: 0, Transactions: [Transaction(Sender: 229..., Recipient: 246..., Amount: 0)])
2024-11-05 22:11:22,557 - DEBUG - Retrieved latest block: Block(Previous Hash: 0..., Hash: f7c284..., Nonce: 0, Transactions: [Transaction(Sender: 229..., Recipient: 246..., Amount: 0)])
2024-11-05 22:11:22,558 - INFO - New block added: Block(Previous Hash: f7c284..., Hash: 00878f..., Nonce: 224, Transactions: [Transaction(Sender: 189..., Recipient: 242..., Amount: 10), Transaction(Sender: 213..., Recipient: 201..., Amount: 20)])
2024-11-05 22:11:22,782 - DEBUG - Retrieved latest block: Block(Previous Hash: f7c284..., Hash: 00878f..., Nonce: 224, Transactions: [Transaction(Sender: 189..., Recipient: 242..., Amount: 10), Transaction(Sender: 213..., Recipient: 201..., Amount: 20)])
2024-11-05 22:11:22,782 - INFO - New block added: Block(Previous Hash: 00878f..., Hash: 00e872..., Nonce: 31, Transactions: [Transaction(Sender: 178..., Recipient: 260..., Amount: 15), Transaction(Sender: 235..., Recipient: 211..., Amount: 10), Transaction(Sender: 264..., Recipient: 212..., Amount: 30)])
2024-11-05 22:11:25,236 - INFO - Genesis block created: Block(Previous Hash: 0..., Hash: a4aad0..., Nonce: 0, Transactions: [Transaction(Sender: 236..., Recipient: 198..., Amount: 0)])
2024-11-05 22:11:25,236 - INFO - Blockchain created with initial difficulty: 2
2024-11-05 22:11:25,954 - INFO - Genesis block created: Block(Previous Hash: 0..., Hash: 61f534..., Nonce: 0, Transactions: [Transaction(Sender: 304..., Recipient: 224..., Amount: 0)])
2024-11-05 22:11:25,954 - INFO - Blockchain created with initial difficulty: 2
2024-11-05 22:11:58,368 - INFO - Genesis block created: Block(Previous Hash: 0..., Hash: 868772..., Nonce: 0, Transactions: [Transaction(Sender: 230..., Recipient: 264..., Amount: 0)])
2024-11-05 22:11:58,368 - INFO - Blockchain created with initial difficulty: 2
2024-11-05 22:11:58,368 - DEBUG - Retrieved latest block: Block(Previous Hash: 0..., Hash: 868772..., Nonce: 0, Transactions: [Transaction(Sender: 230..., Recipient: 264..., Amount: 0)])
2024-11-05 22:11:58,551 - DEBUG - Retrieved latest block: Block(Previous Hash: 0..., Hash: 868772..., Nonce: 0, Transactions: [Transaction(Sender: 230..., Recipient: 264..., Amount: 0)])
2024-11-05 22:11:58,551 - INFO - New block added: Block(Previous Hash: 868772..., Hash: 00ec42..., Nonce: 133, Transactions: [Transaction(Sender: 256..., Recipient: 219..., Amount: 10), Transaction(Sender: 290..., Recipient: 205..., Amount: 20)])
2024-11-05 22:11:58,697 - DEBUG - Retrieved latest block: Block(Previous Hash: 868772..., Hash: 00ec42..., Nonce: 133, Transactions: [Transaction(Sender: 256..., Recipient: 219..., Amount: 10), Transaction(Sender: 290..., Recipient: 205..., Amount: 20)])
2024-11-05 22:11:58,698 - INFO - New block added: Block(Previous Hash: 00ec42..., Hash: 00ff0c..., Nonce: 33, Transactions: [Transaction(Sender: 229..., Recipient: 207..., Amount: 15), Transaction(Sender: 255..., Recipient: 286..., Amount: 10), Transaction(Sender: 242..., Recipient: 170..., Amount: 30)])
2024-11-05 22:12:01,220 - INFO - Genesis block created: Block(Previous Hash: 0..., Hash: f44c94..., Nonce: 0, Transactions: [Transaction(Sender: 246..., Recipient: 241..., Amount: 0)])
2024-11-05 22:12:01,234 - INFO - Blockchain created with initial difficulty: 2
2024-11-05 22:12:02,179 - INFO - Genesis block created: Block(Previous Hash: 0..., Hash: 90ca8c..., Nonce: 0, Transactions: [Transaction(Sender: 232..., Recipient: 179..., Amount: 0)])
2024-11-05 22:12:02,179 - INFO - Blockchain created with initial difficulty: 2
2024-11-05 22:16:04,969 - INFO - Genesis block created: Block(Previous Hash: 0..., Hash: b77a5b..., Nonce: 0, Transactions: [Transaction(Sender: 183..., Recipient: 293..., Amount: 0)])
2024-11-05 22:16:04,969 - INFO - Blockchain created with initial difficulty: 2
2024-11-05 22:16:04,969 - DEBUG - Retrieved latest block: Block(Previous Hash: 0..., Hash: b77a5b..., Nonce: 0, Transactions: [Transaction(Sender: 183..., Recipient: 293..., Amount: 0)])
2024-11-05 22:16:05,129 - DEBUG - Retrieved latest block: Block(Previous Hash: 0..., Hash: b77a5b..., Nonce: 0, Transactions: [Transaction(Sender: 183..., Recipient: 293..., Amount: 0)])
2024-11-05 22:16:05,130 - INFO - New block added: Block(Previous Hash: b77a5b..., Hash: 00e83e..., Nonce: 84, Transactions: [Transaction(Sender: 215..., Recipient: 238..., Amount: 10), Transaction(Sender: 228..., Recipient: 194..., Amount: 20)])
2024-11-05 22:16:05,412 - DEBUG - Retrieved latest block: Block(Previous Hash: b77a5b..., Hash: 00e83e..., Nonce: 84, Transactions: [Transaction(Sender: 215..., Recipient: 238..., Amount: 10), Transaction(Sender: 228..., Recipient: 194..., Amount: 20)])
2024-11-05 22:16:05,412 - INFO - New block added: Block(Previous Hash: 00e83e..., Hash: 00d949..., Nonce: 450, Transactions: [Transaction(Sender: 221..., Recipient: 251..., Amount: 15), Transaction(Sender: 174..., Recipient: 218..., Amount: 10), Transaction(Sender: 248..., Recipient: 252..., Amount: 30)])
2024-11-05 22:16:08,946 - INFO - Genesis block created: Block(Previous Hash: 0..., Hash: 7b734f..., Nonce: 0, Transactions: [Transaction(Sender: 295..., Recipient: 246..., Amount: 0)])
2024-11-05 22:16:08,946 - INFO - Blockchain created with initial difficulty: 2
2024-11-05 22:16:08,947 - DEBUG - Retrieved latest block: Block(Previous Hash: 0..., Hash: 7b734f..., Nonce: 0, Transactions: [Transaction(Sender: 295..., Recipient: 246..., Amount: 0)])
2024-11-05 22:16:09,097 - DEBUG - Retrieved latest block: Block(Previous Hash: 0..., Hash: 7b734f..., Nonce: 0, Transactions: [Transaction(Sender: 295..., Recipient: 246..., Amount: 0)])
2024-11-05 22:16:09,098 - INFO - New block added: Block(Previous Hash: 7b734f..., Hash: 0060ae..., Nonce: 323, Transactions: [Transaction(Sender: 220..., Recipient: 257..., Amount: 10), Transaction(Sender: 199..., Recipient: 301..., Amount: 20)])
2024-11-05 22:16:09,307 - DEBUG - Retrieved latest block: Block(Previous Hash: 7b734f..., Hash: 0060ae..., Nonce: 323, Transactions: [Transaction(Sender: 220..., Recipient: 257..., Amount: 10), Transaction(Sender: 199..., Recipient: 301..., Amount: 20)])
2024-11-05 22:16:09,307 - INFO - New block added: Block(Previous Hash: 0060ae..., Hash: 0000c2..., Nonce: 54, Transactions: [Transaction(Sender: 249..., Recipient: 317..., Amount: 15), Transaction(Sender: 223..., Recipient: 181..., Amount: 10), Transaction(Sender: 265..., Recipient: 227..., Amount: 30)])
2024-11-05 22:16:48,074 - INFO - Genesis block created: Block(Previous Hash: 0..., Hash: c0f46f..., Nonce: 0, Transactions: [Transaction(Sender: 229..., Recipient: 254..., Amount: 0)])
2024-11-05 22:16:48,074 - INFO - Blockchain created with initial difficulty: 2
2024-11-05 22:16:48,074 - DEBUG - Retrieved latest block: Block(Previous Hash: 0..., Hash: c0f46f..., Nonce: 0, Transactions: [Transaction(Sender: 229..., Recipient: 254..., Amount: 0)])
2024-11-05 22:16:48,269 - DEBUG - Retrieved latest block: Block(Previous Hash: 0..., Hash: c0f46f..., Nonce: 0, Transactions: [Transaction(Sender: 229..., Recipient: 254..., Amount: 0)])
2024-11-05 22:16:48,270 - INFO - New block added: Block(Previous Hash: c0f46f..., Hash: 005fb0..., Nonce: 146, Transactions: [Transaction(Sender: 220..., Recipient: 190..., Amount: 10), Transaction(Sender: 211..., Recipient: 263..., Amount: 20)])
2024-11-05 22:16:48,518 - DEBUG - Retrieved latest block: Block(Previous Hash: c0f46f..., Hash: 005fb0..., Nonce: 146, Transactions: [Transaction(Sender: 220..., Recipient: 190..., Amount: 10), Transaction(Sender: 211..., Recipient: 263..., Amount: 20)])
2024-11-05 22:16:48,520 - INFO - New block added: Block(Previous Hash: 005fb0..., Hash: 00ab37..., Nonce: 42, Transactions: [Transaction(Sender: 205..., Recipient: 235..., Amount: 15), Transaction(Sender: 261..., Recipient: 169..., Amount: 10), Transaction(Sender: 182..., Recipient: 258..., Amount: 30)])
2024-11-05 22:16:50,692 - INFO - Genesis block created: Block(Previous Hash: 0..., Hash: ec1937..., Nonce: 0, Transactions: [Transaction(Sender: 251..., Recipient: 253..., Amount: 0)])
2024-11-05 22:16:50,692 - INFO - Blockchain created with initial difficulty: 2
2024-11-05 22:16:50,693 - DEBUG - Retrieved latest block: Block(Previous Hash: 0..., Hash: ec1937..., Nonce: 0, Transactions: [Transaction(Sender: 251..., Recipient: 253..., Amount: 0)])
2024-11-05 22:16:50,863 - DEBUG - Retrieved latest block: Block(Previous Hash: 0..., Hash: ec1937..., Nonce: 0, Transactions: [Transaction(Sender: 251..., Recipient: 253..., Amount: 0)])
2024-11-05 22:16:50,864 - INFO - New block added: Block(Previous Hash: ec1937..., Hash: 007e09..., Nonce: 100, Transactions: [Transaction(Sender: 233..., Recipient: 250..., Amount: 10), Transaction(Sender: 227..., Recipient: 320..., Amount: 20)])
2024-11-05 22:16:51,078 - DEBUG - Retrieved latest block: Block(Previous Hash: ec1937..., Hash: 007e09..., Nonce: 100, Transactions: [Transaction(Sender: 233..., Recipient: 250..., Amount: 10), Transaction(Sender: 227..., Recipient: 320..., Amount: 20)])
2024-11-05 22:16:51,079 - INFO - New block added: Block(Previous Hash: 007e09..., Hash: 006894..., Nonce: 131, Transactions: [Transaction(Sender: 230..., Recipient: 277..., Amount: 15), Transaction(Sender: 287..., Recipient: 257..., Amount: 10), Transaction(Sender: 187..., Recipient: 197..., Amount: 30)])
2024-11-05 22:17:46,045 - INFO - Genesis block created: Block(Previous Hash: 0..., Hash: 2b7f07..., Nonce: 0, Transactions: [Transaction(Sender: 229..., Recipient: 243..., Amount: 0)])
2024-11-05 22:17:46,045 - INFO - Blockchain created with initial difficulty: 2
2024-11-05 22:17:46,045 - DEBUG - Retrieved latest block: Block(Previous Hash: 0..., Hash: 2b7f07..., Nonce: 0, Transactions: [Transaction(Sender: 229..., Recipient: 243..., Amount: 0)])
2024-11-05 22:17:46,208 - DEBUG - Retrieved latest block: Block(Previous Hash: 0..., Hash: 2b7f07..., Nonce: 0, Transactions: [Transaction(Sender: 229..., Recipient: 243..., Amount: 0)])
2024-11-05 22:17:46,209 - INFO - New block added: Block(Previous Hash: 2b7f07..., Hash: 003fcf..., Nonce: 42, Transactions: [Transaction(Sender: 187..., Recipient: 234..., Amount: 10), Transaction(Sender: 219..., Recipient: 228..., Amount: 20)])
2024-11-05 22:17:46,396 - DEBUG - Retrieved latest block: Block(Previous Hash: 2b7f07..., Hash: 003fcf..., Nonce: 42, Transactions: [Transaction(Sender: 187..., Recipient: 234..., Amount: 10), Transaction(Sender: 219..., Recipient: 228..., Amount: 20)])
2024-11-05 22:17:46,397 - INFO - New block added: Block(Previous Hash: 003fcf..., Hash: 00b1e4..., Nonce: 109, Transactions: [Transaction(Sender: 262..., Recipient: 254..., Amount: 15), Transaction(Sender: 271..., Recipient: 228..., Amount: 10), Transaction(Sender: 285..., Recipient: 187..., Amount: 30)])
2024-11-05 22:17:47,529 - INFO - Genesis block created: Block(Previous Hash: 0..., Hash: 706001..., Nonce: 0, Transactions: [Transaction(Sender: 205..., Recipient: 196..., Amount: 0)])
2024-11-05 22:17:47,529 - INFO - Blockchain created with initial difficulty: 2
2024-11-05 22:17:47,529 - DEBUG - Retrieved latest block: Block(Previous Hash: 0..., Hash: 706001..., Nonce: 0, Transactions: [Transaction(Sender: 205..., Recipient: 196..., Amount: 0)])
2024-11-05 22:17:47,703 - DEBUG - Retrieved latest block: Block(Previous Hash: 0..., Hash: 706001..., Nonce: 0, Transactions: [Transaction(Sender: 205..., Recipient: 196..., Amount: 0)])
2024-11-05 22:17:47,704 - INFO - New block added: Block(Previous Hash: 706001..., Hash: 006502..., Nonce: 17, Transactions: [Transaction(Sender: 285..., Recipient: 224..., Amount: 10), Transaction(Sender: 226..., Recipient: 207..., Amount: 20)])
2024-11-05 22:17:47,888 - DEBUG - Retrieved latest block: Block(Previous Hash: 706001..., Hash: 006502..., Nonce: 17, Transactions: [Transaction(Sender: 285..., Recipient: 224..., Amount: 10), Transaction(Sender: 226..., Recipient: 207..., Amount: 20)])
2024-11-05 22:17:47,889 - INFO - New block added: Block(Previous Hash: 006502..., Hash: 00f941..., Nonce: 32, Transactions: [Transaction(Sender: 300..., Recipient: 235..., Amount: 15), Transaction(Sender: 246..., Recipient: 246..., Amount: 10), Transaction(Sender: 286..., Recipient: 259..., Amount: 30)])
2024-11-05 22:18:06,247 - INFO - Genesis block created: Block(Previous Hash: 0..., Hash: 4271d1..., Nonce: 0, Transactions: [Transaction(Sender: 217..., Recipient: 255..., Amount: 0)])
2024-11-05 22:18:06,247 - INFO - Blockchain created with initial difficulty: 2
2024-11-05 22:18:06,247 - DEBUG - Retrieved latest block: Block(Previous Hash: 0..., Hash: 4271d1..., Nonce: 0, Transactions: [Transaction(Sender: 217..., Recipient: 255..., Amount: 0)])
2024-11-05 22:18:06,461 - DEBUG - Retrieved latest block: Block(Previous Hash: 0..., Hash: 4271d1..., Nonce: 0, Transactions: [Transaction(Sender: 217..., Recipient: 255..., Amount: 0)])
2024-11-05 22:18:06,461 - INFO - New block added: Block(Previous Hash: 4271d1..., Hash: 0008de..., Nonce: 130, Transactions: [Transaction(Sender: 258..., Recipient: 217..., Amount: 10), Transaction(Sender: 244..., Recipient: 169..., Amount: 20)])
2024-11-05 22:18:06,756 - DEBUG - Retrieved latest block: Block(Previous Hash: 4271d1..., Hash: 0008de..., Nonce: 130, Transactions: [Transaction(Sender: 258..., Recipient: 217..., Amount: 10), Transaction(Sender: 244..., Recipient: 169..., Amount: 20)])
2024-11-05 22:18:06,757 - INFO - New block added: Block(Previous Hash: 0008de..., Hash: 0019a1..., Nonce: 138, Transactions: [Transaction(Sender: 207..., Recipient: 214..., Amount: 15), Transaction(Sender: 248..., Recipient: 185..., Amount: 10), Transaction(Sender: 243..., Recipient: 292..., Amount: 30)])
2024-11-05 22:18:09,210 - INFO - Genesis block created: Block(Previous Hash: 0..., Hash: 2a91c9..., Nonce: 0, Transactions: [Transaction(Sender: 294..., Recipient: 262..., Amount: 0)])
2024-11-05 22:18:09,211 - INFO - Blockchain created with initial difficulty: 2
2024-11-05 22:18:09,211 - DEBUG - Retrieved latest block: Block(Previous Hash: 0..., Hash: 2a91c9..., Nonce: 0, Transactions: [Transaction(Sender: 294..., Recipient: 262..., Amount: 0)])
2024-11-05 22:18:09,315 - DEBUG - Retrieved latest block: Block(Previous Hash: 0..., Hash: 2a91c9..., Nonce: 0, Transactions: [Transaction(Sender: 294..., Recipient: 262..., Amount: 0)])
2024-11-05 22:18:09,316 - INFO - New block added: Block(Previous Hash: 2a91c9..., Hash: 00c419..., Nonce: 120, Transactions: [Transaction(Sender: 220..., Recipient: 229..., Amount: 10), Transaction(Sender: 193..., Recipient: 233..., Amount: 20)])
2024-11-05 22:18:09,552 - DEBUG - Retrieved latest block: Block(Previous Hash: 2a91c9..., Hash: 00c419..., Nonce: 120, Transactions: [Transaction(Sender: 220..., Recipient: 229..., Amount: 10), Transaction(Sender: 193..., Recipient: 233..., Amount: 20)])
2024-11-05 22:18:09,552 - INFO - New block added: Block(Previous Hash: 00c419..., Hash: 007fda..., Nonce: 183, Transactions: [Transaction(Sender: 211..., Recipient: 283..., Amount: 15), Transaction(Sender: 206..., Recipient: 221..., Amount: 10), Transaction(Sender: 282..., Recipient: 221..., Amount: 30)])
2024-11-05 22:18:41,998 - INFO - Genesis block created: Block(Previous Hash: 0..., Hash: 0733a6..., Nonce: 0, Transactions: [Transaction(Sender: 227..., Recipient: 280..., Amount: 0)])
2024-11-05 22:18:42,000 - INFO - Blockchain created with initial difficulty: 2
2024-11-05 22:18:42,000 - DEBUG - Retrieved latest block: Block(Previous Hash: 0..., Hash: 0733a6..., Nonce: 0, Transactions: [Transaction(Sender: 227..., Recipient: 280..., Amount: 0)])
2024-11-05 22:18:42,200 - DEBUG - Retrieved latest block: Block(Previous Hash: 0..., Hash: 0733a6..., Nonce: 0, Transactions: [Transaction(Sender: 227..., Recipient: 280..., Amount: 0)])
2024-11-05 22:18:42,200 - INFO - New block added: Block(Previous Hash: 0733a6..., Hash: 0020b3..., Nonce: 69, Transactions: [Transaction(Sender: 240..., Recipient: 234..., Amount: 10), Transaction(Sender: 245..., Recipient: 242..., Amount: 20)])
2024-11-05 22:18:42,466 - DEBUG - Retrieved latest block: Block(Previous Hash: 0733a6..., Hash: 0020b3..., Nonce: 69, Transactions: [Transaction(Sender: 240..., Recipient: 234..., Amount: 10), Transaction(Sender: 245..., Recipient: 242..., Amount: 20)])
2024-11-05 22:18:42,466 - INFO - New block added: Block(Previous Hash: 0020b3..., Hash: 00f70e..., Nonce: 400, Transactions: [Transaction(Sender: 211..., Recipient: 233..., Amount: 15), Transaction(Sender: 187..., Recipient: 243..., Amount: 10), Transaction(Sender: 256..., Recipient: 260..., Amount: 30)])
2024-11-05 22:18:43,566 - INFO - Genesis block created: Block(Previous Hash: 0..., Hash: 9e5289..., Nonce: 0, Transactions: [Transaction(Sender: 186..., Recipient: 257..., Amount: 0)])
2024-11-05 22:18:43,566 - INFO - Blockchain created with initial difficulty: 2
2024-11-05 22:18:43,566 - DEBUG - Retrieved latest block: Block(Previous Hash: 0..., Hash: 9e5289..., Nonce: 0, Transactions: [Transaction(Sender: 186..., Recipient: 257..., Amount: 0)])
2024-11-05 22:18:43,796 - DEBUG - Retrieved latest block: Block(Previous Hash: 0..., Hash: 9e5289..., Nonce: 0, Transactions: [Transaction(Sender: 186..., Recipient: 257..., Amount: 0)])
2024-11-05 22:18:43,797 - INFO - New block added: Block(Previous Hash: 9e5289..., Hash: 00ddc4..., Nonce: 724, Transactions: [Transaction(Sender: 227..., Recipient: 235..., Amount: 10), Transaction(Sender: 288..., Recipient: 185..., Amount: 20)])
2024-11-05 22:18:44,031 - DEBUG - Retrieved latest block: Block(Previous Hash: 9e5289..., Hash: 00ddc4..., Nonce: 724, Transactions: [Transaction(Sender: 227..., Recipient: 235..., Amount: 10), Transaction(Sender: 288..., Recipient: 185..., Amount: 20)])
2024-11-05 22:18:44,033 - INFO - New block added: Block(Previous Hash: 00ddc4..., Hash: 0004a4..., Nonce: 192, Transactions: [Transaction(Sender: 282..., Recipient: 214..., Amount: 15), Transaction(Sender: 211..., Recipient: 196..., Amount: 10), Transaction(Sender: 190..., Recipient: 232..., Amount: 30)])
2024-11-05 22:19:07,286 - INFO - Genesis block created: Block(Previous Hash: 0..., Hash: b1d2d5..., Nonce: 0, Transactions: [Transaction(Sender: 233..., Recipient: 241..., Amount: 0)])
2024-11-05 22:19:07,286 - INFO - Blockchain created with initial difficulty: 2
2024-11-05 22:19:07,286 - DEBUG - Retrieved latest block: Block(Previous Hash: 0..., Hash: b1d2d5..., Nonce: 0, Transactions: [Transaction(Sender: 233..., Recipient: 241..., Amount: 0)])
2024-11-05 22:19:07,450 - DEBUG - Retrieved latest block: Block(Previous Hash: 0..., Hash: b1d2d5..., Nonce: 0, Transactions: [Transaction(Sender: 233..., Recipient: 241..., Amount: 0)])
2024-11-05 22:19:07,450 - INFO - New block added: Block(Previous Hash: b1d2d5..., Hash: 00481f..., Nonce: 558, Transactions: [Transaction(Sender: 238..., Recipient: 251..., Amount: 10), Transaction(Sender: 312..., Recipient: 298..., Amount: 20)])
2024-11-05 22:19:07,666 - DEBUG - Retrieved latest block: Block(Previous Hash: b1d2d5..., Hash: 00481f..., Nonce: 558, Transactions: [Transaction(Sender: 238..., Recipient: 251..., Amount: 10), Transaction(Sender: 312..., Recipient: 298..., Amount: 20)])
2024-11-05 22:19:07,667 - INFO - New block added: Block(Previous Hash: 00481f..., Hash: 000f31..., Nonce: 671, Transactions: [Transaction(Sender: 275..., Recipient: 243..., Amount: 15), Transaction(Sender: 188..., Recipient: 250..., Amount: 10), Transaction(Sender: 200..., Recipient: 257..., Amount: 30)])
2024-11-05 22:19:09,905 - INFO - Genesis block created: Block(Previous Hash: 0..., Hash: d8eefc..., Nonce: 0, Transactions: [Transaction(Sender: 222..., Recipient: 235..., Amount: 0)])
2024-11-05 22:19:09,905 - INFO - Blockchain created with initial difficulty: 2
2024-11-05 22:19:09,905 - DEBUG - Retrieved latest block: Block(Previous Hash: 0..., Hash: d8eefc..., Nonce: 0, Transactions: [Transaction(Sender: 222..., Recipient: 235..., Amount: 0)])
2024-11-05 22:19:10,016 - DEBUG - Retrieved latest block: Block(Previous Hash: 0..., Hash: d8eefc..., Nonce: 0, Transactions: [Transaction(Sender: 222..., Recipient: 235..., Amount: 0)])
2024-11-05 22:19:10,017 - INFO - New block added: Block(Previous Hash: d8eefc..., Hash: 00039d..., Nonce: 251, Transactions: [Transaction(Sender: 222..., Recipient: 222..., Amount: 10), Transaction(Sender: 207..., Recipient: 251..., Amount: 20)])
2024-11-05 22:19:10,322 - DEBUG - Retrieved latest block: Block(Previous Hash: d8eefc..., Hash: 00039d..., Nonce: 251, Transactions: [Transaction(Sender: 222..., Recipient: 222..., Amount: 10), Transaction(Sender: 207..., Recipient: 251..., Amount: 20)])
2024-11-05 22:19:10,323 - INFO - New block added: Block(Previous Hash: 00039d..., Hash: 005f48..., Nonce: 246, Transactions: [Transaction(Sender: 316..., Recipient: 214..., Amount: 15), Transaction(Sender: 294..., Recipient: 265..., Amount: 10), Transaction(Sender: 267..., Recipient: 226..., Amount: 30)])
2024-11-05 22:19:34,731 - INFO - Genesis block created: Block(Previous Hash: 0..., Hash: bd6c1d..., Nonce: 0, Transactions: [Transaction(Sender: 183..., Recipient: 220..., Amount: 0)])
2024-11-05 22:19:34,731 - INFO - Blockchain created with initial difficulty: 2
2024-11-05 22:19:34,731 - DEBUG - Retrieved latest block: Block(Previous Hash: 0..., Hash: bd6c1d..., Nonce: 0, Transactions: [Transaction(Sender: 183..., Recipient: 220..., Amount: 0)])
2024-11-05 22:19:34,844 - DEBUG - Retrieved latest block: Block(Previous Hash: 0..., Hash: bd6c1d..., Nonce: 0, Transactions: [Transaction(Sender: 183..., Recipient: 220..., Amount: 0)])
2024-11-05 22:19:34,844 - INFO - New block added: Block(Previous Hash: bd6c1d..., Hash: 0040a8..., Nonce: 168, Transactions: [Transaction(Sender: 295..., Recipient: 268..., Amount: 10), Transaction(Sender: 177..., Recipient: 242..., Amount: 20)])
2024-11-05 22:19:35,032 - DEBUG - Retrieved latest block: Block(Previous Hash: bd6c1d..., Hash: 0040a8..., Nonce: 168, Transactions: [Transaction(Sender: 295..., Recipient: 268..., Amount: 10), Transaction(Sender: 177..., Recipient: 242..., Amount: 20)])
2024-11-05 22:19:35,033 - INFO - New block added: Block(Previous Hash: 0040a8..., Hash: 009423..., Nonce: 349, Transactions: [Transaction(Sender: 244..., Recipient: 272..., Amount: 15), Transaction(Sender: 252..., Recipient: 254..., Amount: 10), Transaction(Sender: 203..., Recipient: 215..., Amount: 30)])
2024-11-05 22:19:38,513 - INFO - Genesis block created: Block(Previous Hash: 0..., Hash: e21862..., Nonce: 0, Transactions: [Transaction(Sender: 202..., Recipient: 260..., Amount: 0)])
2024-11-05 22:19:38,513 - INFO - Blockchain created with initial difficulty: 2
2024-11-05 22:19:38,513 - DEBUG - Retrieved latest block: Block(Previous Hash: 0..., Hash: e21862..., Nonce: 0, Transactions: [Transaction(Sender: 202..., Recipient: 260..., Amount: 0)])
2024-11-05 22:19:38,727 - DEBUG - Retrieved latest block: Block(Previous Hash: 0..., Hash: e21862..., Nonce: 0, Transactions: [Transaction(Sender: 202..., Recipient: 260..., Amount: 0)])
2024-11-05 22:19:38,728 - INFO - New block added: Block(Previous Hash: e21862..., Hash: 00ed28..., Nonce: 84, Transactions: [Transaction(Sender: 292..., Recipient: 237..., Amount: 10), Transaction(Sender: 198..., Recipient: 253..., Amount: 20)])
2024-11-05 22:19:38,989 - DEBUG - Retrieved latest block: Block(Previous Hash: e21862..., Hash: 00ed28..., Nonce: 84, Transactions: [Transaction(Sender: 292..., Recipient: 237..., Amount: 10), Transaction(Sender: 198..., Recipient: 253..., Amount: 20)])
2024-11-05 22:19:38,990 - INFO - New block added: Block(Previous Hash: 00ed28..., Hash: 00a0e7..., Nonce: 1238, Transactions: [Transaction(Sender: 256..., Recipient: 291..., Amount: 15), Transaction(Sender: 199..., Recipient: 233..., Amount: 10), Transaction(Sender: 190..., Recipient: 191..., Amount: 30)])
2024-11-05 22:21:07,547 - INFO - Genesis block created: Block(Previous Hash: 0..., Hash: cefb36..., Nonce: 0, Transactions: [Transaction(Sender: 239..., Recipient: 238..., Amount: 0)])
2024-11-05 22:21:07,548 - INFO - Blockchain created with initial difficulty: 2
2024-11-05 22:21:07,548 - DEBUG - Retrieved latest block: Block(Previous Hash: 0..., Hash: cefb36..., Nonce: 0, Transactions: [Transaction(Sender: 239..., Recipient: 238..., Amount: 0)])
2024-11-05 22:21:07,818 - DEBUG - Retrieved latest block: Block(Previous Hash: 0..., Hash: cefb36..., Nonce: 0, Transactions: [Transaction(Sender: 239..., Recipient: 238..., Amount: 0)])
2024-11-05 22:21:07,819 - INFO - New block added: Block(Previous Hash: cefb36..., Hash: 003d79..., Nonce: 66, Transactions: [Transaction(Sender: 188..., Recipient: 270..., Amount: 10), Transaction(Sender: 255..., Recipient: 240..., Amount: 20)])
2024-11-05 22:21:07,997 - DEBUG - Retrieved latest block: Block(Previous Hash: cefb36..., Hash: 003d79..., Nonce: 66, Transactions: [Transaction(Sender: 188..., Recipient: 270..., Amount: 10), Transaction(Sender: 255..., Recipient: 240..., Amount: 20)])
2024-11-05 22:21:07,998 - INFO - New block added: Block(Previous Hash: 003d79..., Hash: 008ffc..., Nonce: 81, Transactions: [Transaction(Sender: 202..., Recipient: 316..., Amount: 15), Transaction(Sender: 293..., Recipient: 232..., Amount: 10), Transaction(Sender: 185..., Recipient: 194..., Amount: 30)])
2024-11-05 22:21:10,512 - INFO - Genesis block created: Block(Previous Hash: 0..., Hash: a7cab9..., Nonce: 0, Transactions: [Transaction(Sender: 249..., Recipient: 230..., Amount: 0)])
2024-11-05 22:21:10,512 - INFO - Blockchain created with initial difficulty: 2
2024-11-05 22:21:10,512 - DEBUG - Retrieved latest block: Block(Previous Hash: 0..., Hash: a7cab9..., Nonce: 0, Transactions: [Transaction(Sender: 249..., Recipient: 230..., Amount: 0)])
2024-11-05 22:21:10,757 - DEBUG - Retrieved latest block: Block(Previous Hash: 0..., Hash: a7cab9..., Nonce: 0, Transactions: [Transaction(Sender: 249..., Recipient: 230..., Amount: 0)])
2024-11-05 22:21:10,757 - INFO - New block added: Block(Previous Hash: a7cab9..., Hash: 004e53..., Nonce: 27, Transactions: [Transaction(Sender: 238..., Recipient: 213..., Amount: 10), Transaction(Sender: 268..., Recipient: 237..., Amount: 20)])
2024-11-05 22:21:10,913 - DEBUG - Retrieved latest block: Block(Previous Hash: a7cab9..., Hash: 004e53..., Nonce: 27, Transactions: [Transaction(Sender: 238..., Recipient: 213..., Amount: 10), Transaction(Sender: 268..., Recipient: 237..., Amount: 20)])
2024-11-05 22:21:10,913 - INFO - New block added: Block(Previous Hash: 004e53..., Hash: 00e58a..., Nonce: 218, Transactions: [Transaction(Sender: 269..., Recipient: 243..., Amount: 15), Transaction(Sender: 229..., Recipient: 254..., Amount: 10), Transaction(Sender: 241..., Recipient: 273..., Amount: 30)])
