2024-10-25 22:51:45,184 - INFO - Block created with previous hash: 0, transactions: [Transaction(Sender: 237..., Recipient: 256..., Amount: 0)]
2024-10-25 22:51:45,184 - INFO - Block created with previous hash: 887ca90306333f51c237298e13d3ba0d01839d910355ce2613577e0c76b9ccf2, transactions: [Transaction(Sender: 265..., Recipient: 242..., Amount: 10), Transaction(Sender: 265..., Recipient: 242..., Amount: 20)]
2024-10-25 22:51:45,184 - INFO - Starting mining with difficulty 4...
2024-10-25 22:52:05,304 - INFO - Block created with previous hash: 0, transactions: [Transaction(Sender: 226..., Recipient: 183..., Amount: 0)]
2024-10-25 22:52:05,304 - INFO - Block created with previous hash: 5cb5c512825cc591fe2cea538f66b5ef452e783e37683c4bc4bb5ddd9c4de343, transactions: [Transaction(Sender: 238..., Recipient: 298..., Amount: 10), Transaction(Sender: 238..., Recipient: 298..., Amount: 20)]
2024-10-25 22:52:05,304 - INFO - Starting mining with difficulty 4...
2024-10-25 22:52:06,862 - INFO - Block mined successfully. Nonce: 39530, Hash: 00003203fa78cfb14bf27075b73e40e3f06f736796023499458ff23894526d90
2024-10-25 22:52:06,863 - INFO - All transactions validated successfully for block: Block(Previous Hash: 5cb5c5..., Hash: 000032..., Nonce: 39530, Transactions: [Transaction(Sender: 238..., Recipient: 298..., Amount: 10), Transaction(Sender: 238..., Recipient: 298..., Amount: 20)])
2024-10-25 22:52:06,863 - INFO - All transactions validated successfully for block: Block(Previous Hash: 5cb5c5..., Hash: 000032..., Nonce: 39530, Transactions: [Transaction(Sender: 238..., Recipient: 298..., Amount: 10), Transaction(Sender: 238..., Recipient: 298..., Amount: 20)])
2024-10-26 13:34:00,033 - INFO - Starting assertions check for Block class...
2024-10-26 13:34:00,088 - INFO - Block created with previous hash: 0000000000000000000000000000000000000000000000000000000000000000, transactions: [Transaction(Sender: 198..., Recipient: 191..., Amount: 10), Transaction(Sender: 198..., Recipient: 191..., Amount: 20)]
2024-10-26 13:34:00,088 - INFO - All assertions passed for Block class.
2024-10-26 13:34:02,810 - INFO - Block created with previous hash: 0, transactions: [Transaction(Sender: 199..., Recipient: 228..., Amount: 0)]
2024-10-26 13:34:02,810 - INFO - Block created with previous hash: 78e1a08f18fc6e8b5f52b39bd04f22a38de35748d94c1e34e1d6e090209cbbc5, transactions: [Transaction(Sender: 262..., Recipient: 264..., Amount: 10), Transaction(Sender: 262..., Recipient: 264..., Amount: 20)]
2024-10-26 13:34:03,019 - INFO - All transactions validated successfully for block: Block(Previous Hash: 78e1a0..., Hash: 00006e..., Nonce: 5276, Transactions: [Transaction(Sender: 262..., Recipient: 264..., Amount: 10), Transaction(Sender: 262..., Recipient: 264..., Amount: 20)])
2024-10-26 13:34:03,020 - INFO - All transactions validated successfully for block: Block(Previous Hash: 78e1a0..., Hash: 00006e..., Nonce: 5276, Transactions: [Transaction(Sender: 262..., Recipient: 264..., Amount: 10), Transaction(Sender: 262..., Recipient: 264..., Amount: 20)])
2024-10-26 23:07:12,226 - INFO - Block created with previous hash: 0000000000000000000000000000000000000000000000000000000000000000, transactions: [Transaction(Sender: 278..., Recipient: 233..., Amount: 100), Transaction(Sender: 278..., Recipient: 233..., Amount: 50)]
2024-10-26 23:07:12,248 - INFO - Block created with previous hash: 0, transactions: [Transaction(Sender: 228..., Recipient: 223..., Amount: 0)]
2024-10-26 23:09:06,721 - INFO - Block created with previous hash: 0, transactions: [Transaction(Sender: 273..., Recipient: 249..., Amount: 0)]
2024-10-26 23:09:06,722 - INFO - Block created with previous hash: 0, transactions: [Transaction(Sender: 228..., Recipient: 223..., Amount: 0)]
2024-10-26 23:09:06,722 - INFO - Block created with previous hash: 0000000000000000000000000000000000000000000000000000000000000000, transactions: [Transaction(Sender: 278..., Recipient: 233..., Amount: 100), Transaction(Sender: 278..., Recipient: 233..., Amount: 50)]
2024-10-26 23:09:09,984 - INFO - Block created with previous hash: 0, transactions: [Transaction(Sender: 299..., Recipient: 184..., Amount: 0)]
2024-10-26 23:09:09,984 - INFO - Block created with previous hash: 0, transactions: [Transaction(Sender: 228..., Recipient: 223..., Amount: 0)]
2024-10-26 23:09:09,984 - INFO - Block created with previous hash: 0000000000000000000000000000000000000000000000000000000000000000, transactions: [Transaction(Sender: 278..., Recipient: 233..., Amount: 100), Transaction(Sender: 278..., Recipient: 233..., Amount: 50)]
2024-11-02 16:47:12,381 - INFO - Starting assertions check for Block class...
2024-11-02 16:47:12,498 - INFO - Block created with previous hash: 0000000000000000000000000000000000000000000000000000000000000000, transactions: [Transaction(Sender: 212..., Recipient: 279..., Amount: 10), Transaction(Sender: 282..., Recipient: 233..., Amount: 20)]
2024-11-02 16:47:12,499 - INFO - All assertions passed for Block class.
2024-11-02 17:00:07,458 - INFO - Block created with previous hash: 0, transactions: [Transaction(Sender: 286..., Recipient: 253..., Amount: 0)]
2024-11-02 17:00:07,568 - INFO - Block created with previous hash: 0000000000000000000000000000000000000000000000000000000000000000, transactions: [Transaction(Sender: 253..., Recipient: 173..., Amount: 10), Transaction(Sender: 241..., Recipient: 270..., Amount: 20)]
2024-11-02 17:00:12,831 - INFO - All transactions validated successfully for block: Block(Previous Hash: edc61c..., Hash: 000083..., Nonce: 126780, Transactions: [Transaction(Sender: 253..., Recipient: 173..., Amount: 10), Transaction(Sender: 241..., Recipient: 270..., Amount: 20)])
2024-11-02 17:00:13,059 - INFO - Block created with previous hash: 24cd0f201670359e8c6ba8d6f832a82d00fe2bf8d12387883ed5680f7fdf2010, transactions: [Transaction(Sender: 234..., Recipient: 229..., Amount: 15), Transaction(Sender: 207..., Recipient: 233..., Amount: 10), Transaction(Sender: 202..., Recipient: 199..., Amount: 30)]
2024-11-02 17:00:14,744 - INFO - All transactions validated successfully for block: Block(Previous Hash: 000083..., Hash: 00001c..., Nonce: 27749, Transactions: [Transaction(Sender: 234..., Recipient: 229..., Amount: 15), Transaction(Sender: 207..., Recipient: 233..., Amount: 10), Transaction(Sender: 202..., Recipient: 199..., Amount: 30)])
2024-11-02 17:00:37,355 - INFO - Block created with previous hash: 0, transactions: [Transaction(Sender: 253..., Recipient: 255..., Amount: 0)]
2024-11-02 17:00:37,473 - INFO - Block created with previous hash: 0000000000000000000000000000000000000000000000000000000000000000, transactions: [Transaction(Sender: 231..., Recipient: 208..., Amount: 10), Transaction(Sender: 264..., Recipient: 184..., Amount: 20)]
2024-11-02 17:00:37,475 - INFO - All transactions validated successfully for block: Block(Previous Hash: 064fab..., Hash: 009d7a..., Nonce: 32, Transactions: [Transaction(Sender: 231..., Recipient: 208..., Amount: 10), Transaction(Sender: 264..., Recipient: 184..., Amount: 20)])
2024-11-02 17:00:37,747 - INFO - Block created with previous hash: 08ed343b09081319888ce537c902ca9424fe0d7ba62f09995d7794067dcac204, transactions: [Transaction(Sender: 179..., Recipient: 293..., Amount: 15), Transaction(Sender: 243..., Recipient: 222..., Amount: 10), Transaction(Sender: 274..., Recipient: 223..., Amount: 30)]
2024-11-02 17:00:37,769 - INFO - All transactions validated successfully for block: Block(Previous Hash: 009d7a..., Hash: 001427..., Nonce: 393, Transactions: [Transaction(Sender: 179..., Recipient: 293..., Amount: 15), Transaction(Sender: 243..., Recipient: 222..., Amount: 10), Transaction(Sender: 274..., Recipient: 223..., Amount: 30)])
2024-11-02 17:00:43,989 - INFO - Block created with previous hash: 0, transactions: [Transaction(Sender: 187..., Recipient: 193..., Amount: 0)]
2024-11-02 17:00:44,148 - INFO - Block created with previous hash: 0000000000000000000000000000000000000000000000000000000000000000, transactions: [Transaction(Sender: 216..., Recipient: 226..., Amount: 10), Transaction(Sender: 231..., Recipient: 242..., Amount: 20)]
2024-11-02 17:00:52,147 - INFO - All transactions validated successfully for block: Block(Previous Hash: 7b8b71..., Hash: 0032fe..., Nonce: 357, Transactions: [Transaction(Sender: 216..., Recipient: 226..., Amount: 10), Transaction(Sender: 231..., Recipient: 242..., Amount: 20)])
2024-11-02 17:00:54,445 - INFO - Block created with previous hash: 460bba1fd05fa374eff4f84e08379b08034cf6dcd4f25851184c48818e2d5b79, transactions: [Transaction(Sender: 181..., Recipient: 179..., Amount: 15), Transaction(Sender: 257..., Recipient: 281..., Amount: 10), Transaction(Sender: 215..., Recipient: 243..., Amount: 30)]
2024-11-02 17:00:54,455 - INFO - All transactions validated successfully for block: Block(Previous Hash: 0032fe..., Hash: 00ca31..., Nonce: 116, Transactions: [Transaction(Sender: 181..., Recipient: 179..., Amount: 15), Transaction(Sender: 257..., Recipient: 281..., Amount: 10), Transaction(Sender: 215..., Recipient: 243..., Amount: 30)])
2024-11-02 17:01:08,895 - INFO - Block created with previous hash: 0, transactions: [Transaction(Sender: 234..., Recipient: 236..., Amount: 0)]
2024-11-02 17:01:09,094 - INFO - Block created with previous hash: 0000000000000000000000000000000000000000000000000000000000000000, transactions: [Transaction(Sender: 216..., Recipient: 260..., Amount: 10), Transaction(Sender: 230..., Recipient: 233..., Amount: 20)]
2024-11-02 17:01:09,099 - INFO - All transactions validated successfully for block: Block(Previous Hash: f6f340..., Hash: 00db11..., Nonce: 112, Transactions: [Transaction(Sender: 216..., Recipient: 260..., Amount: 10), Transaction(Sender: 230..., Recipient: 233..., Amount: 20)])
2024-11-02 17:01:09,301 - INFO - Block created with previous hash: 1b29a0be5a51f0e313b42b5f6a27aa8d21e51c7dba997e9dec7ef0592e463157, transactions: [Transaction(Sender: 230..., Recipient: 247..., Amount: 15), Transaction(Sender: 218..., Recipient: 228..., Amount: 10), Transaction(Sender: 195..., Recipient: 173..., Amount: 30)]
2024-11-02 17:01:09,304 - INFO - All transactions validated successfully for block: Block(Previous Hash: 00db11..., Hash: 0057f8..., Nonce: 54, Transactions: [Transaction(Sender: 230..., Recipient: 247..., Amount: 15), Transaction(Sender: 218..., Recipient: 228..., Amount: 10), Transaction(Sender: 195..., Recipient: 173..., Amount: 30)])
2024-11-02 17:01:58,780 - INFO - Block created with previous hash: 0, transactions: [Transaction(Sender: 187..., Recipient: 192..., Amount: 0)]
2024-11-02 17:01:58,868 - INFO - Block created with previous hash: 0cd05512e63332457055b41329d8b33765e82d7d1f2b4174dc10bbdd7e852d2d, transactions: [Transaction(Sender: 251..., Recipient: 219..., Amount: 10), Transaction(Sender: 246..., Recipient: 213..., Amount: 20)]
2024-11-02 17:01:58,870 - INFO - All transactions validated successfully for block: Block(Previous Hash: 0cd055..., Hash: 0051b2..., Nonce: 37, Transactions: [Transaction(Sender: 251..., Recipient: 219..., Amount: 10), Transaction(Sender: 246..., Recipient: 213..., Amount: 20)])
2024-11-02 17:01:59,130 - INFO - Block created with previous hash: 5cc3be3392667830a36d2d3cba8bd9f25cd8c41f4a9207fd28b0b6eeec62ac22, transactions: [Transaction(Sender: 308..., Recipient: 230..., Amount: 15), Transaction(Sender: 256..., Recipient: 186..., Amount: 10), Transaction(Sender: 231..., Recipient: 193..., Amount: 30)]
2024-11-02 17:01:59,136 - INFO - All transactions validated successfully for block: Block(Previous Hash: 0051b2..., Hash: 008bdb..., Nonce: 106, Transactions: [Transaction(Sender: 308..., Recipient: 230..., Amount: 15), Transaction(Sender: 256..., Recipient: 186..., Amount: 10), Transaction(Sender: 231..., Recipient: 193..., Amount: 30)])
2024-11-02 17:01:59,136 - INFO - All transactions validated successfully for block: Block(Previous Hash: 0cd055..., Hash: 0051b2..., Nonce: 37, Transactions: [Transaction(Sender: 251..., Recipient: 219..., Amount: 10), Transaction(Sender: 246..., Recipient: 213..., Amount: 20)])
2024-11-02 17:02:10,961 - INFO - Block created with previous hash: 0, transactions: [Transaction(Sender: 200..., Recipient: 301..., Amount: 0)]
2024-11-02 17:02:11,091 - INFO - Block created with previous hash: 5541d74fb5ee46903143418e3b10575750a6e26d94d38c1b91361fa5a7cb357e, transactions: [Transaction(Sender: 272..., Recipient: 217..., Amount: 10), Transaction(Sender: 261..., Recipient: 193..., Amount: 20)]
2024-11-02 17:02:11,119 - INFO - All transactions validated successfully for block: Block(Previous Hash: 5541d7..., Hash: 00c2e6..., Nonce: 512, Transactions: [Transaction(Sender: 272..., Recipient: 217..., Amount: 10), Transaction(Sender: 261..., Recipient: 193..., Amount: 20)])
2024-11-02 17:02:11,342 - INFO - Block created with previous hash: e273a7e2ad9db8ee30fe040b750ec299e73bbdc70ea3027b3eface5ab14c34b7, transactions: [Transaction(Sender: 295..., Recipient: 230..., Amount: 15), Transaction(Sender: 181..., Recipient: 239..., Amount: 10), Transaction(Sender: 225..., Recipient: 192..., Amount: 30)]
2024-11-02 17:02:11,349 - INFO - All transactions validated successfully for block: Block(Previous Hash: 00c2e6..., Hash: 005a2d..., Nonce: 48, Transactions: [Transaction(Sender: 295..., Recipient: 230..., Amount: 15), Transaction(Sender: 181..., Recipient: 239..., Amount: 10), Transaction(Sender: 225..., Recipient: 192..., Amount: 30)])
2024-11-02 17:02:28,629 - INFO - All transactions validated successfully for block: Block(Previous Hash: 5541d7..., Hash: 00c2e6..., Nonce: 512, Transactions: [Transaction(Sender: 272..., Recipient: 217..., Amount: 10), Transaction(Sender: 261..., Recipient: 193..., Amount: 20)])
2024-11-02 17:03:00,416 - INFO - Block created with previous hash: 0, transactions: [Transaction(Sender: 295..., Recipient: 251..., Amount: 0)]
2024-11-02 17:03:00,566 - INFO - Block created with previous hash: 092378ab52b89df95beb6441fe3d388d3410089a576a567c819923d1e66ca752, transactions: [Transaction(Sender: 194..., Recipient: 212..., Amount: 10), Transaction(Sender: 240..., Recipient: 197..., Amount: 20)]
2024-11-02 17:03:00,573 - INFO - All transactions validated successfully for block: Block(Previous Hash: 092378..., Hash: 002316..., Nonce: 138, Transactions: [Transaction(Sender: 194..., Recipient: 212..., Amount: 10), Transaction(Sender: 240..., Recipient: 197..., Amount: 20)])
2024-11-02 17:03:00,764 - INFO - Block created with previous hash: 002316d1c7eef4eb29e2fceacc0aa33a92de8c2fffbd8b801ec5181c3e85507b, transactions: [Transaction(Sender: 179..., Recipient: 266..., Amount: 15), Transaction(Sender: 273..., Recipient: 223..., Amount: 10), Transaction(Sender: 258..., Recipient: 263..., Amount: 30)]
2024-11-02 17:03:00,766 - INFO - All transactions validated successfully for block: Block(Previous Hash: 002316..., Hash: 007e88..., Nonce: 12, Transactions: [Transaction(Sender: 179..., Recipient: 266..., Amount: 15), Transaction(Sender: 273..., Recipient: 223..., Amount: 10), Transaction(Sender: 258..., Recipient: 263..., Amount: 30)])
2024-11-02 17:03:00,766 - INFO - All transactions validated successfully for block: Block(Previous Hash: 092378..., Hash: 002316..., Nonce: 138, Transactions: [Transaction(Sender: 194..., Recipient: 212..., Amount: 10), Transaction(Sender: 240..., Recipient: 197..., Amount: 20)])
2024-11-02 17:03:00,767 - INFO - All transactions validated successfully for block: Block(Previous Hash: 002316..., Hash: 007e88..., Nonce: 12, Transactions: [Transaction(Sender: 179..., Recipient: 266..., Amount: 15), Transaction(Sender: 273..., Recipient: 223..., Amount: 10), Transaction(Sender: 258..., Recipient: 263..., Amount: 30)])
2024-11-02 17:10:01,835 - INFO - Block created with previous hash: 0000000000000000000000000000000000000000000000000000000000000000, transactions: [Transaction(Sender: 226..., Recipient: 219..., Amount: 10), Transaction(Sender: 260..., Recipient: 292..., Amount: 20)]
2024-11-02 17:13:59,385 - INFO - Block created with previous hash: 0000000000000000000000000000000000000000000000000000000000000000, transactions: [Transaction(Sender: 265..., Recipient: 257..., Amount: 10), Transaction(Sender: 208..., Recipient: 212..., Amount: 20)]
2024-11-02 17:14:09,609 - INFO - Block created with previous hash: 0000000000000000000000000000000000000000000000000000000000000000, transactions: [Transaction(Sender: 223..., Recipient: 226..., Amount: 10), Transaction(Sender: 243..., Recipient: 255..., Amount: 20)]
2024-11-02 23:56:18,567 - INFO - Block created with previous hash: 0000000000000000000000000000000000000000000000000000000000000000, transactions: [Transaction(Sender: 229..., Recipient: 239..., Amount: 10), Transaction(Sender: 287..., Recipient: 263..., Amount: 20)]
2024-11-02 23:59:07,584 - INFO - Block created with previous hash: 0000000000000000000000000000000000000000000000000000000000000000, transactions: [Transaction(Sender: 278..., Recipient: 213..., Amount: 10), Transaction(Sender: 224..., Recipient: 316..., Amount: 20)]
2024-11-03 00:00:24,973 - INFO - Block created with previous hash: 0000000000000000000000000000000000000000000000000000000000000000, transactions: [Transaction(Sender: 228..., Recipient: 227..., Amount: 10), Transaction(Sender: 237..., Recipient: 226..., Amount: 20)]
2024-11-03 00:04:16,129 - INFO - Block created with previous hash: 0000000000000000000000000000000000000000000000000000000000000000, transactions: [Transaction(Sender: 300..., Recipient: 245..., Amount: 10), Transaction(Sender: 201..., Recipient: 245..., Amount: 20)]
2024-11-03 00:10:26,605 - INFO - Block created with previous hash: 0000000000000000000000000000000000000000000000000000000000000000, transactions: [Transaction(Sender: 210..., Recipient: 205..., Amount: 10), Transaction(Sender: 231..., Recipient: 226..., Amount: 20)]
2024-11-03 00:11:13,286 - INFO - Block created with previous hash: 0000000000000000000000000000000000000000000000000000000000000000, transactions: [Transaction(Sender: 193..., Recipient: 202..., Amount: 10), Transaction(Sender: 305..., Recipient: 193..., Amount: 20)]
2024-11-03 00:11:36,476 - INFO - Block created with previous hash: 0000000000000000000000000000000000000000000000000000000000000000, transactions: [Transaction(Sender: 257..., Recipient: 220..., Amount: 10), Transaction(Sender: 227..., Recipient: 194..., Amount: 20)]
2024-11-03 00:11:51,376 - INFO - Block created with previous hash: 0000000000000000000000000000000000000000000000000000000000000000, transactions: [Transaction(Sender: 281..., Recipient: 235..., Amount: 10), Transaction(Sender: 175..., Recipient: 270..., Amount: 20)]
2024-11-03 00:11:57,267 - INFO - Block created with previous hash: 0000000000000000000000000000000000000000000000000000000000000000, transactions: [Transaction(Sender: 290..., Recipient: 283..., Amount: 10), Transaction(Sender: 218..., Recipient: 187..., Amount: 20)]
2024-11-03 00:11:58,614 - INFO - Block created with previous hash: 0000000000000000000000000000000000000000000000000000000000000000, transactions: [Transaction(Sender: 182..., Recipient: 176..., Amount: 10), Transaction(Sender: 244..., Recipient: 290..., Amount: 20)]
2024-11-03 00:11:59,897 - INFO - Block created with previous hash: 0000000000000000000000000000000000000000000000000000000000000000, transactions: [Transaction(Sender: 244..., Recipient: 242..., Amount: 10), Transaction(Sender: 232..., Recipient: 234..., Amount: 20)]
2024-11-03 00:12:01,047 - INFO - Block created with previous hash: 0000000000000000000000000000000000000000000000000000000000000000, transactions: [Transaction(Sender: 238..., Recipient: 197..., Amount: 10), Transaction(Sender: 200..., Recipient: 306..., Amount: 20)]
2024-11-03 00:12:16,954 - INFO - Block created with previous hash: 0000000000000000000000000000000000000000000000000000000000000000, transactions: [Transaction(Sender: 221..., Recipient: 190..., Amount: 10), Transaction(Sender: 247..., Recipient: 213..., Amount: 20)]
2024-11-03 00:12:19,823 - INFO - Block created with previous hash: 0000000000000000000000000000000000000000000000000000000000000000, transactions: [Transaction(Sender: 199..., Recipient: 307..., Amount: 10), Transaction(Sender: 220..., Recipient: 224..., Amount: 20)]
2024-11-03 00:12:28,269 - INFO - Block created with previous hash: 0000000000000000000000000000000000000000000000000000000000000000, transactions: [Transaction(Sender: 241..., Recipient: 292..., Amount: 10), Transaction(Sender: 264..., Recipient: 277..., Amount: 20)]
2024-11-03 00:12:30,123 - INFO - Block created with previous hash: 0000000000000000000000000000000000000000000000000000000000000000, transactions: [Transaction(Sender: 265..., Recipient: 173..., Amount: 10), Transaction(Sender: 262..., Recipient: 180..., Amount: 20)]
2024-11-03 00:13:14,213 - INFO - Block created with previous hash: 0000000000000000000000000000000000000000000000000000000000000000, transactions: [Transaction(Sender: 270..., Recipient: 298..., Amount: 10), Transaction(Sender: 191..., Recipient: 195..., Amount: 20)]
2024-11-03 00:13:41,610 - INFO - Block created with previous hash: 0000000000000000000000000000000000000000000000000000000000000000, transactions: [Transaction(Sender: 267..., Recipient: 221..., Amount: 10), Transaction(Sender: 244..., Recipient: 207..., Amount: 20)]
2024-11-03 00:13:49,026 - INFO - Block created with previous hash: 0000000000000000000000000000000000000000000000000000000000000000, transactions: [Transaction(Sender: 270..., Recipient: 232..., Amount: 10), Transaction(Sender: 318..., Recipient: 287..., Amount: 20)]
2024-11-03 00:14:39,120 - INFO - Block created with previous hash: 0000000000000000000000000000000000000000000000000000000000000000, transactions: [Transaction(Sender: 199..., Recipient: 207..., Amount: 10), Transaction(Sender: 204..., Recipient: 254..., Amount: 20)]
2024-11-03 00:17:48,718 - INFO - Block created with previous hash: 0000000000000000000000000000000000000000000000000000000000000000, transactions: [Transaction(Sender: 261..., Recipient: 269..., Amount: 10), Transaction(Sender: 240..., Recipient: 183..., Amount: 20)]
2024-11-03 00:18:53,308 - INFO - Block created with previous hash: 0000000000000000000000000000000000000000000000000000000000000000, transactions: [Transaction(Sender: 294..., Recipient: 276..., Amount: 10), Transaction(Sender: 271..., Recipient: 207..., Amount: 20)]
2024-11-03 00:19:05,099 - INFO - Block created with previous hash: 0000000000000000000000000000000000000000000000000000000000000000, transactions: [Transaction(Sender: 260..., Recipient: 270..., Amount: 10), Transaction(Sender: 237..., Recipient: 290..., Amount: 20)]
2024-11-03 00:20:14,933 - INFO - Block created with previous hash: 0000000000000000000000000000000000000000000000000000000000000000, transactions: [Transaction(Sender: 208..., Recipient: 255..., Amount: 10), Transaction(Sender: 235..., Recipient: 270..., Amount: 20)]
2024-11-03 00:20:20,142 - INFO - Block created with previous hash: 0000000000000000000000000000000000000000000000000000000000000000, transactions: [Transaction(Sender: 242..., Recipient: 219..., Amount: 10), Transaction(Sender: 185..., Recipient: 208..., Amount: 20)]
2024-11-03 00:20:35,907 - INFO - Block created with previous hash: 0000000000000000000000000000000000000000000000000000000000000000, transactions: [Transaction(Sender: 253..., Recipient: 268..., Amount: 10), Transaction(Sender: 212..., Recipient: 266..., Amount: 20)]
2024-11-03 00:20:59,934 - INFO - Block created with previous hash: 0000000000000000000000000000000000000000000000000000000000000000, transactions: [Transaction(Sender: 306..., Recipient: 226..., Amount: 10), Transaction(Sender: 184..., Recipient: 253..., Amount: 20)]
2024-11-03 00:21:07,641 - INFO - Block created with previous hash: 0000000000000000000000000000000000000000000000000000000000000000, transactions: [Transaction(Sender: 203..., Recipient: 271..., Amount: 10), Transaction(Sender: 233..., Recipient: 233..., Amount: 20)]
2024-11-03 00:21:23,131 - INFO - Block created with previous hash: 0000000000000000000000000000000000000000000000000000000000000000, transactions: [Transaction(Sender: 217..., Recipient: 228..., Amount: 10), Transaction(Sender: 228..., Recipient: 218..., Amount: 20)]
2024-11-03 00:25:03,466 - INFO - Block created with previous hash: 0000000000000000000000000000000000000000000000000000000000000000, transactions: [Transaction(Sender: 247..., Recipient: 194..., Amount: 10), Transaction(Sender: 243..., Recipient: 234..., Amount: 20)]
2024-11-03 00:25:17,785 - INFO - Block created with previous hash: 0000000000000000000000000000000000000000000000000000000000000000, transactions: [Transaction(Sender: 297..., Recipient: 221..., Amount: 10), Transaction(Sender: 231..., Recipient: 239..., Amount: 20)]
2024-11-03 00:25:32,376 - INFO - Block created with previous hash: 0000000000000000000000000000000000000000000000000000000000000000, transactions: [Transaction(Sender: 200..., Recipient: 292..., Amount: 10), Transaction(Sender: 222..., Recipient: 251..., Amount: 20)]
2024-11-03 00:25:50,389 - INFO - Block created with previous hash: 0000000000000000000000000000000000000000000000000000000000000000, transactions: [Transaction(Sender: 218..., Recipient: 248..., Amount: 10), Transaction(Sender: 258..., Recipient: 237..., Amount: 20)]
2024-11-03 00:26:27,973 - INFO - Block created with previous hash: 0000000000000000000000000000000000000000000000000000000000000000, transactions: [Transaction(Sender: 240..., Recipient: 274..., Amount: 10), Transaction(Sender: 256..., Recipient: 244..., Amount: 20)]
2024-11-03 00:29:48,871 - INFO - Block created with previous hash: 0000000000000000000000000000000000000000000000000000000000000000, transactions: [Transaction(Sender: 209..., Recipient: 211..., Amount: 10), Transaction(Sender: 222..., Recipient: 248..., Amount: 20)]
2024-11-03 00:30:01,397 - INFO - Block created with previous hash: 0000000000000000000000000000000000000000000000000000000000000000, transactions: [Transaction(Sender: 305..., Recipient: 243..., Amount: 10), Transaction(Sender: 272..., Recipient: 223..., Amount: 20)]
2024-11-03 00:36:52,819 - INFO - Block created with previous hash: 0000000000000000000000000000000000000000000000000000000000000000, transactions: [Transaction(Sender: 192..., Recipient: 221..., Amount: 10), Transaction(Sender: 233..., Recipient: 194..., Amount: 20)]
2024-11-03 00:37:00,960 - INFO - Block created with previous hash: 0000000000000000000000000000000000000000000000000000000000000000, transactions: [Transaction(Sender: 227..., Recipient: 224..., Amount: 10), Transaction(Sender: 311..., Recipient: 218..., Amount: 20)]
2024-11-03 00:37:17,348 - INFO - Block created with previous hash: 0000000000000000000000000000000000000000000000000000000000000000, transactions: [Transaction(Sender: 231..., Recipient: 265..., Amount: 10), Transaction(Sender: 207..., Recipient: 226..., Amount: 20)]
2024-11-03 00:37:32,118 - INFO - Block created with previous hash: 0000000000000000000000000000000000000000000000000000000000000000, transactions: [Transaction(Sender: 234..., Recipient: 213..., Amount: 10), Transaction(Sender: 201..., Recipient: 204..., Amount: 20)]
2024-11-03 00:38:22,217 - INFO - Block created with previous hash: 0000000000000000000000000000000000000000000000000000000000000000, transactions: [Transaction(Sender: 171..., Recipient: 245..., Amount: 10), Transaction(Sender: 231..., Recipient: 294..., Amount: 20)]
2024-11-03 00:39:32,782 - INFO - Block created with previous hash: 0000000000000000000000000000000000000000000000000000000000000000, transactions: [Transaction(Sender: 192..., Recipient: 173..., Amount: 10), Transaction(Sender: 229..., Recipient: 201..., Amount: 20)]
2024-11-03 00:39:43,674 - INFO - Block created with previous hash: 0000000000000000000000000000000000000000000000000000000000000000, transactions: [Transaction(Sender: 231..., Recipient: 224..., Amount: 10), Transaction(Sender: 232..., Recipient: 263..., Amount: 20)]
2024-11-03 00:39:57,079 - INFO - Block created with previous hash: 0000000000000000000000000000000000000000000000000000000000000000, transactions: [Transaction(Sender: 262..., Recipient: 208..., Amount: 10), Transaction(Sender: 202..., Recipient: 262..., Amount: 20)]
2024-11-03 00:40:35,964 - INFO - Block created with previous hash: 0000000000000000000000000000000000000000000000000000000000000000, transactions: [Transaction(Sender: 255..., Recipient: 243..., Amount: 10), Transaction(Sender: 216..., Recipient: 181..., Amount: 20)]
2024-11-03 00:40:55,954 - INFO - Block created with previous hash: 0000000000000000000000000000000000000000000000000000000000000000, transactions: [Transaction(Sender: 237..., Recipient: 246..., Amount: 10), Transaction(Sender: 209..., Recipient: 265..., Amount: 20)]
2024-11-03 00:41:08,578 - INFO - Block created with previous hash: 0000000000000000000000000000000000000000000000000000000000000000, transactions: [Transaction(Sender: 233..., Recipient: 248..., Amount: 10), Transaction(Sender: 194..., Recipient: 209..., Amount: 20)]
2024-11-04 23:03:34,694 - INFO - Block created with previous hash: 0000000000000000000000000000000000000000000000000000000000000000, transactions: [Transaction(Sender: 218..., Recipient: 270..., Amount: 10), Transaction(Sender: 204..., Recipient: 278..., Amount: 20)]
2024-11-04 23:09:22,868 - INFO - Block created with previous hash: 0, transactions: [Transaction(Sender: 261..., Recipient: 231..., Amount: 0)]
2024-11-04 23:09:23,002 - INFO - Block created with previous hash: efc17df7cba6b847829d59f547ec75c975b5a2084e72f0e6fd11204265597a9a, transactions: [Transaction(Sender: 242..., Recipient: 262..., Amount: 10), Transaction(Sender: 289..., Recipient: 282..., Amount: 20)]
2024-11-04 23:09:23,016 - INFO - All transactions validated successfully for block: Block(Previous Hash: efc17d..., Hash: 0035ea..., Nonce: 403, Transactions: [Transaction(Sender: 242..., Recipient: 262..., Amount: 10), Transaction(Sender: 289..., Recipient: 282..., Amount: 20)])
2024-11-04 23:09:23,249 - INFO - Block created with previous hash: 0035ea9e2b1899cb39719487abadb8a64ad8bc8ecbb57fe46f181faf4777e893, transactions: [Transaction(Sender: 186..., Recipient: 243..., Amount: 15), Transaction(Sender: 229..., Recipient: 272..., Amount: 10), Transaction(Sender: 212..., Recipient: 259..., Amount: 30)]
2024-11-04 23:09:23,252 - INFO - All transactions validated successfully for block: Block(Previous Hash: 0035ea..., Hash: 0072d5..., Nonce: 43, Transactions: [Transaction(Sender: 186..., Recipient: 243..., Amount: 15), Transaction(Sender: 229..., Recipient: 272..., Amount: 10), Transaction(Sender: 212..., Recipient: 259..., Amount: 30)])
2024-11-04 23:09:53,463 - INFO - Block created with previous hash: 0, transactions: [Transaction(Sender: 258..., Recipient: 277..., Amount: 0)]
2024-11-04 23:09:53,582 - INFO - Block created with previous hash: 4e1818eaa6c2fd2b8cb461b394e4c29772cf0a5b7150e218dad2caf10e754c10, transactions: [Transaction(Sender: 275..., Recipient: 304..., Amount: 10), Transaction(Sender: 236..., Recipient: 235..., Amount: 20)]
2024-11-04 23:09:53,595 - INFO - All transactions validated successfully for block: Block(Previous Hash: 4e1818..., Hash: 001757..., Nonce: 311, Transactions: [Transaction(Sender: 275..., Recipient: 304..., Amount: 10), Transaction(Sender: 236..., Recipient: 235..., Amount: 20)])
2024-11-04 23:09:53,817 - INFO - Block created with previous hash: 001757ced9083e968295c5e7c8c1e6d0441b130710af7867f0a6d6a817d09736, transactions: [Transaction(Sender: 201..., Recipient: 256..., Amount: 15), Transaction(Sender: 279..., Recipient: 258..., Amount: 10), Transaction(Sender: 290..., Recipient: 258..., Amount: 30)]
2024-11-04 23:09:53,818 - INFO - All transactions validated successfully for block: Block(Previous Hash: 001757..., Hash: 00c3c7..., Nonce: 5, Transactions: [Transaction(Sender: 201..., Recipient: 256..., Amount: 15), Transaction(Sender: 279..., Recipient: 258..., Amount: 10), Transaction(Sender: 290..., Recipient: 258..., Amount: 30)])
2024-11-04 23:10:32,694 - INFO - Block created with previous hash: 0, transactions: [Transaction(Sender: 234..., Recipient: 224..., Amount: 0)]
2024-11-04 23:10:32,895 - INFO - Block created with previous hash: 79bfebc36d5464bcb09d4bc92e337b358b5df15d3031e051874d8e52a96a5a41, transactions: [Transaction(Sender: 253..., Recipient: 238..., Amount: 10), Transaction(Sender: 217..., Recipient: 230..., Amount: 20)]
2024-11-04 23:10:32,897 - INFO - All transactions validated successfully for block: Block(Previous Hash: 79bfeb..., Hash: 00e3b2..., Nonce: 47, Transactions: [Transaction(Sender: 253..., Recipient: 238..., Amount: 10), Transaction(Sender: 217..., Recipient: 230..., Amount: 20)])
2024-11-04 23:10:33,113 - INFO - Block created with previous hash: 00e3b25753f5601977c874ab4de58669628b50c7ccc4f677b2e62c8e24433e95, transactions: [Transaction(Sender: 177..., Recipient: 180..., Amount: 15), Transaction(Sender: 231..., Recipient: 234..., Amount: 10), Transaction(Sender: 219..., Recipient: 243..., Amount: 30)]
2024-11-04 23:10:33,142 - INFO - All transactions validated successfully for block: Block(Previous Hash: 00e3b2..., Hash: 00b566..., Nonce: 391, Transactions: [Transaction(Sender: 177..., Recipient: 180..., Amount: 15), Transaction(Sender: 231..., Recipient: 234..., Amount: 10), Transaction(Sender: 219..., Recipient: 243..., Amount: 30)])
2024-11-05 15:47:33,892 - INFO - Block created with previous hash: 0, transactions: [Transaction(Sender: 203..., Recipient: 273..., Amount: 0)]
2024-11-05 15:47:34,095 - INFO - Block created with previous hash: 9f5c1c1e40c41a416a3d3ecd2b0b3d156c7ae68cb80658b6d55d2475fa5a2f4a, transactions: [Transaction(Sender: 286..., Recipient: 269..., Amount: 10), Transaction(Sender: 292..., Recipient: 203..., Amount: 20)]
2024-11-05 15:47:34,100 - INFO - All transactions validated successfully for block: Block(Previous Hash: 9f5c1c..., Hash: 006768..., Nonce: 130, Transactions: [Transaction(Sender: 286..., Recipient: 269..., Amount: 10), Transaction(Sender: 292..., Recipient: 203..., Amount: 20)])
2024-11-05 15:47:34,264 - INFO - Block created with previous hash: 0067686ee3fd9f45e4be3a1aabdd2e4bdfe4aa71033f5456df3de5aa3b4023cc, transactions: [Transaction(Sender: 238..., Recipient: 263..., Amount: 15), Transaction(Sender: 199..., Recipient: 206..., Amount: 10), Transaction(Sender: 246..., Recipient: 194..., Amount: 30)]
2024-11-05 15:47:34,271 - INFO - All transactions validated successfully for block: Block(Previous Hash: 006768..., Hash: 00f74f..., Nonce: 136, Transactions: [Transaction(Sender: 238..., Recipient: 263..., Amount: 15), Transaction(Sender: 199..., Recipient: 206..., Amount: 10), Transaction(Sender: 246..., Recipient: 194..., Amount: 30)])
2024-11-05 15:47:34,359 - INFO - Block created with previous hash: 0, transactions: [Transaction(Sender: 189..., Recipient: 176..., Amount: 0)]
2024-11-05 15:47:34,454 - INFO - Block created with previous hash: 0, transactions: [Transaction(Sender: 292..., Recipient: 282..., Amount: 0)]
2024-11-05 15:47:34,465 - INFO - Block created with previous hash: 0, transactions: [Transaction(Sender: 203..., Recipient: 273..., Amount: 0)]
2024-11-05 15:47:34,465 - INFO - Block created with previous hash: 9f5c1c1e40c41a416a3d3ecd2b0b3d156c7ae68cb80658b6d55d2475fa5a2f4a, transactions: [Transaction(Sender: 286..., Recipient: 269..., Amount: 10), Transaction(Sender: 292..., Recipient: 203..., Amount: 20)]
2024-11-05 15:47:34,465 - INFO - Block created with previous hash: 0067686ee3fd9f45e4be3a1aabdd2e4bdfe4aa71033f5456df3de5aa3b4023cc, transactions: [Transaction(Sender: 238..., Recipient: 263..., Amount: 15), Transaction(Sender: 199..., Recipient: 206..., Amount: 10), Transaction(Sender: 246..., Recipient: 194..., Amount: 30)]
2024-11-05 16:01:36,077 - INFO - Block created with previous hash: 0, transactions: [Transaction(Sender: 204..., Recipient: 174..., Amount: 0)]
2024-11-05 16:01:36,210 - INFO - Block created with previous hash: c7538148a08fa19f1b0a417dcbae6c6a04a9b718e5565f9d4c04c9e3b3c54698, transactions: [Transaction(Sender: 281..., Recipient: 242..., Amount: 10), Transaction(Sender: 225..., Recipient: 313..., Amount: 20)]
2024-11-05 16:01:36,234 - INFO - All transactions validated successfully for block: Block(Previous Hash: c75381..., Hash: 0094ca..., Nonce: 650, Transactions: [Transaction(Sender: 281..., Recipient: 242..., Amount: 10), Transaction(Sender: 225..., Recipient: 313..., Amount: 20)])
2024-11-05 16:01:36,485 - INFO - Block created with previous hash: 0094ca167825d558f5684ac785cb48b65ff741618339da2246e9556c0ef0df5c, transactions: [Transaction(Sender: 264..., Recipient: 245..., Amount: 15), Transaction(Sender: 195..., Recipient: 213..., Amount: 10), Transaction(Sender: 224..., Recipient: 255..., Amount: 30)]
2024-11-05 16:01:36,516 - INFO - All transactions validated successfully for block: Block(Previous Hash: 0094ca..., Hash: 00c799..., Nonce: 574, Transactions: [Transaction(Sender: 264..., Recipient: 245..., Amount: 15), Transaction(Sender: 195..., Recipient: 213..., Amount: 10), Transaction(Sender: 224..., Recipient: 255..., Amount: 30)])
2024-11-05 16:05:37,244 - INFO - Block created with previous hash: 0, transactions: [Transaction(Sender: 186..., Recipient: 242..., Amount: 0)]
2024-11-05 16:05:37,366 - INFO - Block created with previous hash: d48d58a03a9e03290ee5da36ef81b1b8f56a11fc96ca69ab73ce557b14392ed6, transactions: [Transaction(Sender: 204..., Recipient: 237..., Amount: 10), Transaction(Sender: 222..., Recipient: 294..., Amount: 20)]
2024-11-05 16:05:37,370 - INFO - All transactions validated successfully for block: Block(Previous Hash: d48d58..., Hash: 006b41..., Nonce: 87, Transactions: [Transaction(Sender: 204..., Recipient: 237..., Amount: 10), Transaction(Sender: 222..., Recipient: 294..., Amount: 20)])
2024-11-05 16:05:37,571 - INFO - Block created with previous hash: 006b41bc67d926d622d6de12ba8314778875faaeb94dee693336dfc8f96e305c, transactions: [Transaction(Sender: 202..., Recipient: 290..., Amount: 15), Transaction(Sender: 181..., Recipient: 272..., Amount: 10), Transaction(Sender: 255..., Recipient: 232..., Amount: 30)]
2024-11-05 16:05:37,583 - INFO - All transactions validated successfully for block: Block(Previous Hash: 006b41..., Hash: 00e73d..., Nonce: 186, Transactions: [Transaction(Sender: 202..., Recipient: 290..., Amount: 15), Transaction(Sender: 181..., Recipient: 272..., Amount: 10), Transaction(Sender: 255..., Recipient: 232..., Amount: 30)])
2024-11-05 16:05:38,007 - INFO - Block created with previous hash: 0, transactions: [Transaction(Sender: 288..., Recipient: 252..., Amount: 0)]
2024-11-05 16:05:38,069 - INFO - Block created with previous hash: 0, transactions: [Transaction(Sender: 186..., Recipient: 242..., Amount: 0)]
2024-11-05 16:05:38,100 - INFO - Block created with previous hash: d48d58a03a9e03290ee5da36ef81b1b8f56a11fc96ca69ab73ce557b14392ed6, transactions: [Transaction(Sender: 204..., Recipient: 237..., Amount: 10), Transaction(Sender: 222..., Recipient: 294..., Amount: 20)]
2024-11-05 16:05:38,148 - INFO - Block created with previous hash: 006b41bc67d926d622d6de12ba8314778875faaeb94dee693336dfc8f96e305c, transactions: [Transaction(Sender: 202..., Recipient: 290..., Amount: 15), Transaction(Sender: 181..., Recipient: 272..., Amount: 10), Transaction(Sender: 255..., Recipient: 232..., Amount: 30)]
2024-11-05 16:05:38,650 - INFO - Block created with previous hash: 0, transactions: [Transaction(Sender: 224..., Recipient: 288..., Amount: 0)]
2024-11-05 16:05:38,651 - INFO - Block created with previous hash: 0, transactions: [Transaction(Sender: 186..., Recipient: 242..., Amount: 0)]
2024-11-05 16:05:38,727 - INFO - Block created with previous hash: d48d58a03a9e03290ee5da36ef81b1b8f56a11fc96ca69ab73ce557b14392ed6, transactions: [Transaction(Sender: 204..., Recipient: 237..., Amount: 10), Transaction(Sender: 222..., Recipient: 294..., Amount: 20)]
2024-11-05 16:05:38,727 - INFO - Block created with previous hash: 006b41bc67d926d622d6de12ba8314778875faaeb94dee693336dfc8f96e305c, transactions: [Transaction(Sender: 202..., Recipient: 290..., Amount: 15), Transaction(Sender: 181..., Recipient: 272..., Amount: 10), Transaction(Sender: 255..., Recipient: 232..., Amount: 30)]
2024-11-05 16:06:01,176 - INFO - Block created with previous hash: 0, transactions: [Transaction(Sender: 199..., Recipient: 257..., Amount: 0)]
2024-11-05 16:06:01,381 - INFO - Block created with previous hash: ffc1fa8feb8a6c5cb8eff33bfc2b272884f44daec00c12ccd3cf27c7231d4d1a, transactions: [Transaction(Sender: 236..., Recipient: 304..., Amount: 10), Transaction(Sender: 209..., Recipient: 262..., Amount: 20)]
2024-11-05 16:06:01,381 - INFO - All transactions validated successfully for block: Block(Previous Hash: ffc1fa..., Hash: 001961..., Nonce: 3, Transactions: [Transaction(Sender: 236..., Recipient: 304..., Amount: 10), Transaction(Sender: 209..., Recipient: 262..., Amount: 20)])
2024-11-05 16:06:01,620 - INFO - Block created with previous hash: 001961a750480f87627b6f50a01f25c091c9459de50241349e21dd5c76a6dca8, transactions: [Transaction(Sender: 228..., Recipient: 237..., Amount: 15), Transaction(Sender: 184..., Recipient: 227..., Amount: 10), Transaction(Sender: 243..., Recipient: 202..., Amount: 30)]
2024-11-05 16:06:01,624 - INFO - All transactions validated successfully for block: Block(Previous Hash: 001961..., Hash: 0017ad..., Nonce: 87, Transactions: [Transaction(Sender: 228..., Recipient: 237..., Amount: 15), Transaction(Sender: 184..., Recipient: 227..., Amount: 10), Transaction(Sender: 243..., Recipient: 202..., Amount: 30)])
2024-11-05 16:06:01,973 - INFO - Block created with previous hash: 0, transactions: [Transaction(Sender: 288..., Recipient: 237..., Amount: 0)]
2024-11-05 16:06:02,004 - INFO - Block created with previous hash: 0, transactions: [Transaction(Sender: 199..., Recipient: 257..., Amount: 0)]
2024-11-05 16:06:02,019 - INFO - Block created with previous hash: ffc1fa8feb8a6c5cb8eff33bfc2b272884f44daec00c12ccd3cf27c7231d4d1a, transactions: [Transaction(Sender: 236..., Recipient: 304..., Amount: 10), Transaction(Sender: 209..., Recipient: 262..., Amount: 20)]
2024-11-05 16:06:02,019 - INFO - Block created with previous hash: 001961a750480f87627b6f50a01f25c091c9459de50241349e21dd5c76a6dca8, transactions: [Transaction(Sender: 228..., Recipient: 237..., Amount: 15), Transaction(Sender: 184..., Recipient: 227..., Amount: 10), Transaction(Sender: 243..., Recipient: 202..., Amount: 30)]
2024-11-05 16:06:02,486 - INFO - Block created with previous hash: 0, transactions: [Transaction(Sender: 282..., Recipient: 193..., Amount: 0)]
2024-11-05 16:06:02,580 - INFO - Block created with previous hash: 0, transactions: [Transaction(Sender: 199..., Recipient: 257..., Amount: 0)]
2024-11-05 16:06:02,627 - INFO - Block created with previous hash: ffc1fa8feb8a6c5cb8eff33bfc2b272884f44daec00c12ccd3cf27c7231d4d1a, transactions: [Transaction(Sender: 236..., Recipient: 304..., Amount: 10), Transaction(Sender: 209..., Recipient: 262..., Amount: 20)]
2024-11-05 16:06:02,797 - INFO - Block created with previous hash: 001961a750480f87627b6f50a01f25c091c9459de50241349e21dd5c76a6dca8, transactions: [Transaction(Sender: 228..., Recipient: 237..., Amount: 15), Transaction(Sender: 184..., Recipient: 227..., Amount: 10), Transaction(Sender: 243..., Recipient: 202..., Amount: 30)]
2024-11-05 16:08:21,535 - INFO - Block created with previous hash: 0, transactions: [Transaction(Sender: 228..., Recipient: 180..., Amount: 0)]
2024-11-05 16:08:21,706 - INFO - Block created with previous hash: a66c932de178addf95ab0bde9f692adb77924354ddca9997740c00c1b6b5f280, transactions: [Transaction(Sender: 222..., Recipient: 309..., Amount: 10), Transaction(Sender: 216..., Recipient: 255..., Amount: 20)]
2024-11-05 16:08:21,706 - INFO - All transactions validated successfully for block: Block(Previous Hash: a66c93..., Hash: 00d52e..., Nonce: 9, Transactions: [Transaction(Sender: 222..., Recipient: 309..., Amount: 10), Transaction(Sender: 216..., Recipient: 255..., Amount: 20)])
2024-11-05 16:08:21,875 - INFO - Block created with previous hash: 00d52e9d09f919b98b194de5c43025ec85617ffbb6d7e31d78fd6af8d37404fa, transactions: [Transaction(Sender: 225..., Recipient: 213..., Amount: 15), Transaction(Sender: 239..., Recipient: 174..., Amount: 10), Transaction(Sender: 177..., Recipient: 211..., Amount: 30)]
2024-11-05 16:08:21,880 - INFO - All transactions validated successfully for block: Block(Previous Hash: 00d52e..., Hash: 005763..., Nonce: 88, Transactions: [Transaction(Sender: 225..., Recipient: 213..., Amount: 15), Transaction(Sender: 239..., Recipient: 174..., Amount: 10), Transaction(Sender: 177..., Recipient: 211..., Amount: 30)])
2024-11-05 16:08:22,156 - INFO - Block created with previous hash: 0, transactions: [Transaction(Sender: 258..., Recipient: 300..., Amount: 0)]
2024-11-05 16:08:22,171 - INFO - Block created with previous hash: 0, transactions: [Transaction(Sender: 228..., Recipient: 180..., Amount: 0)]
2024-11-05 16:08:22,171 - INFO - Block created with previous hash: a66c932de178addf95ab0bde9f692adb77924354ddca9997740c00c1b6b5f280, transactions: [Transaction(Sender: 222..., Recipient: 309..., Amount: 10), Transaction(Sender: 216..., Recipient: 255..., Amount: 20)]
2024-11-05 16:08:22,217 - INFO - Block created with previous hash: 00d52e9d09f919b98b194de5c43025ec85617ffbb6d7e31d78fd6af8d37404fa, transactions: [Transaction(Sender: 225..., Recipient: 213..., Amount: 15), Transaction(Sender: 239..., Recipient: 174..., Amount: 10), Transaction(Sender: 177..., Recipient: 211..., Amount: 30)]
2024-11-05 16:08:22,525 - INFO - Block created with previous hash: 0, transactions: [Transaction(Sender: 201..., Recipient: 245..., Amount: 0)]
2024-11-05 16:08:22,622 - INFO - Block created with previous hash: 0, transactions: [Transaction(Sender: 228..., Recipient: 180..., Amount: 0)]
2024-11-05 16:08:22,732 - INFO - Block created with previous hash: a66c932de178addf95ab0bde9f692adb77924354ddca9997740c00c1b6b5f280, transactions: [Transaction(Sender: 222..., Recipient: 309..., Amount: 10), Transaction(Sender: 216..., Recipient: 255..., Amount: 20)]
2024-11-05 16:08:22,794 - INFO - Block created with previous hash: 00d52e9d09f919b98b194de5c43025ec85617ffbb6d7e31d78fd6af8d37404fa, transactions: [Transaction(Sender: 225..., Recipient: 213..., Amount: 15), Transaction(Sender: 239..., Recipient: 174..., Amount: 10), Transaction(Sender: 177..., Recipient: 211..., Amount: 30)]
2024-11-05 16:08:30,319 - INFO - Block created with previous hash: 0, transactions: [Transaction(Sender: 254..., Recipient: 220..., Amount: 0)]
2024-11-05 16:08:30,413 - INFO - Block created with previous hash: 0ea138e6902ab56e2b0fa9a3b510568396a13b470ee09ef69433195a9cab8006, transactions: [Transaction(Sender: 210..., Recipient: 238..., Amount: 10), Transaction(Sender: 259..., Recipient: 257..., Amount: 20)]
2024-11-05 16:08:30,414 - INFO - All transactions validated successfully for block: Block(Previous Hash: 0ea138..., Hash: 00b131..., Nonce: 12, Transactions: [Transaction(Sender: 210..., Recipient: 238..., Amount: 10), Transaction(Sender: 259..., Recipient: 257..., Amount: 20)])
2024-11-05 16:08:30,586 - INFO - Block created with previous hash: 00b1316b96d2e735551cd55658869262c3da701793ccab5d2b6ff927638f2beb, transactions: [Transaction(Sender: 275..., Recipient: 194..., Amount: 15), Transaction(Sender: 280..., Recipient: 229..., Amount: 10), Transaction(Sender: 229..., Recipient: 236..., Amount: 30)]
2024-11-05 16:08:30,589 - INFO - All transactions validated successfully for block: Block(Previous Hash: 00b131..., Hash: 0027ad..., Nonce: 56, Transactions: [Transaction(Sender: 275..., Recipient: 194..., Amount: 15), Transaction(Sender: 280..., Recipient: 229..., Amount: 10), Transaction(Sender: 229..., Recipient: 236..., Amount: 30)])
2024-11-05 16:08:30,921 - INFO - Block created with previous hash: 0, transactions: [Transaction(Sender: 258..., Recipient: 229..., Amount: 0)]
2024-11-05 16:08:30,951 - INFO - Block created with previous hash: 0, transactions: [Transaction(Sender: 254..., Recipient: 220..., Amount: 0)]
2024-11-05 16:08:30,999 - INFO - Block created with previous hash: 0ea138e6902ab56e2b0fa9a3b510568396a13b470ee09ef69433195a9cab8006, transactions: [Transaction(Sender: 210..., Recipient: 238..., Amount: 10), Transaction(Sender: 259..., Recipient: 257..., Amount: 20)]
2024-11-05 16:08:31,062 - INFO - Block created with previous hash: 00b1316b96d2e735551cd55658869262c3da701793ccab5d2b6ff927638f2beb, transactions: [Transaction(Sender: 275..., Recipient: 194..., Amount: 15), Transaction(Sender: 280..., Recipient: 229..., Amount: 10), Transaction(Sender: 229..., Recipient: 236..., Amount: 30)]
2024-11-05 16:08:31,607 - INFO - Block created with previous hash: 0, transactions: [Transaction(Sender: 210..., Recipient: 221..., Amount: 0)]
2024-11-05 16:08:31,839 - INFO - Block created with previous hash: 0, transactions: [Transaction(Sender: 254..., Recipient: 220..., Amount: 0)]
2024-11-05 16:08:31,887 - INFO - Block created with previous hash: 0ea138e6902ab56e2b0fa9a3b510568396a13b470ee09ef69433195a9cab8006, transactions: [Transaction(Sender: 210..., Recipient: 238..., Amount: 10), Transaction(Sender: 259..., Recipient: 257..., Amount: 20)]
2024-11-05 16:08:31,980 - INFO - Block created with previous hash: 00b1316b96d2e735551cd55658869262c3da701793ccab5d2b6ff927638f2beb, transactions: [Transaction(Sender: 275..., Recipient: 194..., Amount: 15), Transaction(Sender: 280..., Recipient: 229..., Amount: 10), Transaction(Sender: 229..., Recipient: 236..., Amount: 30)]
2024-11-05 16:25:32,014 - INFO - Block created with previous hash: 0, transactions: [Transaction(Sender: 183..., Recipient: 246..., Amount: 0)]
2024-11-05 16:25:32,166 - INFO - Block created with previous hash: 627dea215c04934e1aa1c53aa8791d64b2b23238c2143d5176090855b7144daa, transactions: [Transaction(Sender: 273..., Recipient: 212..., Amount: 10), Transaction(Sender: 234..., Recipient: 207..., Amount: 20)]
2024-11-05 16:25:32,170 - INFO - All transactions validated successfully for block: Block(Previous Hash: 627dea..., Hash: 00e212..., Nonce: 85, Transactions: [Transaction(Sender: 273..., Recipient: 212..., Amount: 10), Transaction(Sender: 234..., Recipient: 207..., Amount: 20)])
2024-11-05 16:25:32,368 - INFO - Block created with previous hash: 00e2126c6cb1a75a9bf98eee32831f2c6fba35c4426c6fef4f9083c3097fff79, transactions: [Transaction(Sender: 253..., Recipient: 215..., Amount: 15), Transaction(Sender: 256..., Recipient: 245..., Amount: 10), Transaction(Sender: 194..., Recipient: 198..., Amount: 30)]
2024-11-05 16:25:32,378 - INFO - All transactions validated successfully for block: Block(Previous Hash: 00e212..., Hash: 00acc8..., Nonce: 159, Transactions: [Transaction(Sender: 253..., Recipient: 215..., Amount: 15), Transaction(Sender: 256..., Recipient: 245..., Amount: 10), Transaction(Sender: 194..., Recipient: 198..., Amount: 30)])
2024-11-05 22:01:27,997 - INFO - Block created with previous hash: 0, transactions: [Transaction(Sender: 246..., Recipient: 224..., Amount: 0)]
2024-11-05 22:01:28,172 - INFO - Block created with previous hash: 5ac9bde95ac807d549755e4467b081aa17650f8132e067d79aed273bade14383, transactions: [Transaction(Sender: 225..., Recipient: 235..., Amount: 10), Transaction(Sender: 277..., Recipient: 186..., Amount: 20)]
2024-11-05 22:01:28,198 - INFO - All transactions validated successfully for block: Block(Previous Hash: 5ac9bd..., Hash: 00e1a9..., Nonce: 556, Transactions: [Transaction(Sender: 225..., Recipient: 235..., Amount: 10), Transaction(Sender: 277..., Recipient: 186..., Amount: 20)])
2024-11-05 22:01:28,444 - INFO - Block created with previous hash: 00e1a92d4f84c3b04ddc97ef03588b367503b9096f38c5d47325a33d0e93e6de, transactions: [Transaction(Sender: 262..., Recipient: 201..., Amount: 15), Transaction(Sender: 209..., Recipient: 222..., Amount: 10), Transaction(Sender: 272..., Recipient: 218..., Amount: 30)]
2024-11-05 22:01:28,446 - INFO - All transactions validated successfully for block: Block(Previous Hash: 00e1a9..., Hash: 00742a..., Nonce: 18, Transactions: [Transaction(Sender: 262..., Recipient: 201..., Amount: 15), Transaction(Sender: 209..., Recipient: 222..., Amount: 10), Transaction(Sender: 272..., Recipient: 218..., Amount: 30)])
2024-11-05 22:05:56,740 - INFO - Block created with previous hash: 0, transactions: [Transaction(Sender: 234..., Recipient: 220..., Amount: 0)]
2024-11-05 22:05:56,881 - INFO - Block created with previous hash: ca9baf67cc035b3ebc796680c3d0775c83a4cf0d84a4b6de5a26eff860e0b5bb, transactions: [Transaction(Sender: 263..., Recipient: 252..., Amount: 10), Transaction(Sender: 212..., Recipient: 187..., Amount: 20)]
2024-11-05 22:05:56,890 - INFO - All transactions validated successfully for block: Block(Previous Hash: ca9baf..., Hash: 009243..., Nonce: 233, Transactions: [Transaction(Sender: 263..., Recipient: 252..., Amount: 10), Transaction(Sender: 212..., Recipient: 187..., Amount: 20)])
2024-11-05 22:05:57,134 - INFO - Block created with previous hash: 009243345e4020c123f062cd84dbb9ebc5e180903037124c644d7d91161219b8, transactions: [Transaction(Sender: 250..., Recipient: 253..., Amount: 15), Transaction(Sender: 222..., Recipient: 223..., Amount: 10), Transaction(Sender: 278..., Recipient: 261..., Amount: 30)]
2024-11-05 22:05:57,162 - INFO - All transactions validated successfully for block: Block(Previous Hash: 009243..., Hash: 00858c..., Nonce: 490, Transactions: [Transaction(Sender: 250..., Recipient: 253..., Amount: 15), Transaction(Sender: 222..., Recipient: 223..., Amount: 10), Transaction(Sender: 278..., Recipient: 261..., Amount: 30)])
2024-11-05 22:06:48,103 - INFO - Block created with previous hash: 0, transactions: [Transaction(Sender: 238..., Recipient: 292..., Amount: 0)]
2024-11-05 22:06:48,255 - INFO - Block created with previous hash: e92b27ff349447140669afda238e60c1f43a692516a2762d76335bbbfbbe6d54, transactions: [Transaction(Sender: 250..., Recipient: 225..., Amount: 10), Transaction(Sender: 244..., Recipient: 219..., Amount: 20)]
2024-11-05 22:06:48,267 - INFO - All transactions validated successfully for block: Block(Previous Hash: e92b27..., Hash: 006f64..., Nonce: 312, Transactions: [Transaction(Sender: 250..., Recipient: 225..., Amount: 10), Transaction(Sender: 244..., Recipient: 219..., Amount: 20)])
2024-11-05 22:06:48,580 - INFO - Block created with previous hash: 006f6483d3ad0aef356af18bf5a3908a2b085bd4308d484ad7be8a5f89574a83, transactions: [Transaction(Sender: 184..., Recipient: 266..., Amount: 15), Transaction(Sender: 262..., Recipient: 213..., Amount: 10), Transaction(Sender: 200..., Recipient: 273..., Amount: 30)]
2024-11-05 22:06:48,584 - INFO - All transactions validated successfully for block: Block(Previous Hash: 006f64..., Hash: 00cc93..., Nonce: 61, Transactions: [Transaction(Sender: 184..., Recipient: 266..., Amount: 15), Transaction(Sender: 262..., Recipient: 213..., Amount: 10), Transaction(Sender: 200..., Recipient: 273..., Amount: 30)])
2024-11-05 22:07:03,470 - INFO - Block created with previous hash: 0, transactions: [Transaction(Sender: 196..., Recipient: 205..., Amount: 0)]
2024-11-05 22:07:03,557 - INFO - Block created with previous hash: 3d22ccb15ac5a7dc562ac65269c23d329744fc177ce9fd1d85249447974b5c26, transactions: [Transaction(Sender: 170..., Recipient: 243..., Amount: 10), Transaction(Sender: 238..., Recipient: 230..., Amount: 20)]
2024-11-05 22:07:03,590 - INFO - All transactions validated successfully for block: Block(Previous Hash: 3d22cc..., Hash: 0071c3..., Nonce: 760, Transactions: [Transaction(Sender: 170..., Recipient: 243..., Amount: 10), Transaction(Sender: 238..., Recipient: 230..., Amount: 20)])
2024-11-05 22:07:03,753 - INFO - Block created with previous hash: 0071c35eb49b16757ca773c86775c4b66a3ae29a5c7be60ea047ed7040ff3d9c, transactions: [Transaction(Sender: 258..., Recipient: 221..., Amount: 15), Transaction(Sender: 234..., Recipient: 263..., Amount: 10), Transaction(Sender: 205..., Recipient: 254..., Amount: 30)]
2024-11-05 22:07:03,770 - INFO - All transactions validated successfully for block: Block(Previous Hash: 0071c3..., Hash: 001605..., Nonce: 228, Transactions: [Transaction(Sender: 258..., Recipient: 221..., Amount: 15), Transaction(Sender: 234..., Recipient: 263..., Amount: 10), Transaction(Sender: 205..., Recipient: 254..., Amount: 30)])
2024-11-05 22:07:17,237 - INFO - Block created with previous hash: 0, transactions: [Transaction(Sender: 220..., Recipient: 239..., Amount: 0)]
2024-11-05 22:07:17,341 - INFO - Block created with previous hash: d3a5c2877c8aee8ce91435a572c7a9734b45ae037270c877f5a6e5cbe8603fcc, transactions: [Transaction(Sender: 229..., Recipient: 269..., Amount: 10), Transaction(Sender: 214..., Recipient: 214..., Amount: 20)]
2024-11-05 22:07:17,359 - INFO - All transactions validated successfully for block: Block(Previous Hash: d3a5c2..., Hash: 00aa9c..., Nonce: 332, Transactions: [Transaction(Sender: 229..., Recipient: 269..., Amount: 10), Transaction(Sender: 214..., Recipient: 214..., Amount: 20)])
2024-11-05 22:07:17,540 - INFO - Block created with previous hash: 00aa9c009e17131c6ca1ae25477cd0c4b054df683a41fbf5119a7059bf643b83, transactions: [Transaction(Sender: 177..., Recipient: 215..., Amount: 15), Transaction(Sender: 237..., Recipient: 282..., Amount: 10), Transaction(Sender: 241..., Recipient: 203..., Amount: 30)]
2024-11-05 22:07:17,550 - INFO - All transactions validated successfully for block: Block(Previous Hash: 00aa9c..., Hash: 009b96..., Nonce: 132, Transactions: [Transaction(Sender: 177..., Recipient: 215..., Amount: 15), Transaction(Sender: 237..., Recipient: 282..., Amount: 10), Transaction(Sender: 241..., Recipient: 203..., Amount: 30)])
2024-11-05 22:08:01,135 - INFO - Block created with previous hash: 0, transactions: [Transaction(Sender: 193..., Recipient: 181..., Amount: 0)]
2024-11-05 22:08:01,372 - INFO - Block created with previous hash: eea90f4b3acc9a501fe0331f99fa2bd7cdbc52c665a6efc03f8eb491783f34a7, transactions: [Transaction(Sender: 305..., Recipient: 215..., Amount: 10), Transaction(Sender: 286..., Recipient: 199..., Amount: 20)]
2024-11-05 22:08:01,382 - INFO - All transactions validated successfully for block: Block(Previous Hash: eea90f..., Hash: 0020b1..., Nonce: 265, Transactions: [Transaction(Sender: 305..., Recipient: 215..., Amount: 10), Transaction(Sender: 286..., Recipient: 199..., Amount: 20)])
2024-11-05 22:08:01,578 - INFO - Block created with previous hash: 0020b1b155cee235ea614f13b427fe210a55bb68b386c5441cf6012e083aed81, transactions: [Transaction(Sender: 176..., Recipient: 238..., Amount: 15), Transaction(Sender: 232..., Recipient: 261..., Amount: 10), Transaction(Sender: 195..., Recipient: 244..., Amount: 30)]
2024-11-05 22:08:01,582 - INFO - All transactions validated successfully for block: Block(Previous Hash: 0020b1..., Hash: 00ab26..., Nonce: 68, Transactions: [Transaction(Sender: 176..., Recipient: 238..., Amount: 15), Transaction(Sender: 232..., Recipient: 261..., Amount: 10), Transaction(Sender: 195..., Recipient: 244..., Amount: 30)])
2024-11-05 22:08:05,357 - INFO - Block created with previous hash: 0, transactions: [Transaction(Sender: 220..., Recipient: 226..., Amount: 0)]
2024-11-05 22:08:05,403 - INFO - Block created with previous hash: 0, transactions: [Transaction(Sender: 193..., Recipient: 181..., Amount: 0)]
2024-11-05 22:08:05,418 - INFO - Block created with previous hash: eea90f4b3acc9a501fe0331f99fa2bd7cdbc52c665a6efc03f8eb491783f34a7, transactions: [Transaction(Sender: 305..., Recipient: 215..., Amount: 10), Transaction(Sender: 286..., Recipient: 199..., Amount: 20)]
2024-11-05 22:08:05,418 - INFO - Block created with previous hash: 0020b1b155cee235ea614f13b427fe210a55bb68b386c5441cf6012e083aed81, transactions: [Transaction(Sender: 176..., Recipient: 238..., Amount: 15), Transaction(Sender: 232..., Recipient: 261..., Amount: 10), Transaction(Sender: 195..., Recipient: 244..., Amount: 30)]
2024-11-05 22:08:06,553 - INFO - Block created with previous hash: 0, transactions: [Transaction(Sender: 272..., Recipient: 192..., Amount: 0)]
2024-11-05 22:08:06,786 - INFO - Block created with previous hash: 0, transactions: [Transaction(Sender: 193..., Recipient: 181..., Amount: 0)]
2024-11-05 22:08:06,786 - INFO - Block created with previous hash: eea90f4b3acc9a501fe0331f99fa2bd7cdbc52c665a6efc03f8eb491783f34a7, transactions: [Transaction(Sender: 305..., Recipient: 215..., Amount: 10), Transaction(Sender: 286..., Recipient: 199..., Amount: 20)]
2024-11-05 22:08:06,787 - INFO - Block created with previous hash: 0020b1b155cee235ea614f13b427fe210a55bb68b386c5441cf6012e083aed81, transactions: [Transaction(Sender: 176..., Recipient: 238..., Amount: 15), Transaction(Sender: 232..., Recipient: 261..., Amount: 10), Transaction(Sender: 195..., Recipient: 244..., Amount: 30)]
2024-11-05 22:08:39,043 - INFO - Block created with previous hash: 0, transactions: [Transaction(Sender: 189..., Recipient: 232..., Amount: 0)]
2024-11-05 22:08:39,167 - INFO - Block created with previous hash: 4fe88abef114d2ec1c2e351e4ed4505d953c0f7e368cf5271495511503110952, transactions: [Transaction(Sender: 265..., Recipient: 215..., Amount: 10), Transaction(Sender: 245..., Recipient: 261..., Amount: 20)]
2024-11-05 22:08:39,177 - INFO - All transactions validated successfully for block: Block(Previous Hash: 4fe88a..., Hash: 00a91b..., Nonce: 257, Transactions: [Transaction(Sender: 265..., Recipient: 215..., Amount: 10), Transaction(Sender: 245..., Recipient: 261..., Amount: 20)])
2024-11-05 22:08:39,326 - INFO - Block created with previous hash: 00a91b504748726b4776655c775a2069e559b37d9b6f3a2b70fe3d8c41cc3645, transactions: [Transaction(Sender: 239..., Recipient: 197..., Amount: 15), Transaction(Sender: 246..., Recipient: 228..., Amount: 10), Transaction(Sender: 235..., Recipient: 199..., Amount: 30)]
2024-11-05 22:08:39,332 - INFO - All transactions validated successfully for block: Block(Previous Hash: 00a91b..., Hash: 006ff4..., Nonce: 102, Transactions: [Transaction(Sender: 239..., Recipient: 197..., Amount: 15), Transaction(Sender: 246..., Recipient: 228..., Amount: 10), Transaction(Sender: 235..., Recipient: 199..., Amount: 30)])
2024-11-05 22:08:42,391 - INFO - Block created with previous hash: 0, transactions: [Transaction(Sender: 265..., Recipient: 207..., Amount: 0)]
2024-11-05 22:08:42,392 - INFO - Block created with previous hash: 0, transactions: [Transaction(Sender: 189..., Recipient: 232..., Amount: 0)]
2024-11-05 22:08:42,392 - INFO - Block created with previous hash: 4fe88abef114d2ec1c2e351e4ed4505d953c0f7e368cf5271495511503110952, transactions: [Transaction(Sender: 265..., Recipient: 215..., Amount: 10), Transaction(Sender: 245..., Recipient: 261..., Amount: 20)]
2024-11-05 22:08:42,392 - INFO - Block created with previous hash: 00a91b504748726b4776655c775a2069e559b37d9b6f3a2b70fe3d8c41cc3645, transactions: [Transaction(Sender: 239..., Recipient: 197..., Amount: 15), Transaction(Sender: 246..., Recipient: 228..., Amount: 10), Transaction(Sender: 235..., Recipient: 199..., Amount: 30)]
2024-11-05 22:08:43,078 - INFO - Block created with previous hash: 0, transactions: [Transaction(Sender: 260..., Recipient: 283..., Amount: 0)]
2024-11-05 22:08:43,078 - INFO - Block created with previous hash: 0, transactions: [Transaction(Sender: 189..., Recipient: 232..., Amount: 0)]
2024-11-05 22:08:43,078 - INFO - Block created with previous hash: 4fe88abef114d2ec1c2e351e4ed4505d953c0f7e368cf5271495511503110952, transactions: [Transaction(Sender: 265..., Recipient: 215..., Amount: 10), Transaction(Sender: 245..., Recipient: 261..., Amount: 20)]
2024-11-05 22:08:43,280 - INFO - Block created with previous hash: 00a91b504748726b4776655c775a2069e559b37d9b6f3a2b70fe3d8c41cc3645, transactions: [Transaction(Sender: 239..., Recipient: 197..., Amount: 15), Transaction(Sender: 246..., Recipient: 228..., Amount: 10), Transaction(Sender: 235..., Recipient: 199..., Amount: 30)]
2024-11-05 22:11:22,373 - INFO - Block created with previous hash: 0, transactions: [Transaction(Sender: 229..., Recipient: 246..., Amount: 0)]
2024-11-05 22:11:22,550 - INFO - Block created with previous hash: f7c2841cece14d55e821eabecd4a0533c3bd41cc4ae19c915eff3b5966c4481a, transactions: [Transaction(Sender: 189..., Recipient: 242..., Amount: 10), Transaction(Sender: 213..., Recipient: 201..., Amount: 20)]
2024-11-05 22:11:22,558 - INFO - All transactions validated successfully for block: Block(Previous Hash: f7c284..., Hash: 00878f..., Nonce: 224, Transactions: [Transaction(Sender: 189..., Recipient: 242..., Amount: 10), Transaction(Sender: 213..., Recipient: 201..., Amount: 20)])
2024-11-05 22:11:22,780 - INFO - Block created with previous hash: 00878f7b8c965954f149d1963d38b3563dd9d18d6ad87cdbadc9a4968eef49ea, transactions: [Transaction(Sender: 178..., Recipient: 260..., Amount: 15), Transaction(Sender: 235..., Recipient: 211..., Amount: 10), Transaction(Sender: 264..., Recipient: 212..., Amount: 30)]
2024-11-05 22:11:22,782 - INFO - All transactions validated successfully for block: Block(Previous Hash: 00878f..., Hash: 00e872..., Nonce: 31, Transactions: [Transaction(Sender: 178..., Recipient: 260..., Amount: 15), Transaction(Sender: 235..., Recipient: 211..., Amount: 10), Transaction(Sender: 264..., Recipient: 212..., Amount: 30)])
2024-11-05 22:11:25,236 - INFO - Block created with previous hash: 0, transactions: [Transaction(Sender: 236..., Recipient: 198..., Amount: 0)]
2024-11-05 22:11:25,236 - INFO - Block created with previous hash: 0, transactions: [Transaction(Sender: 229..., Recipient: 246..., Amount: 0)]
2024-11-05 22:11:25,251 - INFO - Block created with previous hash: f7c2841cece14d55e821eabecd4a0533c3bd41cc4ae19c915eff3b5966c4481a, transactions: [Transaction(Sender: 189..., Recipient: 242..., Amount: 10), Transaction(Sender: 213..., Recipient: 201..., Amount: 20)]
2024-11-05 22:11:25,251 - INFO - Block created with previous hash: 00878f7b8c965954f149d1963d38b3563dd9d18d6ad87cdbadc9a4968eef49ea, transactions: [Transaction(Sender: 178..., Recipient: 260..., Amount: 15), Transaction(Sender: 235..., Recipient: 211..., Amount: 10), Transaction(Sender: 264..., Recipient: 212..., Amount: 30)]
2024-11-05 22:11:25,954 - INFO - Block created with previous hash: 0, transactions: [Transaction(Sender: 304..., Recipient: 224..., Amount: 0)]
2024-11-05 22:11:25,955 - INFO - Block created with previous hash: 0, transactions: [Transaction(Sender: 229..., Recipient: 246..., Amount: 0)]
2024-11-05 22:11:25,955 - INFO - Block created with previous hash: f7c2841cece14d55e821eabecd4a0533c3bd41cc4ae19c915eff3b5966c4481a, transactions: [Transaction(Sender: 189..., Recipient: 242..., Amount: 10), Transaction(Sender: 213..., Recipient: 201..., Amount: 20)]
2024-11-05 22:11:25,955 - INFO - Block created with previous hash: 00878f7b8c965954f149d1963d38b3563dd9d18d6ad87cdbadc9a4968eef49ea, transactions: [Transaction(Sender: 178..., Recipient: 260..., Amount: 15), Transaction(Sender: 235..., Recipient: 211..., Amount: 10), Transaction(Sender: 264..., Recipient: 212..., Amount: 30)]
2024-11-05 22:11:58,368 - INFO - Block created with previous hash: 0, transactions: [Transaction(Sender: 230..., Recipient: 264..., Amount: 0)]
2024-11-05 22:11:58,546 - INFO - Block created with previous hash: 868772c07cba649310944b76d7aa5b133447cb489aeec77e84bce805621b461c, transactions: [Transaction(Sender: 256..., Recipient: 219..., Amount: 10), Transaction(Sender: 290..., Recipient: 205..., Amount: 20)]
2024-11-05 22:11:58,551 - INFO - All transactions validated successfully for block: Block(Previous Hash: 868772..., Hash: 00ec42..., Nonce: 133, Transactions: [Transaction(Sender: 256..., Recipient: 219..., Amount: 10), Transaction(Sender: 290..., Recipient: 205..., Amount: 20)])
2024-11-05 22:11:58,695 - INFO - Block created with previous hash: 00ec428d6786ad201d698cb27385cadd587f77ee9d551ea2dd27206bad49de21, transactions: [Transaction(Sender: 229..., Recipient: 207..., Amount: 15), Transaction(Sender: 255..., Recipient: 286..., Amount: 10), Transaction(Sender: 242..., Recipient: 170..., Amount: 30)]
2024-11-05 22:11:58,697 - INFO - All transactions validated successfully for block: Block(Previous Hash: 00ec42..., Hash: 00ff0c..., Nonce: 33, Transactions: [Transaction(Sender: 229..., Recipient: 207..., Amount: 15), Transaction(Sender: 255..., Recipient: 286..., Amount: 10), Transaction(Sender: 242..., Recipient: 170..., Amount: 30)])
2024-11-05 22:12:01,219 - INFO - Block created with previous hash: 0, transactions: [Transaction(Sender: 246..., Recipient: 241..., Amount: 0)]
2024-11-05 22:12:01,249 - INFO - Block created with previous hash: 0, transactions: [Transaction(Sender: 230..., Recipient: 264..., Amount: 0)]
2024-11-05 22:12:01,265 - INFO - Block created with previous hash: 868772c07cba649310944b76d7aa5b133447cb489aeec77e84bce805621b461c, transactions: [Transaction(Sender: 256..., Recipient: 219..., Amount: 10), Transaction(Sender: 290..., Recipient: 205..., Amount: 20)]
2024-11-05 22:12:01,296 - INFO - Block created with previous hash: 00ec428d6786ad201d698cb27385cadd587f77ee9d551ea2dd27206bad49de21, transactions: [Transaction(Sender: 229..., Recipient: 207..., Amount: 15), Transaction(Sender: 255..., Recipient: 286..., Amount: 10), Transaction(Sender: 242..., Recipient: 170..., Amount: 30)]
2024-11-05 22:12:02,178 - INFO - Block created with previous hash: 0, transactions: [Transaction(Sender: 232..., Recipient: 179..., Amount: 0)]
2024-11-05 22:12:02,179 - INFO - Block created with previous hash: 0, transactions: [Transaction(Sender: 230..., Recipient: 264..., Amount: 0)]
2024-11-05 22:12:02,241 - INFO - Block created with previous hash: 868772c07cba649310944b76d7aa5b133447cb489aeec77e84bce805621b461c, transactions: [Transaction(Sender: 256..., Recipient: 219..., Amount: 10), Transaction(Sender: 290..., Recipient: 205..., Amount: 20)]
2024-11-05 22:12:02,302 - INFO - Block created with previous hash: 00ec428d6786ad201d698cb27385cadd587f77ee9d551ea2dd27206bad49de21, transactions: [Transaction(Sender: 229..., Recipient: 207..., Amount: 15), Transaction(Sender: 255..., Recipient: 286..., Amount: 10), Transaction(Sender: 242..., Recipient: 170..., Amount: 30)]
2024-11-05 22:16:04,969 - INFO - Block created with previous hash: 0, transactions: [Transaction(Sender: 183..., Recipient: 293..., Amount: 0)]
2024-11-05 22:16:05,126 - INFO - Block created with previous hash: b77a5bf68d667bc9699a6e13988f1ceede300bc3390868c8c0ed8e5c70e7b14b, transactions: [Transaction(Sender: 215..., Recipient: 238..., Amount: 10), Transaction(Sender: 228..., Recipient: 194..., Amount: 20)]
2024-11-05 22:16:05,130 - INFO - All transactions validated successfully for block: Block(Previous Hash: b77a5b..., Hash: 00e83e..., Nonce: 84, Transactions: [Transaction(Sender: 215..., Recipient: 238..., Amount: 10), Transaction(Sender: 228..., Recipient: 194..., Amount: 20)])
2024-11-05 22:16:05,386 - INFO - Block created with previous hash: 00e83ef112e5ddb0d3796f96d43c07b99d5b2e58d6a54d779922bf81bc6e4883, transactions: [Transaction(Sender: 221..., Recipient: 251..., Amount: 15), Transaction(Sender: 174..., Recipient: 218..., Amount: 10), Transaction(Sender: 248..., Recipient: 252..., Amount: 30)]
2024-11-05 22:16:05,412 - INFO - All transactions validated successfully for block: Block(Previous Hash: 00e83e..., Hash: 00d949..., Nonce: 450, Transactions: [Transaction(Sender: 221..., Recipient: 251..., Amount: 15), Transaction(Sender: 174..., Recipient: 218..., Amount: 10), Transaction(Sender: 248..., Recipient: 252..., Amount: 30)])
2024-11-05 22:16:08,946 - INFO - Block created with previous hash: 0, transactions: [Transaction(Sender: 295..., Recipient: 246..., Amount: 0)]
2024-11-05 22:16:09,084 - INFO - Block created with previous hash: 7b734f4d2fa99f04190f7658eaf584c8d34a9f673a553c0f7138dafa069a74d9, transactions: [Transaction(Sender: 220..., Recipient: 257..., Amount: 10), Transaction(Sender: 199..., Recipient: 301..., Amount: 20)]
2024-11-05 22:16:09,098 - INFO - All transactions validated successfully for block: Block(Previous Hash: 7b734f..., Hash: 0060ae..., Nonce: 323, Transactions: [Transaction(Sender: 220..., Recipient: 257..., Amount: 10), Transaction(Sender: 199..., Recipient: 301..., Amount: 20)])
2024-11-05 22:16:09,304 - INFO - Block created with previous hash: 0060ae2ade28848c8204a558352084a31882507b5947f9f77c9c5116cca0d023, transactions: [Transaction(Sender: 249..., Recipient: 317..., Amount: 15), Transaction(Sender: 223..., Recipient: 181..., Amount: 10), Transaction(Sender: 265..., Recipient: 227..., Amount: 30)]
2024-11-05 22:16:09,307 - INFO - All transactions validated successfully for block: Block(Previous Hash: 0060ae..., Hash: 0000c2..., Nonce: 54, Transactions: [Transaction(Sender: 249..., Recipient: 317..., Amount: 15), Transaction(Sender: 223..., Recipient: 181..., Amount: 10), Transaction(Sender: 265..., Recipient: 227..., Amount: 30)])
2024-11-05 22:16:48,074 - INFO - Block created with previous hash: 0, transactions: [Transaction(Sender: 229..., Recipient: 254..., Amount: 0)]
2024-11-05 22:16:48,264 - INFO - Block created with previous hash: c0f46f80b745471b91d6da95b9bb3b52acdf1e48389e0ef6205383b86b391d4d, transactions: [Transaction(Sender: 220..., Recipient: 190..., Amount: 10), Transaction(Sender: 211..., Recipient: 263..., Amount: 20)]
2024-11-05 22:16:48,270 - INFO - All transactions validated successfully for block: Block(Previous Hash: c0f46f..., Hash: 005fb0..., Nonce: 146, Transactions: [Transaction(Sender: 220..., Recipient: 190..., Amount: 10), Transaction(Sender: 211..., Recipient: 263..., Amount: 20)])
2024-11-05 22:16:48,516 - INFO - Block created with previous hash: 005fb0f0728e9e98252a83e1adebac53966745e903abc7384b999e3d6168e9cf, transactions: [Transaction(Sender: 205..., Recipient: 235..., Amount: 15), Transaction(Sender: 261..., Recipient: 169..., Amount: 10), Transaction(Sender: 182..., Recipient: 258..., Amount: 30)]
2024-11-05 22:16:48,518 - INFO - All transactions validated successfully for block: Block(Previous Hash: 005fb0..., Hash: 00ab37..., Nonce: 42, Transactions: [Transaction(Sender: 205..., Recipient: 235..., Amount: 15), Transaction(Sender: 261..., Recipient: 169..., Amount: 10), Transaction(Sender: 182..., Recipient: 258..., Amount: 30)])
2024-11-05 22:16:50,692 - INFO - Block created with previous hash: 0, transactions: [Transaction(Sender: 251..., Recipient: 253..., Amount: 0)]
2024-11-05 22:16:50,860 - INFO - Block created with previous hash: ec1937d37784604900407069d8cf60b38c1e44e67dc770b216096862897fbbb1, transactions: [Transaction(Sender: 233..., Recipient: 250..., Amount: 10), Transaction(Sender: 227..., Recipient: 320..., Amount: 20)]
2024-11-05 22:16:50,864 - INFO - All transactions validated successfully for block: Block(Previous Hash: ec1937..., Hash: 007e09..., Nonce: 100, Transactions: [Transaction(Sender: 233..., Recipient: 250..., Amount: 10), Transaction(Sender: 227..., Recipient: 320..., Amount: 20)])
2024-11-05 22:16:51,068 - INFO - Block created with previous hash: 007e0941b9f924b6e9a9a87ace013b3307d72d62206ed9a7e44e01cda6487e61, transactions: [Transaction(Sender: 230..., Recipient: 277..., Amount: 15), Transaction(Sender: 287..., Recipient: 257..., Amount: 10), Transaction(Sender: 187..., Recipient: 197..., Amount: 30)]
2024-11-05 22:16:51,079 - INFO - All transactions validated successfully for block: Block(Previous Hash: 007e09..., Hash: 006894..., Nonce: 131, Transactions: [Transaction(Sender: 230..., Recipient: 277..., Amount: 15), Transaction(Sender: 287..., Recipient: 257..., Amount: 10), Transaction(Sender: 187..., Recipient: 197..., Amount: 30)])
2024-11-05 22:17:46,045 - INFO - Block created with previous hash: 0, transactions: [Transaction(Sender: 229..., Recipient: 243..., Amount: 0)]
2024-11-05 22:17:46,207 - INFO - Block created with previous hash: 2b7f07dd663a8c1c08c39ccbff6445203cb7fce4c6d17ec62f39dd240d39e4bf, transactions: [Transaction(Sender: 187..., Recipient: 234..., Amount: 10), Transaction(Sender: 219..., Recipient: 228..., Amount: 20)]
2024-11-05 22:17:46,209 - INFO - All transactions validated successfully for block: Block(Previous Hash: 2b7f07..., Hash: 003fcf..., Nonce: 42, Transactions: [Transaction(Sender: 187..., Recipient: 234..., Amount: 10), Transaction(Sender: 219..., Recipient: 228..., Amount: 20)])
2024-11-05 22:17:46,388 - INFO - Block created with previous hash: 003fcf5aa1b2208d5ca7a06c405c2680ab6541b09b3fd98f73bd33f6f2b186ca, transactions: [Transaction(Sender: 262..., Recipient: 254..., Amount: 15), Transaction(Sender: 271..., Recipient: 228..., Amount: 10), Transaction(Sender: 285..., Recipient: 187..., Amount: 30)]
2024-11-05 22:17:46,397 - INFO - All transactions validated successfully for block: Block(Previous Hash: 003fcf..., Hash: 00b1e4..., Nonce: 109, Transactions: [Transaction(Sender: 262..., Recipient: 254..., Amount: 15), Transaction(Sender: 271..., Recipient: 228..., Amount: 10), Transaction(Sender: 285..., Recipient: 187..., Amount: 30)])
2024-11-05 22:17:47,529 - INFO - Block created with previous hash: 0, transactions: [Transaction(Sender: 205..., Recipient: 196..., Amount: 0)]
2024-11-05 22:17:47,703 - INFO - Block created with previous hash: 7060015b976a6f017cc2dfd5b6b5cff834e73c08d3afb7aea727d97451d1e4f2, transactions: [Transaction(Sender: 285..., Recipient: 224..., Amount: 10), Transaction(Sender: 226..., Recipient: 207..., Amount: 20)]
2024-11-05 22:17:47,704 - INFO - All transactions validated successfully for block: Block(Previous Hash: 706001..., Hash: 006502..., Nonce: 17, Transactions: [Transaction(Sender: 285..., Recipient: 224..., Amount: 10), Transaction(Sender: 226..., Recipient: 207..., Amount: 20)])
2024-11-05 22:17:47,886 - INFO - Block created with previous hash: 0065023a3b2cbaadf1bbf4d1a8555630b5fff6dfb19f758c93d54a2cbb99f228, transactions: [Transaction(Sender: 300..., Recipient: 235..., Amount: 15), Transaction(Sender: 246..., Recipient: 246..., Amount: 10), Transaction(Sender: 286..., Recipient: 259..., Amount: 30)]
2024-11-05 22:17:47,889 - INFO - All transactions validated successfully for block: Block(Previous Hash: 006502..., Hash: 00f941..., Nonce: 32, Transactions: [Transaction(Sender: 300..., Recipient: 235..., Amount: 15), Transaction(Sender: 246..., Recipient: 246..., Amount: 10), Transaction(Sender: 286..., Recipient: 259..., Amount: 30)])
2024-11-05 22:18:06,246 - INFO - Block created with previous hash: 0, transactions: [Transaction(Sender: 217..., Recipient: 255..., Amount: 0)]
2024-11-05 22:18:06,456 - INFO - Block created with previous hash: 4271d1c7fd81adfaae689a847658a505e64a9c63c75268b15b7d8d642300a20d, transactions: [Transaction(Sender: 258..., Recipient: 217..., Amount: 10), Transaction(Sender: 244..., Recipient: 169..., Amount: 20)]
2024-11-05 22:18:06,461 - INFO - All transactions validated successfully for block: Block(Previous Hash: 4271d1..., Hash: 0008de..., Nonce: 130, Transactions: [Transaction(Sender: 258..., Recipient: 217..., Amount: 10), Transaction(Sender: 244..., Recipient: 169..., Amount: 20)])
2024-11-05 22:18:06,748 - INFO - Block created with previous hash: 0008dec375cdb32173f44ffa0dbdfdb68f013ffa90f834602080de479a47ecf1, transactions: [Transaction(Sender: 207..., Recipient: 214..., Amount: 15), Transaction(Sender: 248..., Recipient: 185..., Amount: 10), Transaction(Sender: 243..., Recipient: 292..., Amount: 30)]
2024-11-05 22:18:06,757 - INFO - All transactions validated successfully for block: Block(Previous Hash: 0008de..., Hash: 0019a1..., Nonce: 138, Transactions: [Transaction(Sender: 207..., Recipient: 214..., Amount: 15), Transaction(Sender: 248..., Recipient: 185..., Amount: 10), Transaction(Sender: 243..., Recipient: 292..., Amount: 30)])
2024-11-05 22:18:09,210 - INFO - Block created with previous hash: 0, transactions: [Transaction(Sender: 294..., Recipient: 262..., Amount: 0)]
2024-11-05 22:18:09,308 - INFO - Block created with previous hash: 2a91c914cee8cd1f1ec2a1ce65666abb3e048bebff74398cc0bdcb67f976811c, transactions: [Transaction(Sender: 220..., Recipient: 229..., Amount: 10), Transaction(Sender: 193..., Recipient: 233..., Amount: 20)]
2024-11-05 22:18:09,316 - INFO - All transactions validated successfully for block: Block(Previous Hash: 2a91c9..., Hash: 00c419..., Nonce: 120, Transactions: [Transaction(Sender: 220..., Recipient: 229..., Amount: 10), Transaction(Sender: 193..., Recipient: 233..., Amount: 20)])
2024-11-05 22:18:09,542 - INFO - Block created with previous hash: 00c419b725a96884b34e447a1a80ecf5880283adb76d1d08e0bceee0eb527f3e, transactions: [Transaction(Sender: 211..., Recipient: 283..., Amount: 15), Transaction(Sender: 206..., Recipient: 221..., Amount: 10), Transaction(Sender: 282..., Recipient: 221..., Amount: 30)]
2024-11-05 22:18:09,552 - INFO - All transactions validated successfully for block: Block(Previous Hash: 00c419..., Hash: 007fda..., Nonce: 183, Transactions: [Transaction(Sender: 211..., Recipient: 283..., Amount: 15), Transaction(Sender: 206..., Recipient: 221..., Amount: 10), Transaction(Sender: 282..., Recipient: 221..., Amount: 30)])
2024-11-05 22:18:41,998 - INFO - Block created with previous hash: 0, transactions: [Transaction(Sender: 227..., Recipient: 280..., Amount: 0)]
2024-11-05 22:18:42,197 - INFO - Block created with previous hash: 0733a623eda8325a3a668ea3cb2604f40ec09039b99ccf3102b767f77c8bdc46, transactions: [Transaction(Sender: 240..., Recipient: 234..., Amount: 10), Transaction(Sender: 245..., Recipient: 242..., Amount: 20)]
2024-11-05 22:18:42,200 - INFO - All transactions validated successfully for block: Block(Previous Hash: 0733a6..., Hash: 0020b3..., Nonce: 69, Transactions: [Transaction(Sender: 240..., Recipient: 234..., Amount: 10), Transaction(Sender: 245..., Recipient: 242..., Amount: 20)])
2024-11-05 22:18:42,443 - INFO - Block created with previous hash: 0020b309763a4886bbd73161b26ba19aad235017aefb9bd783a4fb12a6ea83bf, transactions: [Transaction(Sender: 211..., Recipient: 233..., Amount: 15), Transaction(Sender: 187..., Recipient: 243..., Amount: 10), Transaction(Sender: 256..., Recipient: 260..., Amount: 30)]
2024-11-05 22:18:42,466 - INFO - All transactions validated successfully for block: Block(Previous Hash: 0020b3..., Hash: 00f70e..., Nonce: 400, Transactions: [Transaction(Sender: 211..., Recipient: 233..., Amount: 15), Transaction(Sender: 187..., Recipient: 243..., Amount: 10), Transaction(Sender: 256..., Recipient: 260..., Amount: 30)])
2024-11-05 22:18:43,566 - INFO - Block created with previous hash: 0, transactions: [Transaction(Sender: 186..., Recipient: 257..., Amount: 0)]
2024-11-05 22:18:43,758 - INFO - Block created with previous hash: 9e5289d301f7183e50f3fe3ff10f632b0ff495896a479de7e8ea4a3e351ab91f, transactions: [Transaction(Sender: 227..., Recipient: 235..., Amount: 10), Transaction(Sender: 288..., Recipient: 185..., Amount: 20)]
2024-11-05 22:18:43,797 - INFO - All transactions validated successfully for block: Block(Previous Hash: 9e5289..., Hash: 00ddc4..., Nonce: 724, Transactions: [Transaction(Sender: 227..., Recipient: 235..., Amount: 10), Transaction(Sender: 288..., Recipient: 185..., Amount: 20)])
2024-11-05 22:18:44,020 - INFO - Block created with previous hash: 00ddc422269abeb300e5ab736cffd6a306527a96389baa20db2710a891765d69, transactions: [Transaction(Sender: 282..., Recipient: 214..., Amount: 15), Transaction(Sender: 211..., Recipient: 196..., Amount: 10), Transaction(Sender: 190..., Recipient: 232..., Amount: 30)]
2024-11-05 22:18:44,031 - INFO - All transactions validated successfully for block: Block(Previous Hash: 00ddc4..., Hash: 0004a4..., Nonce: 192, Transactions: [Transaction(Sender: 282..., Recipient: 214..., Amount: 15), Transaction(Sender: 211..., Recipient: 196..., Amount: 10), Transaction(Sender: 190..., Recipient: 232..., Amount: 30)])
2024-11-05 22:19:07,286 - INFO - Block created with previous hash: 0, transactions: [Transaction(Sender: 233..., Recipient: 241..., Amount: 0)]
2024-11-05 22:19:07,429 - INFO - Block created with previous hash: b1d2d561e8e338a7865a31397f20ec6a8a271e63f7d274693272f97f86e6c696, transactions: [Transaction(Sender: 238..., Recipient: 251..., Amount: 10), Transaction(Sender: 312..., Recipient: 298..., Amount: 20)]
2024-11-05 22:19:07,450 - INFO - All transactions validated successfully for block: Block(Previous Hash: b1d2d5..., Hash: 00481f..., Nonce: 558, Transactions: [Transaction(Sender: 238..., Recipient: 251..., Amount: 10), Transaction(Sender: 312..., Recipient: 298..., Amount: 20)])
2024-11-05 22:19:07,628 - INFO - Block created with previous hash: 00481fd8f783aa882168f1e0ead03188dbe13fd18f1a82fd68591a9ddc4d48fe, transactions: [Transaction(Sender: 275..., Recipient: 243..., Amount: 15), Transaction(Sender: 188..., Recipient: 250..., Amount: 10), Transaction(Sender: 200..., Recipient: 257..., Amount: 30)]
2024-11-05 22:19:07,667 - INFO - All transactions validated successfully for block: Block(Previous Hash: 00481f..., Hash: 000f31..., Nonce: 671, Transactions: [Transaction(Sender: 275..., Recipient: 243..., Amount: 15), Transaction(Sender: 188..., Recipient: 250..., Amount: 10), Transaction(Sender: 200..., Recipient: 257..., Amount: 30)])
2024-11-05 22:19:09,905 - INFO - Block created with previous hash: 0, transactions: [Transaction(Sender: 222..., Recipient: 235..., Amount: 0)]
2024-11-05 22:19:10,008 - INFO - Block created with previous hash: d8eefc7f04c46a7df87f05caa8b9f462ebfef942cee6ae4c4c777d82ce0810ac, transactions: [Transaction(Sender: 222..., Recipient: 222..., Amount: 10), Transaction(Sender: 207..., Recipient: 251..., Amount: 20)]
2024-11-05 22:19:10,016 - INFO - All transactions validated successfully for block: Block(Previous Hash: d8eefc..., Hash: 00039d..., Nonce: 251, Transactions: [Transaction(Sender: 222..., Recipient: 222..., Amount: 10), Transaction(Sender: 207..., Recipient: 251..., Amount: 20)])
2024-11-05 22:19:10,306 - INFO - Block created with previous hash: 00039d91bf8b59f4d58916bba813d9e68d06168aee728b10b29e3585de5628b9, transactions: [Transaction(Sender: 316..., Recipient: 214..., Amount: 15), Transaction(Sender: 294..., Recipient: 265..., Amount: 10), Transaction(Sender: 267..., Recipient: 226..., Amount: 30)]
2024-11-05 22:19:10,323 - INFO - All transactions validated successfully for block: Block(Previous Hash: 00039d..., Hash: 005f48..., Nonce: 246, Transactions: [Transaction(Sender: 316..., Recipient: 214..., Amount: 15), Transaction(Sender: 294..., Recipient: 265..., Amount: 10), Transaction(Sender: 267..., Recipient: 226..., Amount: 30)])
2024-11-05 22:19:34,731 - INFO - Block created with previous hash: 0, transactions: [Transaction(Sender: 183..., Recipient: 220..., Amount: 0)]
2024-11-05 22:19:34,837 - INFO - Block created with previous hash: bd6c1d5ca17988fdb64e51bfd81613484091b019dbf905fcd8c8920abc925b54, transactions: [Transaction(Sender: 295..., Recipient: 268..., Amount: 10), Transaction(Sender: 177..., Recipient: 242..., Amount: 20)]
2024-11-05 22:19:34,844 - INFO - All transactions validated successfully for block: Block(Previous Hash: bd6c1d..., Hash: 0040a8..., Nonce: 168, Transactions: [Transaction(Sender: 295..., Recipient: 268..., Amount: 10), Transaction(Sender: 177..., Recipient: 242..., Amount: 20)])
2024-11-05 22:19:35,014 - INFO - Block created with previous hash: 0040a8facceeeaed1bf935df60d249430e13198c735fa3b35547ce292a85e63e, transactions: [Transaction(Sender: 244..., Recipient: 272..., Amount: 15), Transaction(Sender: 252..., Recipient: 254..., Amount: 10), Transaction(Sender: 203..., Recipient: 215..., Amount: 30)]
2024-11-05 22:19:35,033 - INFO - All transactions validated successfully for block: Block(Previous Hash: 0040a8..., Hash: 009423..., Nonce: 349, Transactions: [Transaction(Sender: 244..., Recipient: 272..., Amount: 15), Transaction(Sender: 252..., Recipient: 254..., Amount: 10), Transaction(Sender: 203..., Recipient: 215..., Amount: 30)])
2024-11-05 22:19:38,513 - INFO - Block created with previous hash: 0, transactions: [Transaction(Sender: 202..., Recipient: 260..., Amount: 0)]
2024-11-05 22:19:38,723 - INFO - Block created with previous hash: e2186286fc691b5702a6bf5400c0cb50e239cae89fba711172ee0afef93013c3, transactions: [Transaction(Sender: 292..., Recipient: 237..., Amount: 10), Transaction(Sender: 198..., Recipient: 253..., Amount: 20)]
2024-11-05 22:19:38,728 - INFO - All transactions validated successfully for block: Block(Previous Hash: e21862..., Hash: 00ed28..., Nonce: 84, Transactions: [Transaction(Sender: 292..., Recipient: 237..., Amount: 10), Transaction(Sender: 198..., Recipient: 253..., Amount: 20)])
2024-11-05 22:19:38,917 - INFO - Block created with previous hash: 00ed280a02525ba73d693fdb9c49e12cc445e039fcbaf9f0a4504573a4689c7d, transactions: [Transaction(Sender: 256..., Recipient: 291..., Amount: 15), Transaction(Sender: 199..., Recipient: 233..., Amount: 10), Transaction(Sender: 190..., Recipient: 191..., Amount: 30)]
2024-11-05 22:19:38,990 - INFO - All transactions validated successfully for block: Block(Previous Hash: 00ed28..., Hash: 00a0e7..., Nonce: 1238, Transactions: [Transaction(Sender: 256..., Recipient: 291..., Amount: 15), Transaction(Sender: 199..., Recipient: 233..., Amount: 10), Transaction(Sender: 190..., Recipient: 191..., Amount: 30)])
2024-11-05 22:21:07,547 - INFO - Block created with previous hash: 0, transactions: [Transaction(Sender: 239..., Recipient: 238..., Amount: 0)]
2024-11-05 22:21:07,816 - INFO - Block created with previous hash: cefb36390c6e0da5f48930e8c8b27b8b39fc172f4b39829fe60a0ff331418ce4, transactions: [Transaction(Sender: 188..., Recipient: 270..., Amount: 10), Transaction(Sender: 255..., Recipient: 240..., Amount: 20)]
2024-11-05 22:21:07,819 - INFO - All transactions validated successfully for block: Block(Previous Hash: cefb36..., Hash: 003d79..., Nonce: 66, Transactions: [Transaction(Sender: 188..., Recipient: 270..., Amount: 10), Transaction(Sender: 255..., Recipient: 240..., Amount: 20)])
2024-11-05 22:21:07,992 - INFO - Block created with previous hash: 003d79361578c2b21a7b0bd431fa8fdbfd6b608cdcfc12aacabdfb28912ea1b6, transactions: [Transaction(Sender: 202..., Recipient: 316..., Amount: 15), Transaction(Sender: 293..., Recipient: 232..., Amount: 10), Transaction(Sender: 185..., Recipient: 194..., Amount: 30)]
2024-11-05 22:21:07,998 - INFO - All transactions validated successfully for block: Block(Previous Hash: 003d79..., Hash: 008ffc..., Nonce: 81, Transactions: [Transaction(Sender: 202..., Recipient: 316..., Amount: 15), Transaction(Sender: 293..., Recipient: 232..., Amount: 10), Transaction(Sender: 185..., Recipient: 194..., Amount: 30)])
2024-11-05 22:21:10,511 - INFO - Block created with previous hash: 0, transactions: [Transaction(Sender: 249..., Recipient: 230..., Amount: 0)]
2024-11-05 22:21:10,756 - INFO - Block created with previous hash: a7cab9ef3909cf0ac7a09dd5163eed931620bfc1ea216cef97954cd9526f4325, transactions: [Transaction(Sender: 238..., Recipient: 213..., Amount: 10), Transaction(Sender: 268..., Recipient: 237..., Amount: 20)]
2024-11-05 22:21:10,757 - INFO - All transactions validated successfully for block: Block(Previous Hash: a7cab9..., Hash: 004e53..., Nonce: 27, Transactions: [Transaction(Sender: 238..., Recipient: 213..., Amount: 10), Transaction(Sender: 268..., Recipient: 237..., Amount: 20)])
2024-11-05 22:21:10,898 - INFO - Block created with previous hash: 004e539aba1b66fb0a5328267dbfbd39948773e7fe9046c5fc5528665f30ed5b, transactions: [Transaction(Sender: 269..., Recipient: 243..., Amount: 15), Transaction(Sender: 229..., Recipient: 254..., Amount: 10), Transaction(Sender: 241..., Recipient: 273..., Amount: 30)]
2024-11-05 22:21:10,913 - INFO - All transactions validated successfully for block: Block(Previous Hash: 004e53..., Hash: 00e58a..., Nonce: 218, Transactions: [Transaction(Sender: 269..., Recipient: 243..., Amount: 15), Transaction(Sender: 229..., Recipient: 254..., Amount: 10), Transaction(Sender: 241..., Recipient: 273..., Amount: 30)])
