2024-11-03 00:40:35,884 - INFO - Starting assertion checks for mining functions...
2024-11-03 00:40:35,983 - DEBUG - Worker MainProcess nonce 0: Best hash so far: None (Trailing zeros: 0)
2024-11-03 00:40:35,984 - INFO - Thread MainProcess mined a valid block! Nonce: 15, Hash: 08b15eb2aeb4e6d730e003c08a723113b59fc4e67c3dea7f53be78db3a3e095d
2024-11-03 00:40:35,984 - INFO - Checking da big ones
2024-11-03 00:40:36,005 - INFO - Started mining process for nonce range 0-10000
2024-11-03 00:40:36,020 - INFO - Started mining process for nonce range 10000-20000
2024-11-03 00:40:36,035 - INFO - Started mining process for nonce range 20000-30000
2024-11-03 00:40:36,051 - INFO - Started mining process for nonce range 30000-40000
2024-11-03 00:40:36,067 - INFO - Started mining process for nonce range 40000-50000
2024-11-03 00:40:36,083 - INFO - Started mining process for nonce range 50000-60000
2024-11-03 00:40:36,098 - INFO - Started mining process for nonce range 60000-70000
2024-11-03 00:40:36,116 - INFO - Started mining process for nonce range 70000-80000
2024-11-03 00:40:36,134 - INFO - Started mining process for nonce range 80000-90000
2024-11-03 00:40:36,153 - INFO - New block detected, worker stopping.
2024-11-03 00:40:36,153 - INFO - Started mining process for nonce range 90000-100000
2024-11-03 00:40:36,157 - INFO - Terminated process Process-1
2024-11-03 00:40:36,161 - INFO - Terminated process Process-2
2024-11-03 00:40:36,164 - INFO - Terminated process Process-3
2024-11-03 00:40:36,167 - INFO - Terminated process Process-4
2024-11-03 00:40:36,170 - INFO - Terminated process Process-5
2024-11-03 00:40:36,173 - INFO - Terminated process Process-6
2024-11-03 00:40:36,177 - INFO - Terminated process Process-7
2024-11-03 00:40:36,179 - INFO - Terminated process Process-8
2024-11-03 00:40:36,182 - INFO - Terminated process Process-9
2024-11-03 00:40:36,184 - INFO - Terminated process Process-10
2024-11-03 00:40:36,184 - INFO - All mining processes terminated.
2024-11-03 00:40:36,185 - INFO - All assertions passed for mining functions.
2024-11-03 00:40:55,865 - INFO - Starting assertion checks for mining functions...
2024-11-03 00:40:55,971 - DEBUG - Worker MainProcess nonce 0: Best hash so far: None (Trailing zeros: 0)
2024-11-03 00:40:55,972 - INFO - Thread MainProcess mined a valid block! Nonce: 71, Hash: 0abf937e0fbc782cf2aaa4df16e5335cf2e719e9672bd9532917a77d4853b95c
2024-11-03 00:40:55,973 - INFO - Checking da big ones
2024-11-03 00:40:56,004 - INFO - Started mining process for nonce range 0-10000
2024-11-03 00:40:56,020 - INFO - Started mining process for nonce range 10000-20000
2024-11-03 00:40:56,035 - INFO - Started mining process for nonce range 20000-30000
2024-11-03 00:40:56,051 - INFO - Started mining process for nonce range 30000-40000
2024-11-03 00:40:56,068 - INFO - Started mining process for nonce range 40000-50000
2024-11-03 00:40:56,084 - INFO - Started mining process for nonce range 50000-60000
2024-11-03 00:40:56,102 - INFO - Started mining process for nonce range 60000-70000
2024-11-03 00:40:56,121 - INFO - Started mining process for nonce range 70000-80000
2024-11-03 00:40:56,139 - INFO - Started mining process for nonce range 80000-90000
2024-11-03 00:40:56,159 - INFO - Started mining process for nonce range 90000-100000
2024-11-03 00:40:56,164 - INFO - Terminated process Process-1
2024-11-03 00:40:56,169 - INFO - Terminated process Process-2
2024-11-03 00:40:56,173 - INFO - Terminated process Process-3
2024-11-03 00:40:56,177 - INFO - Terminated process Process-4
2024-11-03 00:40:56,179 - INFO - Terminated process Process-5
2024-11-03 00:40:56,182 - INFO - Terminated process Process-6
2024-11-03 00:40:56,184 - INFO - Terminated process Process-7
2024-11-03 00:40:56,186 - INFO - Terminated process Process-8
2024-11-03 00:40:56,189 - INFO - Terminated process Process-9
2024-11-03 00:40:56,192 - INFO - Terminated process Process-10
2024-11-03 00:40:56,192 - INFO - All mining processes terminated.
2024-11-03 00:40:56,192 - INFO - All assertions passed for mining functions.
2024-11-03 00:41:08,483 - INFO - Starting assertion checks for mining functions...
2024-11-03 00:41:08,600 - DEBUG - Worker MainProcess nonce 0: Best hash so far: None (Trailing zeros: 0)
2024-11-03 00:41:08,600 - INFO - Thread MainProcess mined a valid block! Nonce: 35, Hash: 063db5235f94acc1356f9940a184676c42fe18b8f0cc874d60f9fbea6b937d99
2024-11-03 00:41:08,601 - INFO - Checking da big ones
2024-11-03 00:41:08,628 - INFO - Started mining process for nonce range 0-10000
2024-11-03 00:41:08,644 - INFO - Started mining process for nonce range 10000-20000
2024-11-03 00:41:08,662 - INFO - Started mining process for nonce range 20000-30000
2024-11-03 00:41:08,679 - INFO - Started mining process for nonce range 30000-40000
2024-11-03 00:41:08,697 - INFO - Started mining process for nonce range 40000-50000
2024-11-03 00:41:08,714 - INFO - Started mining process for nonce range 50000-60000
2024-11-03 00:41:08,731 - INFO - Started mining process for nonce range 60000-70000
2024-11-03 00:41:08,749 - INFO - Started mining process for nonce range 70000-80000
2024-11-03 00:41:08,769 - INFO - Started mining process for nonce range 80000-90000
2024-11-03 00:41:08,788 - INFO - Started mining process for nonce range 90000-100000
2024-11-03 00:41:08,792 - INFO - Terminated process Process-1
2024-11-03 00:41:08,797 - INFO - Terminated process Process-2
2024-11-03 00:41:08,801 - INFO - Terminated process Process-3
2024-11-03 00:41:08,803 - INFO - Terminated process Process-4
2024-11-03 00:41:08,806 - INFO - Terminated process Process-5
2024-11-03 00:41:08,809 - INFO - Terminated process Process-6
2024-11-03 00:41:08,811 - INFO - Terminated process Process-7
2024-11-03 00:41:08,814 - INFO - Terminated process Process-8
2024-11-03 00:41:08,817 - INFO - Terminated process Process-9
2024-11-03 00:41:08,819 - INFO - Terminated process Process-10
2024-11-03 00:41:08,819 - INFO - All mining processes terminated.
2024-11-03 00:41:08,819 - INFO - All assertions passed for mining functions.
2024-11-04 23:03:34,535 - INFO - Starting assertion checks for mining functions...
2024-11-04 23:03:34,729 - DEBUG - Worker MainProcess nonce 0: Best hash so far: None (Trailing zeros: 0)
2024-11-04 23:03:34,730 - INFO - Thread MainProcess mined a valid block! Nonce: 34, Hash: 0b04df7774d9e08b61be32ce586e85d0a5a0933429fdc1d290e0b64340776366
