2024-11-02 15:58:40,170 - INFO - Starting assertions check for Transaction class...
2024-11-02 15:58:40,203 - INFO - Transaction created: Sender: 195..., Recipient: 198..., Amount: 10
2024-11-02 15:58:40,203 - DEBUG - Transaction hash calculated: 99224...
2024-11-02 15:58:40,204 - INFO - Transaction signed. Signature: b'\x1...
2024-11-02 15:58:40,204 - DEBUG - Transaction hash calculated: 99224...
2024-11-02 15:58:40,204 - DEBUG - Transaction hash calculated: 99224...
2024-11-02 15:58:40,204 - DEBUG - Signature verification succeeded
2024-11-02 15:58:40,204 - DEBUG - Transaction hash calculated: ec03b...
2024-11-02 15:58:40,204 - DEBUG - Signature verification failed
2024-11-02 15:58:40,204 - INFO - All assertions passed for Transaction class.
2024-11-02 15:59:12,598 - INFO - Starting assertions check for Transaction class...
2024-11-02 15:59:12,656 - INFO - Transaction created: Sender: 221..., Recipient: 223..., Amount: 10
2024-11-02 15:59:12,657 - DEBUG - Transaction hash calculated: 4d350...
2024-11-02 15:59:12,658 - INFO - Transaction signed. Signature: b'\x1...
2024-11-02 15:59:12,658 - DEBUG - Transaction hash calculated: 4d350...
2024-11-02 15:59:14,590 - DEBUG - Transaction hash calculated: 4d350...
2024-11-02 15:59:23,584 - DEBUG - Signature verification succeeded
2024-11-02 15:59:40,529 - DEBUG - Transaction hash calculated: e6671...
2024-11-02 15:59:45,066 - DEBUG - Signature verification failed
2024-11-02 15:59:46,241 - INFO - All assertions passed for Transaction class.
2024-11-02 16:47:12,451 - INFO - Transaction created: Sender: 212..., Recipient: 279..., Amount: 10
2024-11-02 16:47:12,452 - DEBUG - Transaction hash calculated: 8a4e7...
2024-11-02 16:47:12,453 - INFO - Transaction signed. Signature: b'\x1...
2024-11-02 16:47:12,497 - INFO - Transaction created: Sender: 282..., Recipient: 233..., Amount: 20
2024-11-02 16:47:12,497 - DEBUG - Transaction hash calculated: 3b158...
2024-11-02 16:47:12,498 - INFO - Transaction signed. Signature: b'M\x...
2024-11-02 17:00:07,456 - INFO - Transaction created: Sender: 286..., Recipient: 253..., Amount: 0
2024-11-02 17:00:07,457 - DEBUG - Transaction hash calculated: 9aa37...
2024-11-02 17:00:07,458 - INFO - Transaction signed. Signature: b'_[\...
2024-11-02 17:00:07,510 - INFO - Transaction created: Sender: 253..., Recipient: 173..., Amount: 10
2024-11-02 17:00:07,511 - DEBUG - Transaction hash calculated: b2deb...
2024-11-02 17:00:07,512 - INFO - Transaction signed. Signature: b"-\x...
2024-11-02 17:00:07,567 - INFO - Transaction created: Sender: 241..., Recipient: 270..., Amount: 20
2024-11-02 17:00:07,567 - DEBUG - Transaction hash calculated: c1bb1...
2024-11-02 17:00:07,568 - INFO - Transaction signed. Signature: b'dI\...
2024-11-02 17:00:12,830 - DEBUG - Transaction hash calculated: b2deb...
2024-11-02 17:00:12,830 - DEBUG - Signature verification succeeded
2024-11-02 17:00:12,831 - DEBUG - Transaction hash calculated: c1bb1...
2024-11-02 17:00:12,831 - DEBUG - Signature verification succeeded
2024-11-02 17:00:12,938 - INFO - Transaction created: Sender: 234..., Recipient: 229..., Amount: 15
2024-11-02 17:00:12,938 - DEBUG - Transaction hash calculated: 98ee5...
2024-11-02 17:00:12,939 - INFO - Transaction signed. Signature: b'\x1...
2024-11-02 17:00:13,002 - INFO - Transaction created: Sender: 207..., Recipient: 233..., Amount: 10
2024-11-02 17:00:13,002 - DEBUG - Transaction hash calculated: b2211...
2024-11-02 17:00:13,003 - INFO - Transaction signed. Signature: b':\x...
2024-11-02 17:00:13,058 - INFO - Transaction created: Sender: 202..., Recipient: 199..., Amount: 30
2024-11-02 17:00:13,058 - DEBUG - Transaction hash calculated: 5956a...
2024-11-02 17:00:13,059 - INFO - Transaction signed. Signature: b'3\x...
2024-11-02 17:00:14,744 - DEBUG - Transaction hash calculated: 98ee5...
2024-11-02 17:00:14,744 - DEBUG - Signature verification succeeded
2024-11-02 17:00:14,744 - DEBUG - Transaction hash calculated: b2211...
2024-11-02 17:00:14,744 - DEBUG - Signature verification succeeded
2024-11-02 17:00:14,744 - DEBUG - Transaction hash calculated: 5956a...
2024-11-02 17:00:14,744 - DEBUG - Signature verification succeeded
2024-11-02 17:00:37,353 - INFO - Transaction created: Sender: 253..., Recipient: 255..., Amount: 0
2024-11-02 17:00:37,353 - DEBUG - Transaction hash calculated: 2aa21...
2024-11-02 17:00:37,355 - INFO - Transaction signed. Signature: b'\xa...
2024-11-02 17:00:37,440 - INFO - Transaction created: Sender: 231..., Recipient: 208..., Amount: 10
2024-11-02 17:00:37,440 - DEBUG - Transaction hash calculated: 89483...
2024-11-02 17:00:37,440 - INFO - Transaction signed. Signature: b'\x0...
2024-11-02 17:00:37,472 - INFO - Transaction created: Sender: 264..., Recipient: 184..., Amount: 20
2024-11-02 17:00:37,473 - DEBUG - Transaction hash calculated: c888e...
2024-11-02 17:00:37,473 - INFO - Transaction signed. Signature: b'\xa...
2024-11-02 17:00:37,475 - DEBUG - Transaction hash calculated: 89483...
2024-11-02 17:00:37,475 - DEBUG - Signature verification succeeded
2024-11-02 17:00:37,475 - DEBUG - Transaction hash calculated: c888e...
2024-11-02 17:00:37,475 - DEBUG - Signature verification succeeded
2024-11-02 17:00:37,587 - INFO - Transaction created: Sender: 179..., Recipient: 293..., Amount: 15
2024-11-02 17:00:37,587 - DEBUG - Transaction hash calculated: fc095...
2024-11-02 17:00:37,588 - INFO - Transaction signed. Signature: b'TW\...
2024-11-02 17:00:37,647 - INFO - Transaction created: Sender: 243..., Recipient: 222..., Amount: 10
2024-11-02 17:00:37,647 - DEBUG - Transaction hash calculated: 0ce6c...
2024-11-02 17:00:37,648 - INFO - Transaction signed. Signature: b'+\x...
2024-11-02 17:00:37,746 - INFO - Transaction created: Sender: 274..., Recipient: 223..., Amount: 30
2024-11-02 17:00:37,746 - DEBUG - Transaction hash calculated: fa1d0...
2024-11-02 17:00:37,747 - INFO - Transaction signed. Signature: b'\x1...
2024-11-02 17:00:37,768 - DEBUG - Transaction hash calculated: fc095...
2024-11-02 17:00:37,768 - DEBUG - Signature verification succeeded
2024-11-02 17:00:37,768 - DEBUG - Transaction hash calculated: 0ce6c...
2024-11-02 17:00:37,768 - DEBUG - Signature verification succeeded
2024-11-02 17:00:37,769 - DEBUG - Transaction hash calculated: fa1d0...
2024-11-02 17:00:37,769 - DEBUG - Signature verification succeeded
2024-11-02 17:00:43,988 - INFO - Transaction created: Sender: 187..., Recipient: 193..., Amount: 0
2024-11-02 17:00:43,989 - DEBUG - Transaction hash calculated: 69f9e...
2024-11-02 17:00:43,989 - INFO - Transaction signed. Signature: b'i\x...
2024-11-02 17:00:44,052 - INFO - Transaction created: Sender: 216..., Recipient: 226..., Amount: 10
2024-11-02 17:00:44,052 - DEBUG - Transaction hash calculated: 9d38c...
2024-11-02 17:00:44,053 - INFO - Transaction signed. Signature: b"<\x...
2024-11-02 17:00:44,147 - INFO - Transaction created: Sender: 231..., Recipient: 242..., Amount: 20
2024-11-02 17:00:44,147 - DEBUG - Transaction hash calculated: 1a4d4...
2024-11-02 17:00:44,148 - INFO - Transaction signed. Signature: b'\x1...
2024-11-02 17:00:50,648 - DEBUG - Transaction hash calculated: 9d38c...
2024-11-02 17:00:50,649 - DEBUG - Signature verification succeeded
2024-11-02 17:00:52,146 - DEBUG - Transaction hash calculated: 1a4d4...
2024-11-02 17:00:52,147 - DEBUG - Signature verification succeeded
2024-11-02 17:00:54,363 - INFO - Transaction created: Sender: 181..., Recipient: 179..., Amount: 15
2024-11-02 17:00:54,364 - DEBUG - Transaction hash calculated: d8d61...
2024-11-02 17:00:54,364 - INFO - Transaction signed. Signature: b"%\x...
2024-11-02 17:00:54,404 - INFO - Transaction created: Sender: 257..., Recipient: 281..., Amount: 10
2024-11-02 17:00:54,404 - DEBUG - Transaction hash calculated: 87c0b...
2024-11-02 17:00:54,405 - INFO - Transaction signed. Signature: b'\xc...
2024-11-02 17:00:54,444 - INFO - Transaction created: Sender: 215..., Recipient: 243..., Amount: 30
2024-11-02 17:00:54,444 - DEBUG - Transaction hash calculated: dd46d...
2024-11-02 17:00:54,445 - INFO - Transaction signed. Signature: b'"|\...
2024-11-02 17:00:54,453 - DEBUG - Transaction hash calculated: d8d61...
2024-11-02 17:00:54,454 - DEBUG - Signature verification succeeded
2024-11-02 17:00:54,454 - DEBUG - Transaction hash calculated: 87c0b...
2024-11-02 17:00:54,454 - DEBUG - Signature verification succeeded
2024-11-02 17:00:54,455 - DEBUG - Transaction hash calculated: dd46d...
2024-11-02 17:00:54,455 - DEBUG - Signature verification succeeded
2024-11-02 17:01:08,893 - INFO - Transaction created: Sender: 234..., Recipient: 236..., Amount: 0
2024-11-02 17:01:08,894 - DEBUG - Transaction hash calculated: bb52b...
2024-11-02 17:01:08,895 - INFO - Transaction signed. Signature: b'w\x...
2024-11-02 17:01:09,046 - INFO - Transaction created: Sender: 216..., Recipient: 260..., Amount: 10
2024-11-02 17:01:09,047 - DEBUG - Transaction hash calculated: 53332...
2024-11-02 17:01:09,048 - INFO - Transaction signed. Signature: b';\x...
2024-11-02 17:01:09,092 - INFO - Transaction created: Sender: 230..., Recipient: 233..., Amount: 20
2024-11-02 17:01:09,092 - DEBUG - Transaction hash calculated: acb53...
2024-11-02 17:01:09,094 - INFO - Transaction signed. Signature: b'\x9...
2024-11-02 17:01:09,098 - DEBUG - Transaction hash calculated: 53332...
2024-11-02 17:01:09,098 - DEBUG - Signature verification succeeded
2024-11-02 17:01:09,098 - DEBUG - Transaction hash calculated: acb53...
2024-11-02 17:01:09,099 - DEBUG - Signature verification succeeded
2024-11-02 17:01:09,168 - INFO - Transaction created: Sender: 230..., Recipient: 247..., Amount: 15
2024-11-02 17:01:09,168 - DEBUG - Transaction hash calculated: 0a7a6...
2024-11-02 17:01:09,168 - INFO - Transaction signed. Signature: b'z\x...
2024-11-02 17:01:09,243 - INFO - Transaction created: Sender: 218..., Recipient: 228..., Amount: 10
2024-11-02 17:01:09,244 - DEBUG - Transaction hash calculated: 7bbb4...
2024-11-02 17:01:09,244 - INFO - Transaction signed. Signature: b'\x8...
2024-11-02 17:01:09,300 - INFO - Transaction created: Sender: 195..., Recipient: 173..., Amount: 30
2024-11-02 17:01:09,300 - DEBUG - Transaction hash calculated: a9765...
2024-11-02 17:01:09,300 - INFO - Transaction signed. Signature: b"\x0...
2024-11-02 17:01:09,303 - DEBUG - Transaction hash calculated: 0a7a6...
2024-11-02 17:01:09,304 - DEBUG - Signature verification succeeded
2024-11-02 17:01:09,304 - DEBUG - Transaction hash calculated: 7bbb4...
2024-11-02 17:01:09,304 - DEBUG - Signature verification succeeded
2024-11-02 17:01:09,304 - DEBUG - Transaction hash calculated: a9765...
2024-11-02 17:01:09,304 - DEBUG - Signature verification succeeded
2024-11-02 17:01:58,779 - INFO - Transaction created: Sender: 187..., Recipient: 192..., Amount: 0
2024-11-02 17:01:58,779 - DEBUG - Transaction hash calculated: 4db04...
2024-11-02 17:01:58,780 - INFO - Transaction signed. Signature: b"D\x...
2024-11-02 17:01:58,824 - INFO - Transaction created: Sender: 251..., Recipient: 219..., Amount: 10
2024-11-02 17:01:58,824 - DEBUG - Transaction hash calculated: acff8...
2024-11-02 17:01:58,825 - INFO - Transaction signed. Signature: b"\x0...
2024-11-02 17:01:58,868 - INFO - Transaction created: Sender: 246..., Recipient: 213..., Amount: 20
2024-11-02 17:01:58,868 - DEBUG - Transaction hash calculated: cfc9c...
2024-11-02 17:01:58,868 - INFO - Transaction signed. Signature: b'\xb...
2024-11-02 17:01:58,870 - DEBUG - Transaction hash calculated: acff8...
2024-11-02 17:01:58,870 - DEBUG - Signature verification succeeded
2024-11-02 17:01:58,870 - DEBUG - Transaction hash calculated: cfc9c...
2024-11-02 17:01:58,870 - DEBUG - Signature verification succeeded
2024-11-02 17:01:58,994 - INFO - Transaction created: Sender: 308..., Recipient: 230..., Amount: 15
2024-11-02 17:01:58,994 - DEBUG - Transaction hash calculated: 2a39b...
2024-11-02 17:01:58,995 - INFO - Transaction signed. Signature: b'{\x...
2024-11-02 17:01:59,049 - INFO - Transaction created: Sender: 256..., Recipient: 186..., Amount: 10
2024-11-02 17:01:59,049 - DEBUG - Transaction hash calculated: da359...
2024-11-02 17:01:59,050 - INFO - Transaction signed. Signature: b'V\x...
2024-11-02 17:01:59,130 - INFO - Transaction created: Sender: 231..., Recipient: 193..., Amount: 30
2024-11-02 17:01:59,130 - DEBUG - Transaction hash calculated: bcab4...
2024-11-02 17:01:59,130 - INFO - Transaction signed. Signature: b'\n\...
2024-11-02 17:01:59,135 - DEBUG - Transaction hash calculated: 2a39b...
2024-11-02 17:01:59,135 - DEBUG - Signature verification succeeded
2024-11-02 17:01:59,135 - DEBUG - Transaction hash calculated: da359...
2024-11-02 17:01:59,136 - DEBUG - Signature verification succeeded
2024-11-02 17:01:59,136 - DEBUG - Transaction hash calculated: bcab4...
2024-11-02 17:01:59,136 - DEBUG - Signature verification succeeded
2024-11-02 17:01:59,136 - DEBUG - Transaction hash calculated: acff8...
2024-11-02 17:01:59,136 - DEBUG - Signature verification succeeded
2024-11-02 17:01:59,136 - DEBUG - Transaction hash calculated: cfc9c...
2024-11-02 17:01:59,136 - DEBUG - Signature verification succeeded
2024-11-02 17:02:10,959 - INFO - Transaction created: Sender: 200..., Recipient: 301..., Amount: 0
2024-11-02 17:02:10,960 - DEBUG - Transaction hash calculated: b5c53...
2024-11-02 17:02:10,961 - INFO - Transaction signed. Signature: b',pa...
2024-11-02 17:02:11,010 - INFO - Transaction created: Sender: 272..., Recipient: 217..., Amount: 10
2024-11-02 17:02:11,010 - DEBUG - Transaction hash calculated: 6a126...
2024-11-02 17:02:11,011 - INFO - Transaction signed. Signature: b'RXL...
2024-11-02 17:02:11,090 - INFO - Transaction created: Sender: 261..., Recipient: 193..., Amount: 20
2024-11-02 17:02:11,090 - DEBUG - Transaction hash calculated: 5f7a6...
2024-11-02 17:02:11,091 - INFO - Transaction signed. Signature: b'\xb...
2024-11-02 17:02:11,118 - DEBUG - Transaction hash calculated: 6a126...
2024-11-02 17:02:11,118 - DEBUG - Signature verification succeeded
2024-11-02 17:02:11,119 - DEBUG - Transaction hash calculated: 5f7a6...
2024-11-02 17:02:11,119 - DEBUG - Signature verification succeeded
2024-11-02 17:02:11,204 - INFO - Transaction created: Sender: 295..., Recipient: 230..., Amount: 15
2024-11-02 17:02:11,204 - DEBUG - Transaction hash calculated: 47310...
2024-11-02 17:02:11,204 - INFO - Transaction signed. Signature: b'a)\...
2024-11-02 17:02:11,253 - INFO - Transaction created: Sender: 181..., Recipient: 239..., Amount: 10
2024-11-02 17:02:11,253 - DEBUG - Transaction hash calculated: 9cde2...
2024-11-02 17:02:11,253 - INFO - Transaction signed. Signature: b'\x1...
2024-11-02 17:02:11,339 - INFO - Transaction created: Sender: 225..., Recipient: 192..., Amount: 30
2024-11-02 17:02:11,339 - DEBUG - Transaction hash calculated: ec454...
2024-11-02 17:02:11,341 - INFO - Transaction signed. Signature: b')\x...
2024-11-02 17:02:11,348 - DEBUG - Transaction hash calculated: 47310...
2024-11-02 17:02:11,348 - DEBUG - Signature verification succeeded
2024-11-02 17:02:11,348 - DEBUG - Transaction hash calculated: 9cde2...
2024-11-02 17:02:11,348 - DEBUG - Signature verification succeeded
2024-11-02 17:02:11,348 - DEBUG - Transaction hash calculated: ec454...
2024-11-02 17:02:11,348 - DEBUG - Signature verification succeeded
2024-11-02 17:02:28,626 - DEBUG - Transaction hash calculated: 6a126...
2024-11-02 17:02:28,626 - DEBUG - Signature verification succeeded
2024-11-02 17:02:28,628 - DEBUG - Transaction hash calculated: 5f7a6...
2024-11-02 17:02:28,628 - DEBUG - Signature verification succeeded
2024-11-02 17:03:00,414 - INFO - Transaction created: Sender: 295..., Recipient: 251..., Amount: 0
2024-11-02 17:03:00,414 - DEBUG - Transaction hash calculated: d05db...
2024-11-02 17:03:00,416 - INFO - Transaction signed. Signature: b'JQ@...
2024-11-02 17:03:00,517 - INFO - Transaction created: Sender: 194..., Recipient: 212..., Amount: 10
2024-11-02 17:03:00,517 - DEBUG - Transaction hash calculated: fc005...
2024-11-02 17:03:00,518 - INFO - Transaction signed. Signature: b'N)d...
2024-11-02 17:03:00,564 - INFO - Transaction created: Sender: 240..., Recipient: 197..., Amount: 20
2024-11-02 17:03:00,564 - DEBUG - Transaction hash calculated: c6f0c...
2024-11-02 17:03:00,566 - INFO - Transaction signed. Signature: b'\x1...
2024-11-02 17:03:00,573 - DEBUG - Transaction hash calculated: fc005...
2024-11-02 17:03:00,573 - DEBUG - Signature verification succeeded
2024-11-02 17:03:00,573 - DEBUG - Transaction hash calculated: c6f0c...
2024-11-02 17:03:00,573 - DEBUG - Signature verification succeeded
2024-11-02 17:03:00,617 - INFO - Transaction created: Sender: 179..., Recipient: 266..., Amount: 15
2024-11-02 17:03:00,617 - DEBUG - Transaction hash calculated: e9832...
2024-11-02 17:03:00,617 - INFO - Transaction signed. Signature: b'"\x...
2024-11-02 17:03:00,707 - INFO - Transaction created: Sender: 273..., Recipient: 223..., Amount: 10
2024-11-02 17:03:00,707 - DEBUG - Transaction hash calculated: c6abb...
2024-11-02 17:03:00,708 - INFO - Transaction signed. Signature: b'?\x...
2024-11-02 17:03:00,763 - INFO - Transaction created: Sender: 258..., Recipient: 263..., Amount: 30
2024-11-02 17:03:00,763 - DEBUG - Transaction hash calculated: f1e54...
2024-11-02 17:03:00,764 - INFO - Transaction signed. Signature: b'\r5...
2024-11-02 17:03:00,765 - DEBUG - Transaction hash calculated: e9832...
2024-11-02 17:03:00,765 - DEBUG - Signature verification succeeded
2024-11-02 17:03:00,765 - DEBUG - Transaction hash calculated: c6abb...
2024-11-02 17:03:00,766 - DEBUG - Signature verification succeeded
2024-11-02 17:03:00,766 - DEBUG - Transaction hash calculated: f1e54...
2024-11-02 17:03:00,766 - DEBUG - Signature verification succeeded
2024-11-02 17:03:00,766 - DEBUG - Transaction hash calculated: fc005...
2024-11-02 17:03:00,766 - DEBUG - Signature verification succeeded
2024-11-02 17:03:00,766 - DEBUG - Transaction hash calculated: c6f0c...
2024-11-02 17:03:00,766 - DEBUG - Signature verification succeeded
2024-11-02 17:03:00,766 - DEBUG - Transaction hash calculated: e9832...
2024-11-02 17:03:00,767 - DEBUG - Signature verification succeeded
2024-11-02 17:03:00,767 - DEBUG - Transaction hash calculated: c6abb...
2024-11-02 17:03:00,767 - DEBUG - Signature verification succeeded
2024-11-02 17:03:00,767 - DEBUG - Transaction hash calculated: f1e54...
2024-11-02 17:03:00,767 - DEBUG - Signature verification succeeded
2024-11-02 17:10:01,773 - INFO - Transaction created: Sender: 226..., Recipient: 219..., Amount: 10
2024-11-02 17:10:01,774 - DEBUG - Transaction hash calculated: e84ca...
2024-11-02 17:10:01,775 - INFO - Transaction signed. Signature: b'\xa...
2024-11-02 17:10:01,834 - INFO - Transaction created: Sender: 260..., Recipient: 292..., Amount: 20
2024-11-02 17:10:01,834 - DEBUG - Transaction hash calculated: a6b31...
2024-11-02 17:10:01,835 - INFO - Transaction signed. Signature: b'\x9...
2024-11-02 17:13:59,316 - INFO - Transaction created: Sender: 265..., Recipient: 257..., Amount: 10
2024-11-02 17:13:59,316 - DEBUG - Transaction hash calculated: edc44...
2024-11-02 17:13:59,317 - INFO - Transaction signed. Signature: b'"#F...
2024-11-02 17:13:59,384 - INFO - Transaction created: Sender: 208..., Recipient: 212..., Amount: 20
2024-11-02 17:13:59,384 - DEBUG - Transaction hash calculated: c2ead...
2024-11-02 17:13:59,385 - INFO - Transaction signed. Signature: b'\x8...
2024-11-02 17:14:09,556 - INFO - Transaction created: Sender: 223..., Recipient: 226..., Amount: 10
2024-11-02 17:14:09,556 - DEBUG - Transaction hash calculated: d76d7...
2024-11-02 17:14:09,558 - INFO - Transaction signed. Signature: b'{\x...
2024-11-02 17:14:09,608 - INFO - Transaction created: Sender: 243..., Recipient: 255..., Amount: 20
2024-11-02 17:14:09,608 - DEBUG - Transaction hash calculated: 8420f...
2024-11-02 17:14:09,609 - INFO - Transaction signed. Signature: b'\\C...
2024-11-02 23:56:18,505 - INFO - Transaction created: Sender: 229..., Recipient: 239..., Amount: 10
2024-11-02 23:56:18,506 - DEBUG - Transaction hash calculated: a29e3...
2024-11-02 23:56:18,508 - INFO - Transaction signed. Signature: b"\xb...
2024-11-02 23:56:18,566 - INFO - Transaction created: Sender: 287..., Recipient: 263..., Amount: 20
2024-11-02 23:56:18,566 - DEBUG - Transaction hash calculated: 7d1ff...
2024-11-02 23:56:18,567 - INFO - Transaction signed. Signature: b"\x9...
2024-11-02 23:59:07,518 - INFO - Transaction created: Sender: 278..., Recipient: 213..., Amount: 10
2024-11-02 23:59:07,519 - DEBUG - Transaction hash calculated: 73f6d...
2024-11-02 23:59:07,519 - INFO - Transaction signed. Signature: b'\x0...
2024-11-02 23:59:07,583 - INFO - Transaction created: Sender: 224..., Recipient: 316..., Amount: 20
2024-11-02 23:59:07,583 - DEBUG - Transaction hash calculated: db326...
2024-11-02 23:59:07,584 - INFO - Transaction signed. Signature: b'\x9...
2024-11-03 00:00:24,931 - INFO - Transaction created: Sender: 228..., Recipient: 227..., Amount: 10
2024-11-03 00:00:24,932 - DEBUG - Transaction hash calculated: ace72...
2024-11-03 00:00:24,934 - INFO - Transaction signed. Signature: b'Z\x...
2024-11-03 00:00:24,972 - INFO - Transaction created: Sender: 237..., Recipient: 226..., Amount: 20
2024-11-03 00:00:24,972 - DEBUG - Transaction hash calculated: 05d6e...
2024-11-03 00:00:24,973 - INFO - Transaction signed. Signature: b'R\x...
2024-11-03 00:04:16,075 - INFO - Transaction created: Sender: 300..., Recipient: 245..., Amount: 10
2024-11-03 00:04:16,075 - DEBUG - Transaction hash calculated: 16c87...
2024-11-03 00:04:16,076 - INFO - Transaction signed. Signature: b'_\x...
2024-11-03 00:04:16,128 - INFO - Transaction created: Sender: 201..., Recipient: 245..., Amount: 20
2024-11-03 00:04:16,128 - DEBUG - Transaction hash calculated: 8bade...
2024-11-03 00:04:16,129 - INFO - Transaction signed. Signature: b'X\x...
2024-11-03 00:10:26,560 - INFO - Transaction created: Sender: 210..., Recipient: 205..., Amount: 10
2024-11-03 00:10:26,561 - DEBUG - Transaction hash calculated: 99e7d...
2024-11-03 00:10:26,562 - INFO - Transaction signed. Signature: b'C\x...
2024-11-03 00:10:26,604 - INFO - Transaction created: Sender: 231..., Recipient: 226..., Amount: 20
2024-11-03 00:10:26,604 - DEBUG - Transaction hash calculated: 046e2...
2024-11-03 00:10:26,605 - INFO - Transaction signed. Signature: b'\x0...
2024-11-03 00:11:13,177 - INFO - Transaction created: Sender: 193..., Recipient: 202..., Amount: 10
2024-11-03 00:11:13,178 - DEBUG - Transaction hash calculated: 4382c...
2024-11-03 00:11:13,179 - INFO - Transaction signed. Signature: b'\x1...
2024-11-03 00:11:13,285 - INFO - Transaction created: Sender: 305..., Recipient: 193..., Amount: 20
2024-11-03 00:11:13,285 - DEBUG - Transaction hash calculated: ed028...
2024-11-03 00:11:13,286 - INFO - Transaction signed. Signature: b'\x9...
2024-11-03 00:11:36,342 - INFO - Transaction created: Sender: 257..., Recipient: 220..., Amount: 10
2024-11-03 00:11:36,342 - DEBUG - Transaction hash calculated: 3c8df...
2024-11-03 00:11:36,343 - INFO - Transaction signed. Signature: b'\x8...
2024-11-03 00:11:36,475 - INFO - Transaction created: Sender: 227..., Recipient: 194..., Amount: 20
2024-11-03 00:11:36,475 - DEBUG - Transaction hash calculated: 71252...
2024-11-03 00:11:36,476 - INFO - Transaction signed. Signature: b'dw\...
2024-11-03 00:11:51,328 - INFO - Transaction created: Sender: 281..., Recipient: 235..., Amount: 10
2024-11-03 00:11:51,328 - DEBUG - Transaction hash calculated: 7086e...
2024-11-03 00:11:51,330 - INFO - Transaction signed. Signature: b'\x1...
2024-11-03 00:11:51,375 - INFO - Transaction created: Sender: 175..., Recipient: 270..., Amount: 20
2024-11-03 00:11:51,375 - DEBUG - Transaction hash calculated: 601e9...
2024-11-03 00:11:51,376 - INFO - Transaction signed. Signature: b'Q\x...
2024-11-03 00:11:57,149 - INFO - Transaction created: Sender: 290..., Recipient: 283..., Amount: 10
2024-11-03 00:11:57,149 - DEBUG - Transaction hash calculated: 48f1b...
2024-11-03 00:11:57,150 - INFO - Transaction signed. Signature: b'\x0...
2024-11-03 00:11:57,265 - INFO - Transaction created: Sender: 218..., Recipient: 187..., Amount: 20
2024-11-03 00:11:57,265 - DEBUG - Transaction hash calculated: 2649c...
2024-11-03 00:11:57,265 - INFO - Transaction signed. Signature: b'50\...
2024-11-03 00:11:58,581 - INFO - Transaction created: Sender: 182..., Recipient: 176..., Amount: 10
2024-11-03 00:11:58,581 - DEBUG - Transaction hash calculated: bad4d...
2024-11-03 00:11:58,582 - INFO - Transaction signed. Signature: b'z\x...
2024-11-03 00:11:58,613 - INFO - Transaction created: Sender: 244..., Recipient: 290..., Amount: 20
2024-11-03 00:11:58,613 - DEBUG - Transaction hash calculated: 48016...
2024-11-03 00:11:58,613 - INFO - Transaction signed. Signature: b'w\x...
2024-11-03 00:11:59,843 - INFO - Transaction created: Sender: 244..., Recipient: 242..., Amount: 10
2024-11-03 00:11:59,844 - DEBUG - Transaction hash calculated: a6c58...
2024-11-03 00:11:59,845 - INFO - Transaction signed. Signature: b'!\x...
2024-11-03 00:11:59,896 - INFO - Transaction created: Sender: 232..., Recipient: 234..., Amount: 20
2024-11-03 00:11:59,897 - DEBUG - Transaction hash calculated: d78c1...
2024-11-03 00:11:59,897 - INFO - Transaction signed. Signature: b"\xa...
2024-11-03 00:12:00,976 - INFO - Transaction created: Sender: 238..., Recipient: 197..., Amount: 10
2024-11-03 00:12:00,976 - DEBUG - Transaction hash calculated: 2f0e0...
2024-11-03 00:12:00,977 - INFO - Transaction signed. Signature: b"/\x...
2024-11-03 00:12:01,046 - INFO - Transaction created: Sender: 200..., Recipient: 306..., Amount: 20
2024-11-03 00:12:01,046 - DEBUG - Transaction hash calculated: db367...
2024-11-03 00:12:01,047 - INFO - Transaction signed. Signature: b'\x1...
2024-11-03 00:12:16,869 - INFO - Transaction created: Sender: 221..., Recipient: 190..., Amount: 10
2024-11-03 00:12:16,869 - DEBUG - Transaction hash calculated: 37cd0...
2024-11-03 00:12:16,870 - INFO - Transaction signed. Signature: b"\xa...
2024-11-03 00:12:16,953 - INFO - Transaction created: Sender: 247..., Recipient: 213..., Amount: 20
2024-11-03 00:12:16,953 - DEBUG - Transaction hash calculated: 76a9e...
2024-11-03 00:12:16,954 - INFO - Transaction signed. Signature: b'?\x...
2024-11-03 00:12:19,781 - INFO - Transaction created: Sender: 199..., Recipient: 307..., Amount: 10
2024-11-03 00:12:19,782 - DEBUG - Transaction hash calculated: 2936e...
2024-11-03 00:12:19,783 - INFO - Transaction signed. Signature: b'"\x...
2024-11-03 00:12:19,822 - INFO - Transaction created: Sender: 220..., Recipient: 224..., Amount: 20
2024-11-03 00:12:19,822 - DEBUG - Transaction hash calculated: abece...
2024-11-03 00:12:19,823 - INFO - Transaction signed. Signature: b'\x9...
2024-11-03 00:12:28,224 - INFO - Transaction created: Sender: 241..., Recipient: 292..., Amount: 10
2024-11-03 00:12:28,225 - DEBUG - Transaction hash calculated: d3e42...
2024-11-03 00:12:28,226 - INFO - Transaction signed. Signature: b'E\x...
2024-11-03 00:12:28,268 - INFO - Transaction created: Sender: 264..., Recipient: 277..., Amount: 20
2024-11-03 00:12:28,269 - DEBUG - Transaction hash calculated: 168e8...
2024-11-03 00:12:28,269 - INFO - Transaction signed. Signature: b"*%f...
2024-11-03 00:12:30,019 - INFO - Transaction created: Sender: 265..., Recipient: 173..., Amount: 10
2024-11-03 00:12:30,019 - DEBUG - Transaction hash calculated: 26e79...
2024-11-03 00:12:30,020 - INFO - Transaction signed. Signature: b'ng\...
2024-11-03 00:12:30,122 - INFO - Transaction created: Sender: 262..., Recipient: 180..., Amount: 20
2024-11-03 00:12:30,122 - DEBUG - Transaction hash calculated: e7554...
2024-11-03 00:12:30,123 - INFO - Transaction signed. Signature: b')\x...
2024-11-03 00:13:14,164 - INFO - Transaction created: Sender: 270..., Recipient: 298..., Amount: 10
2024-11-03 00:13:14,164 - DEBUG - Transaction hash calculated: 29aeb...
2024-11-03 00:13:14,165 - INFO - Transaction signed. Signature: b"(\x...
2024-11-03 00:13:14,212 - INFO - Transaction created: Sender: 191..., Recipient: 195..., Amount: 20
2024-11-03 00:13:14,212 - DEBUG - Transaction hash calculated: 7d3f4...
2024-11-03 00:13:14,213 - INFO - Transaction signed. Signature: b'\x1...
2024-11-03 00:13:41,520 - INFO - Transaction created: Sender: 267..., Recipient: 221..., Amount: 10
2024-11-03 00:13:41,520 - DEBUG - Transaction hash calculated: 68c53...
2024-11-03 00:13:41,521 - INFO - Transaction signed. Signature: b"{*\...
2024-11-03 00:13:41,609 - INFO - Transaction created: Sender: 244..., Recipient: 207..., Amount: 20
2024-11-03 00:13:41,609 - DEBUG - Transaction hash calculated: d32c4...
2024-11-03 00:13:41,610 - INFO - Transaction signed. Signature: b'1\x...
2024-11-03 00:13:48,947 - INFO - Transaction created: Sender: 270..., Recipient: 232..., Amount: 10
2024-11-03 00:13:48,947 - DEBUG - Transaction hash calculated: 7d474...
2024-11-03 00:13:48,949 - INFO - Transaction signed. Signature: b'd\x...
2024-11-03 00:13:49,025 - INFO - Transaction created: Sender: 318..., Recipient: 287..., Amount: 20
2024-11-03 00:13:49,025 - DEBUG - Transaction hash calculated: 94068...
2024-11-03 00:13:49,026 - INFO - Transaction signed. Signature: b'\xf...
2024-11-03 00:14:39,065 - INFO - Transaction created: Sender: 199..., Recipient: 207..., Amount: 10
2024-11-03 00:14:39,065 - DEBUG - Transaction hash calculated: 3e167...
2024-11-03 00:14:39,066 - INFO - Transaction signed. Signature: b'\x0...
2024-11-03 00:14:39,119 - INFO - Transaction created: Sender: 204..., Recipient: 254..., Amount: 20
2024-11-03 00:14:39,119 - DEBUG - Transaction hash calculated: 33ca6...
2024-11-03 00:14:39,120 - INFO - Transaction signed. Signature: b'W\x...
2024-11-03 00:17:48,670 - INFO - Transaction created: Sender: 261..., Recipient: 269..., Amount: 10
2024-11-03 00:17:48,670 - DEBUG - Transaction hash calculated: 032b6...
2024-11-03 00:17:48,672 - INFO - Transaction signed. Signature: b"6\x...
2024-11-03 00:17:48,716 - INFO - Transaction created: Sender: 240..., Recipient: 183..., Amount: 20
2024-11-03 00:17:48,716 - DEBUG - Transaction hash calculated: 21972...
2024-11-03 00:17:48,718 - INFO - Transaction signed. Signature: b"\x0...
2024-11-03 00:18:53,235 - INFO - Transaction created: Sender: 294..., Recipient: 276..., Amount: 10
2024-11-03 00:18:53,235 - DEBUG - Transaction hash calculated: 897a1...
2024-11-03 00:18:53,236 - INFO - Transaction signed. Signature: b'U\x...
2024-11-03 00:18:53,307 - INFO - Transaction created: Sender: 271..., Recipient: 207..., Amount: 20
2024-11-03 00:18:53,307 - DEBUG - Transaction hash calculated: 50c94...
2024-11-03 00:18:53,308 - INFO - Transaction signed. Signature: b"0p\...
2024-11-03 00:19:05,041 - INFO - Transaction created: Sender: 260..., Recipient: 270..., Amount: 10
2024-11-03 00:19:05,041 - DEBUG - Transaction hash calculated: 74b15...
2024-11-03 00:19:05,042 - INFO - Transaction signed. Signature: b'\x1...
2024-11-03 00:19:05,098 - INFO - Transaction created: Sender: 237..., Recipient: 290..., Amount: 20
2024-11-03 00:19:05,098 - DEBUG - Transaction hash calculated: 1df1b...
2024-11-03 00:19:05,099 - INFO - Transaction signed. Signature: b"&\x...
2024-11-03 00:20:14,883 - INFO - Transaction created: Sender: 208..., Recipient: 255..., Amount: 10
2024-11-03 00:20:14,884 - DEBUG - Transaction hash calculated: f6af8...
2024-11-03 00:20:14,885 - INFO - Transaction signed. Signature: b"c;M...
2024-11-03 00:20:14,932 - INFO - Transaction created: Sender: 235..., Recipient: 270..., Amount: 20
2024-11-03 00:20:14,932 - DEBUG - Transaction hash calculated: 0fcf9...
2024-11-03 00:20:14,933 - INFO - Transaction signed. Signature: b'&\x...
2024-11-03 00:20:20,075 - INFO - Transaction created: Sender: 242..., Recipient: 219..., Amount: 10
2024-11-03 00:20:20,075 - DEBUG - Transaction hash calculated: 4f061...
2024-11-03 00:20:20,076 - INFO - Transaction signed. Signature: b'i<\...
2024-11-03 00:20:20,141 - INFO - Transaction created: Sender: 185..., Recipient: 208..., Amount: 20
2024-11-03 00:20:20,141 - DEBUG - Transaction hash calculated: 680cf...
2024-11-03 00:20:20,142 - INFO - Transaction signed. Signature: b'h\x...
2024-11-03 00:20:35,819 - INFO - Transaction created: Sender: 253..., Recipient: 268..., Amount: 10
2024-11-03 00:20:35,819 - DEBUG - Transaction hash calculated: e34a1...
2024-11-03 00:20:35,821 - INFO - Transaction signed. Signature: b'b\x...
2024-11-03 00:20:35,907 - INFO - Transaction created: Sender: 212..., Recipient: 266..., Amount: 20
2024-11-03 00:20:35,907 - DEBUG - Transaction hash calculated: 57018...
2024-11-03 00:20:35,907 - INFO - Transaction signed. Signature: b'\x0...
2024-11-03 00:20:59,809 - INFO - Transaction created: Sender: 306..., Recipient: 226..., Amount: 10
2024-11-03 00:20:59,809 - DEBUG - Transaction hash calculated: e7d2d...
2024-11-03 00:20:59,810 - INFO - Transaction signed. Signature: b'7#\...
2024-11-03 00:20:59,933 - INFO - Transaction created: Sender: 184..., Recipient: 253..., Amount: 20
2024-11-03 00:20:59,933 - DEBUG - Transaction hash calculated: 8740a...
2024-11-03 00:20:59,934 - INFO - Transaction signed. Signature: b'}(\...
2024-11-03 00:21:07,577 - INFO - Transaction created: Sender: 203..., Recipient: 271..., Amount: 10
2024-11-03 00:21:07,577 - DEBUG - Transaction hash calculated: 19150...
2024-11-03 00:21:07,578 - INFO - Transaction signed. Signature: b'x\x...
2024-11-03 00:21:07,640 - INFO - Transaction created: Sender: 233..., Recipient: 233..., Amount: 20
2024-11-03 00:21:07,640 - DEBUG - Transaction hash calculated: a34a2...
2024-11-03 00:21:07,641 - INFO - Transaction signed. Signature: b'n\x...
2024-11-03 00:21:23,080 - INFO - Transaction created: Sender: 217..., Recipient: 228..., Amount: 10
2024-11-03 00:21:23,081 - DEBUG - Transaction hash calculated: 2926e...
2024-11-03 00:21:23,082 - INFO - Transaction signed. Signature: b'\x0...
2024-11-03 00:21:23,130 - INFO - Transaction created: Sender: 228..., Recipient: 218..., Amount: 20
2024-11-03 00:21:23,130 - DEBUG - Transaction hash calculated: c5e9d...
2024-11-03 00:21:23,131 - INFO - Transaction signed. Signature: b']~\...
2024-11-03 00:25:03,399 - INFO - Transaction created: Sender: 247..., Recipient: 194..., Amount: 10
2024-11-03 00:25:03,399 - DEBUG - Transaction hash calculated: 65071...
2024-11-03 00:25:03,400 - INFO - Transaction signed. Signature: b"\x9...
2024-11-03 00:25:03,465 - INFO - Transaction created: Sender: 243..., Recipient: 234..., Amount: 20
2024-11-03 00:25:03,465 - DEBUG - Transaction hash calculated: ab7dc...
2024-11-03 00:25:03,466 - INFO - Transaction signed. Signature: b"M\x...
2024-11-03 00:25:17,722 - INFO - Transaction created: Sender: 297..., Recipient: 221..., Amount: 10
2024-11-03 00:25:17,723 - DEBUG - Transaction hash calculated: 6fc71...
2024-11-03 00:25:17,724 - INFO - Transaction signed. Signature: b'\xb...
2024-11-03 00:25:17,784 - INFO - Transaction created: Sender: 231..., Recipient: 239..., Amount: 20
2024-11-03 00:25:17,784 - DEBUG - Transaction hash calculated: 197da...
2024-11-03 00:25:17,785 - INFO - Transaction signed. Signature: b'\xb...
2024-11-03 00:25:32,287 - INFO - Transaction created: Sender: 200..., Recipient: 292..., Amount: 10
2024-11-03 00:25:32,287 - DEBUG - Transaction hash calculated: 736a6...
2024-11-03 00:25:32,288 - INFO - Transaction signed. Signature: b"\x0...
2024-11-03 00:25:32,374 - INFO - Transaction created: Sender: 222..., Recipient: 251..., Amount: 20
2024-11-03 00:25:32,374 - DEBUG - Transaction hash calculated: 8d2de...
2024-11-03 00:25:32,376 - INFO - Transaction signed. Signature: b"\x0...
2024-11-03 00:25:50,360 - INFO - Transaction created: Sender: 218..., Recipient: 248..., Amount: 10
2024-11-03 00:25:50,360 - DEBUG - Transaction hash calculated: f9f50...
2024-11-03 00:25:50,361 - INFO - Transaction signed. Signature: b'?\x...
2024-11-03 00:25:50,388 - INFO - Transaction created: Sender: 258..., Recipient: 237..., Amount: 20
2024-11-03 00:25:50,389 - DEBUG - Transaction hash calculated: a7ca8...
2024-11-03 00:25:50,389 - INFO - Transaction signed. Signature: b"j{\...
2024-11-03 00:26:27,868 - INFO - Transaction created: Sender: 240..., Recipient: 274..., Amount: 10
2024-11-03 00:26:27,868 - DEBUG - Transaction hash calculated: 2fec8...
2024-11-03 00:26:27,869 - INFO - Transaction signed. Signature: b'*\x...
2024-11-03 00:26:27,973 - INFO - Transaction created: Sender: 256..., Recipient: 244..., Amount: 20
2024-11-03 00:26:27,973 - DEBUG - Transaction hash calculated: 5a950...
2024-11-03 00:26:27,973 - INFO - Transaction signed. Signature: b'q\x...
2024-11-03 00:29:48,771 - INFO - Transaction created: Sender: 209..., Recipient: 211..., Amount: 10
2024-11-03 00:29:48,771 - DEBUG - Transaction hash calculated: 10fcc...
2024-11-03 00:29:48,772 - INFO - Transaction signed. Signature: b'\x9...
2024-11-03 00:29:48,871 - INFO - Transaction created: Sender: 222..., Recipient: 248..., Amount: 20
2024-11-03 00:29:48,871 - DEBUG - Transaction hash calculated: 23358...
2024-11-03 00:29:48,871 - INFO - Transaction signed. Signature: b'\x9...
2024-11-03 00:30:01,285 - INFO - Transaction created: Sender: 305..., Recipient: 243..., Amount: 10
2024-11-03 00:30:01,285 - DEBUG - Transaction hash calculated: b1ea6...
2024-11-03 00:30:01,286 - INFO - Transaction signed. Signature: b"\xb...
2024-11-03 00:30:01,396 - INFO - Transaction created: Sender: 272..., Recipient: 223..., Amount: 20
2024-11-03 00:30:01,396 - DEBUG - Transaction hash calculated: 900d1...
2024-11-03 00:30:01,397 - INFO - Transaction signed. Signature: b'\xc...
2024-11-03 00:36:52,797 - INFO - Transaction created: Sender: 192..., Recipient: 221..., Amount: 10
2024-11-03 00:36:52,797 - DEBUG - Transaction hash calculated: 750f6...
2024-11-03 00:36:52,798 - INFO - Transaction signed. Signature: b"k\x...
2024-11-03 00:36:52,818 - INFO - Transaction created: Sender: 233..., Recipient: 194..., Amount: 20
2024-11-03 00:36:52,819 - DEBUG - Transaction hash calculated: 9a095...
2024-11-03 00:36:52,819 - INFO - Transaction signed. Signature: b'?ox...
2024-11-03 00:37:00,917 - INFO - Transaction created: Sender: 227..., Recipient: 224..., Amount: 10
2024-11-03 00:37:00,918 - DEBUG - Transaction hash calculated: 9e579...
2024-11-03 00:37:00,919 - INFO - Transaction signed. Signature: b'\x8...
2024-11-03 00:37:00,959 - INFO - Transaction created: Sender: 311..., Recipient: 218..., Amount: 20
2024-11-03 00:37:00,959 - DEBUG - Transaction hash calculated: 9d54d...
2024-11-03 00:37:00,960 - INFO - Transaction signed. Signature: b'\xb...
2024-11-03 00:37:17,270 - INFO - Transaction created: Sender: 231..., Recipient: 265..., Amount: 10
2024-11-03 00:37:17,271 - DEBUG - Transaction hash calculated: 205fb...
2024-11-03 00:37:17,272 - INFO - Transaction signed. Signature: b'%\x...
2024-11-03 00:37:17,347 - INFO - Transaction created: Sender: 207..., Recipient: 226..., Amount: 20
2024-11-03 00:37:17,347 - DEBUG - Transaction hash calculated: 9abcb...
2024-11-03 00:37:17,348 - INFO - Transaction signed. Signature: b'\x1...
2024-11-03 00:37:32,045 - INFO - Transaction created: Sender: 234..., Recipient: 213..., Amount: 10
2024-11-03 00:37:32,045 - DEBUG - Transaction hash calculated: 7ef74...
2024-11-03 00:37:32,046 - INFO - Transaction signed. Signature: b"W\x...
2024-11-03 00:37:32,117 - INFO - Transaction created: Sender: 201..., Recipient: 204..., Amount: 20
2024-11-03 00:37:32,118 - DEBUG - Transaction hash calculated: 48497...
2024-11-03 00:37:32,118 - INFO - Transaction signed. Signature: b"Nq\...
2024-11-03 00:38:22,137 - INFO - Transaction created: Sender: 171..., Recipient: 245..., Amount: 10
2024-11-03 00:38:22,137 - DEBUG - Transaction hash calculated: 6ff57...
2024-11-03 00:38:22,139 - INFO - Transaction signed. Signature: b'6w\...
2024-11-03 00:38:22,216 - INFO - Transaction created: Sender: 231..., Recipient: 294..., Amount: 20
2024-11-03 00:38:22,217 - DEBUG - Transaction hash calculated: 07e97...
2024-11-03 00:38:22,217 - INFO - Transaction signed. Signature: b'\xb...
2024-11-03 00:39:32,660 - INFO - Transaction created: Sender: 192..., Recipient: 173..., Amount: 10
2024-11-03 00:39:32,660 - DEBUG - Transaction hash calculated: aca58...
2024-11-03 00:39:32,662 - INFO - Transaction signed. Signature: b'6a+...
2024-11-03 00:39:32,780 - INFO - Transaction created: Sender: 229..., Recipient: 201..., Amount: 20
2024-11-03 00:39:32,780 - DEBUG - Transaction hash calculated: e4a19...
2024-11-03 00:39:32,782 - INFO - Transaction signed. Signature: b'R\x...
2024-11-03 00:39:43,605 - INFO - Transaction created: Sender: 231..., Recipient: 224..., Amount: 10
2024-11-03 00:39:43,605 - DEBUG - Transaction hash calculated: 9f8ef...
2024-11-03 00:39:43,606 - INFO - Transaction signed. Signature: b'*\x...
2024-11-03 00:39:43,673 - INFO - Transaction created: Sender: 232..., Recipient: 263..., Amount: 20
2024-11-03 00:39:43,673 - DEBUG - Transaction hash calculated: 58ef8...
2024-11-03 00:39:43,674 - INFO - Transaction signed. Signature: b'W\x...
2024-11-03 00:39:56,993 - INFO - Transaction created: Sender: 262..., Recipient: 208..., Amount: 10
2024-11-03 00:39:56,993 - DEBUG - Transaction hash calculated: 9d80b...
2024-11-03 00:39:56,994 - INFO - Transaction signed. Signature: b'8\x...
2024-11-03 00:39:57,077 - INFO - Transaction created: Sender: 202..., Recipient: 262..., Amount: 20
2024-11-03 00:39:57,077 - DEBUG - Transaction hash calculated: 79252...
2024-11-03 00:39:57,078 - INFO - Transaction signed. Signature: b'\x9...
2024-11-03 00:40:35,920 - INFO - Transaction created: Sender: 255..., Recipient: 243..., Amount: 10
2024-11-03 00:40:35,920 - DEBUG - Transaction hash calculated: c2747...
2024-11-03 00:40:35,921 - INFO - Transaction signed. Signature: b'\x8...
2024-11-03 00:40:35,964 - INFO - Transaction created: Sender: 216..., Recipient: 181..., Amount: 20
2024-11-03 00:40:35,964 - DEBUG - Transaction hash calculated: be397...
2024-11-03 00:40:35,964 - INFO - Transaction signed. Signature: b"g87...
2024-11-03 00:40:55,911 - INFO - Transaction created: Sender: 237..., Recipient: 246..., Amount: 10
2024-11-03 00:40:55,911 - DEBUG - Transaction hash calculated: 2228f...
2024-11-03 00:40:55,912 - INFO - Transaction signed. Signature: b'\xa...
2024-11-03 00:40:55,953 - INFO - Transaction created: Sender: 209..., Recipient: 265..., Amount: 20
2024-11-03 00:40:55,953 - DEBUG - Transaction hash calculated: 3e416...
2024-11-03 00:40:55,954 - INFO - Transaction signed. Signature: b"2\x...
2024-11-03 00:41:08,539 - INFO - Transaction created: Sender: 233..., Recipient: 248..., Amount: 10
2024-11-03 00:41:08,539 - DEBUG - Transaction hash calculated: 954ba...
2024-11-03 00:41:08,541 - INFO - Transaction signed. Signature: b'c7\...
2024-11-03 00:41:08,577 - INFO - Transaction created: Sender: 194..., Recipient: 209..., Amount: 20
2024-11-03 00:41:08,577 - DEBUG - Transaction hash calculated: 18050...
2024-11-03 00:41:08,578 - INFO - Transaction signed. Signature: b'V\x...
2024-11-04 23:03:34,622 - INFO - Transaction created: Sender: 218..., Recipient: 270..., Amount: 10
2024-11-04 23:03:34,624 - DEBUG - Transaction hash calculated: 8d69f...
2024-11-04 23:03:34,628 - INFO - Transaction signed. Signature: b'\x0...
2024-11-04 23:03:34,693 - INFO - Transaction created: Sender: 204..., Recipient: 278..., Amount: 20
2024-11-04 23:03:34,693 - DEBUG - Transaction hash calculated: 5a253...
2024-11-04 23:03:34,694 - INFO - Transaction signed. Signature: b'0\x...
2024-11-04 23:09:22,867 - INFO - Transaction created: Sender: 261..., Recipient: 231..., Amount: 0
2024-11-04 23:09:22,867 - DEBUG - Transaction hash calculated: b5425...
2024-11-04 23:09:22,868 - INFO - Transaction signed. Signature: b'\x8...
2024-11-04 23:09:22,950 - INFO - Transaction created: Sender: 242..., Recipient: 262..., Amount: 10
2024-11-04 23:09:22,950 - DEBUG - Transaction hash calculated: c3840...
2024-11-04 23:09:22,951 - INFO - Transaction signed. Signature: b'\x1...
2024-11-04 23:09:23,001 - INFO - Transaction created: Sender: 289..., Recipient: 282..., Amount: 20
2024-11-04 23:09:23,001 - DEBUG - Transaction hash calculated: c3e66...
2024-11-04 23:09:23,001 - INFO - Transaction signed. Signature: b'\x1...
2024-11-04 23:09:23,016 - DEBUG - Transaction hash calculated: c3840...
2024-11-04 23:09:23,016 - DEBUG - Signature verification succeeded
2024-11-04 23:09:23,016 - DEBUG - Transaction hash calculated: c3e66...
2024-11-04 23:09:23,016 - DEBUG - Signature verification succeeded
2024-11-04 23:09:23,072 - INFO - Transaction created: Sender: 186..., Recipient: 243..., Amount: 15
2024-11-04 23:09:23,072 - DEBUG - Transaction hash calculated: ecef4...
2024-11-04 23:09:23,073 - INFO - Transaction signed. Signature: b'K)\...
2024-11-04 23:09:23,197 - INFO - Transaction created: Sender: 229..., Recipient: 272..., Amount: 10
2024-11-04 23:09:23,197 - DEBUG - Transaction hash calculated: 1604c...
2024-11-04 23:09:23,198 - INFO - Transaction signed. Signature: b'}YY...
2024-11-04 23:09:23,248 - INFO - Transaction created: Sender: 212..., Recipient: 259..., Amount: 30
2024-11-04 23:09:23,248 - DEBUG - Transaction hash calculated: df708...
2024-11-04 23:09:23,249 - INFO - Transaction signed. Signature: b"Y\x...
2024-11-04 23:09:23,252 - DEBUG - Transaction hash calculated: ecef4...
2024-11-04 23:09:23,252 - DEBUG - Signature verification succeeded
2024-11-04 23:09:23,252 - DEBUG - Transaction hash calculated: 1604c...
2024-11-04 23:09:23,252 - DEBUG - Signature verification succeeded
2024-11-04 23:09:23,252 - DEBUG - Transaction hash calculated: df708...
2024-11-04 23:09:23,252 - DEBUG - Signature verification succeeded
2024-11-04 23:09:53,461 - INFO - Transaction created: Sender: 258..., Recipient: 277..., Amount: 0
2024-11-04 23:09:53,462 - DEBUG - Transaction hash calculated: d6f7a...
2024-11-04 23:09:53,463 - INFO - Transaction signed. Signature: b'\xb...
2024-11-04 23:09:53,532 - INFO - Transaction created: Sender: 275..., Recipient: 304..., Amount: 10
2024-11-04 23:09:53,532 - DEBUG - Transaction hash calculated: 5a52e...
2024-11-04 23:09:53,532 - INFO - Transaction signed. Signature: b"b\x...
2024-11-04 23:09:53,581 - INFO - Transaction created: Sender: 236..., Recipient: 235..., Amount: 20
2024-11-04 23:09:53,581 - DEBUG - Transaction hash calculated: 54854...
2024-11-04 23:09:53,582 - INFO - Transaction signed. Signature: b'\xb...
2024-11-04 23:09:53,595 - DEBUG - Transaction hash calculated: 5a52e...
2024-11-04 23:09:53,595 - DEBUG - Signature verification succeeded
2024-11-04 23:09:53,595 - DEBUG - Transaction hash calculated: 54854...
2024-11-04 23:09:53,595 - DEBUG - Signature verification succeeded
2024-11-04 23:09:53,723 - INFO - Transaction created: Sender: 201..., Recipient: 256..., Amount: 15
2024-11-04 23:09:53,723 - DEBUG - Transaction hash calculated: 4542b...
2024-11-04 23:09:53,725 - INFO - Transaction signed. Signature: b'\x0...
2024-11-04 23:09:53,765 - INFO - Transaction created: Sender: 279..., Recipient: 258..., Amount: 10
2024-11-04 23:09:53,765 - DEBUG - Transaction hash calculated: 68a01...
2024-11-04 23:09:53,766 - INFO - Transaction signed. Signature: b'\xc...
2024-11-04 23:09:53,816 - INFO - Transaction created: Sender: 290..., Recipient: 258..., Amount: 30
2024-11-04 23:09:53,816 - DEBUG - Transaction hash calculated: 89240...
2024-11-04 23:09:53,817 - INFO - Transaction signed. Signature: b'\x9...
2024-11-04 23:09:53,817 - DEBUG - Transaction hash calculated: 4542b...
2024-11-04 23:09:53,817 - DEBUG - Signature verification succeeded
2024-11-04 23:09:53,818 - DEBUG - Transaction hash calculated: 68a01...
2024-11-04 23:09:53,818 - DEBUG - Signature verification succeeded
2024-11-04 23:09:53,818 - DEBUG - Transaction hash calculated: 89240...
2024-11-04 23:09:53,818 - DEBUG - Signature verification succeeded
2024-11-04 23:10:32,693 - INFO - Transaction created: Sender: 234..., Recipient: 224..., Amount: 0
2024-11-04 23:10:32,693 - DEBUG - Transaction hash calculated: 5d665...
2024-11-04 23:10:32,694 - INFO - Transaction signed. Signature: b'?S\...
2024-11-04 23:10:32,794 - INFO - Transaction created: Sender: 253..., Recipient: 238..., Amount: 10
2024-11-04 23:10:32,794 - DEBUG - Transaction hash calculated: de2b4...
2024-11-04 23:10:32,795 - INFO - Transaction signed. Signature: b'M\x...
2024-11-04 23:10:32,894 - INFO - Transaction created: Sender: 217..., Recipient: 230..., Amount: 20
2024-11-04 23:10:32,894 - DEBUG - Transaction hash calculated: b388a...
2024-11-04 23:10:32,895 - INFO - Transaction signed. Signature: b'\x1...
2024-11-04 23:10:32,897 - DEBUG - Transaction hash calculated: de2b4...
2024-11-04 23:10:32,897 - DEBUG - Signature verification succeeded
2024-11-04 23:10:32,897 - DEBUG - Transaction hash calculated: b388a...
2024-11-04 23:10:32,897 - DEBUG - Signature verification succeeded
2024-11-04 23:10:32,960 - INFO - Transaction created: Sender: 177..., Recipient: 180..., Amount: 15
2024-11-04 23:10:32,960 - DEBUG - Transaction hash calculated: feae8...
2024-11-04 23:10:32,961 - INFO - Transaction signed. Signature: b'*\x...
2024-11-04 23:10:32,994 - INFO - Transaction created: Sender: 231..., Recipient: 234..., Amount: 10
2024-11-04 23:10:32,995 - DEBUG - Transaction hash calculated: 05d8e...
2024-11-04 23:10:32,995 - INFO - Transaction signed. Signature: b'\x8...
2024-11-04 23:10:33,112 - INFO - Transaction created: Sender: 219..., Recipient: 243..., Amount: 30
2024-11-04 23:10:33,112 - DEBUG - Transaction hash calculated: fb657...
2024-11-04 23:10:33,113 - INFO - Transaction signed. Signature: b".k\...
2024-11-04 23:10:33,141 - DEBUG - Transaction hash calculated: feae8...
2024-11-04 23:10:33,141 - DEBUG - Signature verification succeeded
2024-11-04 23:10:33,141 - DEBUG - Transaction hash calculated: 05d8e...
2024-11-04 23:10:33,142 - DEBUG - Signature verification succeeded
2024-11-04 23:10:33,142 - DEBUG - Transaction hash calculated: fb657...
2024-11-04 23:10:33,142 - DEBUG - Signature verification succeeded
2024-11-05 15:47:33,891 - INFO - Transaction created: Sender: 203..., Recipient: 273..., Amount: 0
2024-11-05 15:47:33,891 - DEBUG - Transaction hash calculated: 6d6a2...
2024-11-05 15:47:33,892 - INFO - Transaction signed. Signature: b'3\x...
2024-11-05 15:47:33,969 - INFO - Transaction created: Sender: 286..., Recipient: 269..., Amount: 10
2024-11-05 15:47:33,969 - DEBUG - Transaction hash calculated: faa00...
2024-11-05 15:47:33,970 - INFO - Transaction signed. Signature: b'qu1...
2024-11-05 15:47:34,094 - INFO - Transaction created: Sender: 292..., Recipient: 203..., Amount: 20
2024-11-05 15:47:34,094 - DEBUG - Transaction hash calculated: 9b2d6...
2024-11-05 15:47:34,095 - INFO - Transaction signed. Signature: b'\xb...
2024-11-05 15:47:34,100 - DEBUG - Transaction hash calculated: faa00...
2024-11-05 15:47:34,100 - DEBUG - Signature verification succeeded
2024-11-05 15:47:34,100 - DEBUG - Transaction hash calculated: 9b2d6...
2024-11-05 15:47:34,100 - DEBUG - Signature verification succeeded
2024-11-05 15:47:34,160 - INFO - Transaction created: Sender: 238..., Recipient: 263..., Amount: 15
2024-11-05 15:47:34,160 - DEBUG - Transaction hash calculated: cd241...
2024-11-05 15:47:34,161 - INFO - Transaction signed. Signature: b'\x8...
2024-11-05 15:47:34,197 - INFO - Transaction created: Sender: 199..., Recipient: 206..., Amount: 10
2024-11-05 15:47:34,199 - DEBUG - Transaction hash calculated: 1fabf...
2024-11-05 15:47:34,199 - INFO - Transaction signed. Signature: b'\x1...
2024-11-05 15:47:34,264 - INFO - Transaction created: Sender: 246..., Recipient: 194..., Amount: 30
2024-11-05 15:47:34,264 - DEBUG - Transaction hash calculated: af489...
2024-11-05 15:47:34,264 - INFO - Transaction signed. Signature: b'\xb...
2024-11-05 15:47:34,271 - DEBUG - Transaction hash calculated: cd241...
2024-11-05 15:47:34,271 - DEBUG - Signature verification succeeded
2024-11-05 15:47:34,271 - DEBUG - Transaction hash calculated: 1fabf...
2024-11-05 15:47:34,271 - DEBUG - Signature verification succeeded
2024-11-05 15:47:34,271 - DEBUG - Transaction hash calculated: af489...
2024-11-05 15:47:34,271 - DEBUG - Signature verification succeeded
2024-11-05 15:47:34,358 - INFO - Transaction created: Sender: 189..., Recipient: 176..., Amount: 0
2024-11-05 15:47:34,358 - DEBUG - Transaction hash calculated: 0793e...
2024-11-05 15:47:34,359 - INFO - Transaction signed. Signature: b'+ \...
2024-11-05 15:47:34,453 - INFO - Transaction created: Sender: 292..., Recipient: 282..., Amount: 0
2024-11-05 15:47:34,454 - DEBUG - Transaction hash calculated: ca758...
2024-11-05 15:47:34,454 - INFO - Transaction signed. Signature: b'D*\...
2024-11-05 15:47:34,465 - INFO - Transaction created: Sender: 203..., Recipient: 273..., Amount: 0
2024-11-05 15:47:34,465 - INFO - Transaction created: Sender: 286..., Recipient: 269..., Amount: 10
2024-11-05 15:47:34,465 - INFO - Transaction created: Sender: 292..., Recipient: 203..., Amount: 20
2024-11-05 15:47:34,465 - INFO - Transaction created: Sender: 238..., Recipient: 263..., Amount: 15
2024-11-05 15:47:34,465 - INFO - Transaction created: Sender: 199..., Recipient: 206..., Amount: 10
2024-11-05 15:47:34,465 - INFO - Transaction created: Sender: 246..., Recipient: 194..., Amount: 30
2024-11-05 16:01:36,076 - INFO - Transaction created: Sender: 204..., Recipient: 174..., Amount: 0
2024-11-05 16:01:36,076 - DEBUG - Transaction hash calculated: ecb9d...
2024-11-05 16:01:36,077 - INFO - Transaction signed. Signature: b"\x8...
2024-11-05 16:01:36,132 - INFO - Transaction created: Sender: 281..., Recipient: 242..., Amount: 10
2024-11-05 16:01:36,132 - DEBUG - Transaction hash calculated: 6bdd4...
2024-11-05 16:01:36,133 - INFO - Transaction signed. Signature: b'u\x...
2024-11-05 16:01:36,209 - INFO - Transaction created: Sender: 225..., Recipient: 313..., Amount: 20
2024-11-05 16:01:36,209 - DEBUG - Transaction hash calculated: e3f35...
2024-11-05 16:01:36,210 - INFO - Transaction signed. Signature: b'Q\x...
2024-11-05 16:01:36,234 - DEBUG - Transaction hash calculated: 6bdd4...
2024-11-05 16:01:36,234 - DEBUG - Signature verification succeeded
2024-11-05 16:01:36,234 - DEBUG - Transaction hash calculated: e3f35...
2024-11-05 16:01:36,234 - DEBUG - Signature verification succeeded
2024-11-05 16:01:36,281 - INFO - Transaction created: Sender: 264..., Recipient: 245..., Amount: 15
2024-11-05 16:01:36,281 - DEBUG - Transaction hash calculated: eaa7a...
2024-11-05 16:01:36,281 - INFO - Transaction signed. Signature: b'\x0...
2024-11-05 16:01:36,387 - INFO - Transaction created: Sender: 195..., Recipient: 213..., Amount: 10
2024-11-05 16:01:36,387 - DEBUG - Transaction hash calculated: 6c4a7...
2024-11-05 16:01:36,387 - INFO - Transaction signed. Signature: b'n%\...
2024-11-05 16:01:36,484 - INFO - Transaction created: Sender: 224..., Recipient: 255..., Amount: 30
2024-11-05 16:01:36,484 - DEBUG - Transaction hash calculated: 8c11d...
2024-11-05 16:01:36,485 - INFO - Transaction signed. Signature: b'w\x...
2024-11-05 16:01:36,516 - DEBUG - Transaction hash calculated: eaa7a...
2024-11-05 16:01:36,516 - DEBUG - Signature verification succeeded
2024-11-05 16:01:36,516 - DEBUG - Transaction hash calculated: 6c4a7...
2024-11-05 16:01:36,516 - DEBUG - Signature verification succeeded
2024-11-05 16:01:36,516 - DEBUG - Transaction hash calculated: 8c11d...
2024-11-05 16:01:36,516 - DEBUG - Signature verification succeeded
2024-11-05 16:05:37,241 - INFO - Transaction created: Sender: 186..., Recipient: 242..., Amount: 0
2024-11-05 16:05:37,243 - DEBUG - Transaction hash calculated: 7d9e2...
2024-11-05 16:05:37,243 - INFO - Transaction signed. Signature: b"c.\...
2024-11-05 16:05:37,292 - INFO - Transaction created: Sender: 204..., Recipient: 237..., Amount: 10
2024-11-05 16:05:37,292 - DEBUG - Transaction hash calculated: b9f26...
2024-11-05 16:05:37,294 - INFO - Transaction signed. Signature: b'\x0...
2024-11-05 16:05:37,365 - INFO - Transaction created: Sender: 222..., Recipient: 294..., Amount: 20
2024-11-05 16:05:37,365 - DEBUG - Transaction hash calculated: a9bb5...
2024-11-05 16:05:37,366 - INFO - Transaction signed. Signature: b'\x8...
2024-11-05 16:05:37,369 - DEBUG - Transaction hash calculated: b9f26...
2024-11-05 16:05:37,370 - DEBUG - Signature verification succeeded
2024-11-05 16:05:37,370 - DEBUG - Transaction hash calculated: a9bb5...
2024-11-05 16:05:37,370 - DEBUG - Signature verification succeeded
2024-11-05 16:05:37,449 - INFO - Transaction created: Sender: 202..., Recipient: 290..., Amount: 15
2024-11-05 16:05:37,450 - DEBUG - Transaction hash calculated: 0827a...
2024-11-05 16:05:37,450 - INFO - Transaction signed. Signature: b"\x8...
2024-11-05 16:05:37,528 - INFO - Transaction created: Sender: 181..., Recipient: 272..., Amount: 10
2024-11-05 16:05:37,528 - DEBUG - Transaction hash calculated: b7a78...
2024-11-05 16:05:37,528 - INFO - Transaction signed. Signature: b"~cU...
2024-11-05 16:05:37,570 - INFO - Transaction created: Sender: 255..., Recipient: 232..., Amount: 30
2024-11-05 16:05:37,570 - DEBUG - Transaction hash calculated: 4459f...
2024-11-05 16:05:37,571 - INFO - Transaction signed. Signature: b"\x1...
2024-11-05 16:05:37,582 - DEBUG - Transaction hash calculated: 0827a...
2024-11-05 16:05:37,583 - DEBUG - Signature verification succeeded
2024-11-05 16:05:37,583 - DEBUG - Transaction hash calculated: b7a78...
2024-11-05 16:05:37,583 - DEBUG - Signature verification succeeded
2024-11-05 16:05:37,583 - DEBUG - Transaction hash calculated: 4459f...
2024-11-05 16:05:37,583 - DEBUG - Signature verification succeeded
2024-11-05 16:05:37,960 - INFO - Transaction created: Sender: 288..., Recipient: 252..., Amount: 0
2024-11-05 16:05:37,976 - DEBUG - Transaction hash calculated: 151d1...
2024-11-05 16:05:37,991 - INFO - Transaction signed. Signature: b'i\x...
2024-11-05 16:05:38,069 - INFO - Transaction created: Sender: 186..., Recipient: 242..., Amount: 0
2024-11-05 16:05:38,069 - INFO - Transaction created: Sender: 204..., Recipient: 237..., Amount: 10
2024-11-05 16:05:38,085 - INFO - Transaction created: Sender: 222..., Recipient: 294..., Amount: 20
2024-11-05 16:05:38,116 - INFO - Transaction created: Sender: 202..., Recipient: 290..., Amount: 15
2024-11-05 16:05:38,132 - INFO - Transaction created: Sender: 181..., Recipient: 272..., Amount: 10
2024-11-05 16:05:38,132 - INFO - Transaction created: Sender: 255..., Recipient: 232..., Amount: 30
2024-11-05 16:05:38,600 - INFO - Transaction created: Sender: 224..., Recipient: 288..., Amount: 0
2024-11-05 16:05:38,648 - DEBUG - Transaction hash calculated: 6edcf...
2024-11-05 16:05:38,649 - INFO - Transaction signed. Signature: b'\x1...
2024-11-05 16:05:38,651 - INFO - Transaction created: Sender: 186..., Recipient: 242..., Amount: 0
2024-11-05 16:05:38,726 - INFO - Transaction created: Sender: 204..., Recipient: 237..., Amount: 10
2024-11-05 16:05:38,726 - INFO - Transaction created: Sender: 222..., Recipient: 294..., Amount: 20
2024-11-05 16:05:38,727 - INFO - Transaction created: Sender: 202..., Recipient: 290..., Amount: 15
2024-11-05 16:05:38,727 - INFO - Transaction created: Sender: 181..., Recipient: 272..., Amount: 10
2024-11-05 16:05:38,727 - INFO - Transaction created: Sender: 255..., Recipient: 232..., Amount: 30
2024-11-05 16:06:01,175 - INFO - Transaction created: Sender: 199..., Recipient: 257..., Amount: 0
2024-11-05 16:06:01,175 - DEBUG - Transaction hash calculated: c2e4a...
2024-11-05 16:06:01,176 - INFO - Transaction signed. Signature: b'\x0...
2024-11-05 16:06:01,259 - INFO - Transaction created: Sender: 236..., Recipient: 304..., Amount: 10
2024-11-05 16:06:01,259 - DEBUG - Transaction hash calculated: d321a...
2024-11-05 16:06:01,259 - INFO - Transaction signed. Signature: b"dE\...
2024-11-05 16:06:01,380 - INFO - Transaction created: Sender: 209..., Recipient: 262..., Amount: 20
2024-11-05 16:06:01,380 - DEBUG - Transaction hash calculated: 600ac...
2024-11-05 16:06:01,381 - INFO - Transaction signed. Signature: b"\x9...
2024-11-05 16:06:01,381 - DEBUG - Transaction hash calculated: d321a...
2024-11-05 16:06:01,381 - DEBUG - Signature verification succeeded
2024-11-05 16:06:01,381 - DEBUG - Transaction hash calculated: 600ac...
2024-11-05 16:06:01,381 - DEBUG - Signature verification succeeded
2024-11-05 16:06:01,476 - INFO - Transaction created: Sender: 228..., Recipient: 237..., Amount: 15
2024-11-05 16:06:01,476 - DEBUG - Transaction hash calculated: 0b6af...
2024-11-05 16:06:01,477 - INFO - Transaction signed. Signature: b'r/\...
2024-11-05 16:06:01,558 - INFO - Transaction created: Sender: 184..., Recipient: 227..., Amount: 10
2024-11-05 16:06:01,558 - DEBUG - Transaction hash calculated: 9ee5f...
2024-11-05 16:06:01,559 - INFO - Transaction signed. Signature: b'\x8...
2024-11-05 16:06:01,619 - INFO - Transaction created: Sender: 243..., Recipient: 202..., Amount: 30
2024-11-05 16:06:01,619 - DEBUG - Transaction hash calculated: 707fa...
2024-11-05 16:06:01,620 - INFO - Transaction signed. Signature: b'qm\...
2024-11-05 16:06:01,624 - DEBUG - Transaction hash calculated: 0b6af...
2024-11-05 16:06:01,624 - DEBUG - Signature verification succeeded
2024-11-05 16:06:01,624 - DEBUG - Transaction hash calculated: 9ee5f...
2024-11-05 16:06:01,624 - DEBUG - Signature verification succeeded
2024-11-05 16:06:01,624 - DEBUG - Transaction hash calculated: 707fa...
2024-11-05 16:06:01,624 - DEBUG - Signature verification succeeded
2024-11-05 16:06:01,972 - INFO - Transaction created: Sender: 288..., Recipient: 237..., Amount: 0
2024-11-05 16:06:01,972 - DEBUG - Transaction hash calculated: e8bcc...
2024-11-05 16:06:01,973 - INFO - Transaction signed. Signature: b"\x0...
2024-11-05 16:06:02,004 - INFO - Transaction created: Sender: 199..., Recipient: 257..., Amount: 0
2024-11-05 16:06:02,004 - INFO - Transaction created: Sender: 236..., Recipient: 304..., Amount: 10
2024-11-05 16:06:02,005 - INFO - Transaction created: Sender: 209..., Recipient: 262..., Amount: 20
2024-11-05 16:06:02,019 - INFO - Transaction created: Sender: 228..., Recipient: 237..., Amount: 15
2024-11-05 16:06:02,019 - INFO - Transaction created: Sender: 184..., Recipient: 227..., Amount: 10
2024-11-05 16:06:02,019 - INFO - Transaction created: Sender: 243..., Recipient: 202..., Amount: 30
2024-11-05 16:06:02,439 - INFO - Transaction created: Sender: 282..., Recipient: 193..., Amount: 0
2024-11-05 16:06:02,456 - DEBUG - Transaction hash calculated: 974f4...
2024-11-05 16:06:02,471 - INFO - Transaction signed. Signature: b"P;@...
2024-11-05 16:06:02,548 - INFO - Transaction created: Sender: 199..., Recipient: 257..., Amount: 0
2024-11-05 16:06:02,596 - INFO - Transaction created: Sender: 236..., Recipient: 304..., Amount: 10
2024-11-05 16:06:02,611 - INFO - Transaction created: Sender: 209..., Recipient: 262..., Amount: 20
2024-11-05 16:06:02,658 - INFO - Transaction created: Sender: 228..., Recipient: 237..., Amount: 15
2024-11-05 16:06:02,674 - INFO - Transaction created: Sender: 184..., Recipient: 227..., Amount: 10
2024-11-05 16:06:02,783 - INFO - Transaction created: Sender: 243..., Recipient: 202..., Amount: 30
2024-11-05 16:08:21,533 - INFO - Transaction created: Sender: 228..., Recipient: 180..., Amount: 0
2024-11-05 16:08:21,533 - DEBUG - Transaction hash calculated: 2d8ae...
2024-11-05 16:08:21,535 - INFO - Transaction signed. Signature: b"u\x...
2024-11-05 16:08:21,642 - INFO - Transaction created: Sender: 222..., Recipient: 309..., Amount: 10
2024-11-05 16:08:21,642 - DEBUG - Transaction hash calculated: e86f5...
2024-11-05 16:08:21,643 - INFO - Transaction signed. Signature: b'S\x...
2024-11-05 16:08:21,705 - INFO - Transaction created: Sender: 216..., Recipient: 255..., Amount: 20
2024-11-05 16:08:21,705 - DEBUG - Transaction hash calculated: f2a75...
2024-11-05 16:08:21,706 - INFO - Transaction signed. Signature: b'm\x...
2024-11-05 16:08:21,706 - DEBUG - Transaction hash calculated: e86f5...
2024-11-05 16:08:21,706 - DEBUG - Signature verification succeeded
2024-11-05 16:08:21,706 - DEBUG - Transaction hash calculated: f2a75...
2024-11-05 16:08:21,706 - DEBUG - Signature verification succeeded
2024-11-05 16:08:21,769 - INFO - Transaction created: Sender: 225..., Recipient: 213..., Amount: 15
2024-11-05 16:08:21,770 - DEBUG - Transaction hash calculated: c3389...
2024-11-05 16:08:21,770 - INFO - Transaction signed. Signature: b'\x8...
2024-11-05 16:08:21,804 - INFO - Transaction created: Sender: 239..., Recipient: 174..., Amount: 10
2024-11-05 16:08:21,804 - DEBUG - Transaction hash calculated: 7a0fd...
2024-11-05 16:08:21,805 - INFO - Transaction signed. Signature: b'\xa...
2024-11-05 16:08:21,874 - INFO - Transaction created: Sender: 177..., Recipient: 211..., Amount: 30
2024-11-05 16:08:21,874 - DEBUG - Transaction hash calculated: 78362...
2024-11-05 16:08:21,875 - INFO - Transaction signed. Signature: b'/4\...
2024-11-05 16:08:21,880 - DEBUG - Transaction hash calculated: c3389...
2024-11-05 16:08:21,880 - DEBUG - Signature verification succeeded
2024-11-05 16:08:21,880 - DEBUG - Transaction hash calculated: 7a0fd...
2024-11-05 16:08:21,880 - DEBUG - Signature verification succeeded
2024-11-05 16:08:21,880 - DEBUG - Transaction hash calculated: 78362...
2024-11-05 16:08:21,880 - DEBUG - Signature verification succeeded
2024-11-05 16:08:22,139 - INFO - Transaction created: Sender: 258..., Recipient: 300..., Amount: 0
2024-11-05 16:08:22,155 - DEBUG - Transaction hash calculated: e546e...
2024-11-05 16:08:22,155 - INFO - Transaction signed. Signature: b'{\x...
2024-11-05 16:08:22,171 - INFO - Transaction created: Sender: 228..., Recipient: 180..., Amount: 0
2024-11-05 16:08:22,171 - INFO - Transaction created: Sender: 222..., Recipient: 309..., Amount: 10
2024-11-05 16:08:22,171 - INFO - Transaction created: Sender: 216..., Recipient: 255..., Amount: 20
2024-11-05 16:08:22,171 - INFO - Transaction created: Sender: 225..., Recipient: 213..., Amount: 15
2024-11-05 16:08:22,186 - INFO - Transaction created: Sender: 239..., Recipient: 174..., Amount: 10
2024-11-05 16:08:22,201 - INFO - Transaction created: Sender: 177..., Recipient: 211..., Amount: 30
2024-11-05 16:08:22,525 - INFO - Transaction created: Sender: 201..., Recipient: 245..., Amount: 0
2024-11-05 16:08:22,525 - DEBUG - Transaction hash calculated: 138c6...
2024-11-05 16:08:22,525 - INFO - Transaction signed. Signature: b'"\x...
2024-11-05 16:08:22,591 - INFO - Transaction created: Sender: 228..., Recipient: 180..., Amount: 0
2024-11-05 16:08:22,622 - INFO - Transaction created: Sender: 222..., Recipient: 309..., Amount: 10
2024-11-05 16:08:22,622 - INFO - Transaction created: Sender: 216..., Recipient: 255..., Amount: 20
2024-11-05 16:08:22,747 - INFO - Transaction created: Sender: 225..., Recipient: 213..., Amount: 15
2024-11-05 16:08:22,747 - INFO - Transaction created: Sender: 239..., Recipient: 174..., Amount: 10
2024-11-05 16:08:22,794 - INFO - Transaction created: Sender: 177..., Recipient: 211..., Amount: 30
2024-11-05 16:08:30,318 - INFO - Transaction created: Sender: 254..., Recipient: 220..., Amount: 0
2024-11-05 16:08:30,318 - DEBUG - Transaction hash calculated: 13529...
2024-11-05 16:08:30,319 - INFO - Transaction signed. Signature: b'mL\...
2024-11-05 16:08:30,348 - INFO - Transaction created: Sender: 210..., Recipient: 238..., Amount: 10
2024-11-05 16:08:30,348 - DEBUG - Transaction hash calculated: 855c7...
2024-11-05 16:08:30,349 - INFO - Transaction signed. Signature: b"fA\...
2024-11-05 16:08:30,412 - INFO - Transaction created: Sender: 259..., Recipient: 257..., Amount: 20
2024-11-05 16:08:30,413 - DEBUG - Transaction hash calculated: f5231...
2024-11-05 16:08:30,413 - INFO - Transaction signed. Signature: b'O\x...
2024-11-05 16:08:30,414 - DEBUG - Transaction hash calculated: 855c7...
2024-11-05 16:08:30,414 - DEBUG - Signature verification succeeded
2024-11-05 16:08:30,414 - DEBUG - Transaction hash calculated: f5231...
2024-11-05 16:08:30,414 - DEBUG - Signature verification succeeded
2024-11-05 16:08:30,477 - INFO - Transaction created: Sender: 275..., Recipient: 194..., Amount: 15
2024-11-05 16:08:30,477 - DEBUG - Transaction hash calculated: fe4f9...
2024-11-05 16:08:30,478 - INFO - Transaction signed. Signature: b'\x0...
2024-11-05 16:08:30,526 - INFO - Transaction created: Sender: 280..., Recipient: 229..., Amount: 10
2024-11-05 16:08:30,527 - DEBUG - Transaction hash calculated: 4b609...
2024-11-05 16:08:30,527 - INFO - Transaction signed. Signature: b'V,K...
2024-11-05 16:08:30,585 - INFO - Transaction created: Sender: 229..., Recipient: 236..., Amount: 30
2024-11-05 16:08:30,585 - DEBUG - Transaction hash calculated: 1fc31...
2024-11-05 16:08:30,586 - INFO - Transaction signed. Signature: b'\x1...
2024-11-05 16:08:30,589 - DEBUG - Transaction hash calculated: fe4f9...
2024-11-05 16:08:30,589 - DEBUG - Signature verification succeeded
2024-11-05 16:08:30,589 - DEBUG - Transaction hash calculated: 4b609...
2024-11-05 16:08:30,589 - DEBUG - Signature verification succeeded
2024-11-05 16:08:30,589 - DEBUG - Transaction hash calculated: 1fc31...
2024-11-05 16:08:30,589 - DEBUG - Signature verification succeeded
2024-11-05 16:08:30,905 - INFO - Transaction created: Sender: 258..., Recipient: 229..., Amount: 0
2024-11-05 16:08:30,905 - DEBUG - Transaction hash calculated: 44f8a...
2024-11-05 16:08:30,921 - INFO - Transaction signed. Signature: b"\x9...
2024-11-05 16:08:30,936 - INFO - Transaction created: Sender: 254..., Recipient: 220..., Amount: 0
2024-11-05 16:08:30,967 - INFO - Transaction created: Sender: 210..., Recipient: 238..., Amount: 10
2024-11-05 16:08:30,983 - INFO - Transaction created: Sender: 259..., Recipient: 257..., Amount: 20
2024-11-05 16:08:31,015 - INFO - Transaction created: Sender: 275..., Recipient: 194..., Amount: 15
2024-11-05 16:08:31,030 - INFO - Transaction created: Sender: 280..., Recipient: 229..., Amount: 10
2024-11-05 16:08:31,047 - INFO - Transaction created: Sender: 229..., Recipient: 236..., Amount: 30
2024-11-05 16:08:31,528 - INFO - Transaction created: Sender: 210..., Recipient: 221..., Amount: 0
2024-11-05 16:08:31,559 - DEBUG - Transaction hash calculated: c5ebd...
2024-11-05 16:08:31,592 - INFO - Transaction signed. Signature: b"8!>...
2024-11-05 16:08:31,776 - INFO - Transaction created: Sender: 254..., Recipient: 220..., Amount: 0
2024-11-05 16:08:31,839 - INFO - Transaction created: Sender: 210..., Recipient: 238..., Amount: 10
2024-11-05 16:08:31,839 - INFO - Transaction created: Sender: 259..., Recipient: 257..., Amount: 20
2024-11-05 16:08:31,979 - INFO - Transaction created: Sender: 275..., Recipient: 194..., Amount: 15
2024-11-05 16:08:31,979 - INFO - Transaction created: Sender: 280..., Recipient: 229..., Amount: 10
2024-11-05 16:08:31,979 - INFO - Transaction created: Sender: 229..., Recipient: 236..., Amount: 30
